CRITICAL - 2024-06-17 18:15:44 --> ParseError: syntax error, unexpected variable "$data"
in APPPATH\Controllers\Rest.php on line 144.
 1 SYSTEMPATH\Autoloader\Autoloader.php(288): CodeIgniter\Autoloader\Autoloader->includeFile('C:\\Users\\vinic\\OneDrive\\Área de Trabalho\\Inova Desenvolvimento\\Pix Catalogo\\aplicativo\\app\\Controllers\\Rest.php')
 2 SYSTEMPATH\Autoloader\Autoloader.php(266): CodeIgniter\Autoloader\Autoloader->loadInNamespace('App\\Controllers\\Rest')
 3 [internal function]: CodeIgniter\Autoloader\Autoloader->loadClass('App\\Controllers\\Rest')
 4 SYSTEMPATH\CodeIgniter.php(899): class_exists('\\App\\Controllers\\Rest', true)
 5 SYSTEMPATH\CodeIgniter.php(489): CodeIgniter\CodeIgniter->startController()
 6 SYSTEMPATH\CodeIgniter.php(361): CodeIgniter\CodeIgniter->handleRequest(null, Object(Config\Cache), false)
 7 FCPATH\index.php(79): CodeIgniter\CodeIgniter->run()
CRITICAL - 2024-06-17 18:15:45 --> ParseError: syntax error, unexpected variable "$data"
in APPPATH\Controllers\Rest.php on line 144.
 1 SYSTEMPATH\Autoloader\Autoloader.php(288): CodeIgniter\Autoloader\Autoloader->includeFile('C:\\Users\\vinic\\OneDrive\\Área de Trabalho\\Inova Desenvolvimento\\Pix Catalogo\\aplicativo\\app\\Controllers\\Rest.php')
 2 SYSTEMPATH\Autoloader\Autoloader.php(266): CodeIgniter\Autoloader\Autoloader->loadInNamespace('App\\Controllers\\Rest')
 3 [internal function]: CodeIgniter\Autoloader\Autoloader->loadClass('App\\Controllers\\Rest')
 4 SYSTEMPATH\CodeIgniter.php(899): class_exists('\\App\\Controllers\\Rest', true)
 5 SYSTEMPATH\CodeIgniter.php(489): CodeIgniter\CodeIgniter->startController()
 6 SYSTEMPATH\CodeIgniter.php(361): CodeIgniter\CodeIgniter->handleRequest(null, Object(Config\Cache), false)
 7 FCPATH\index.php(79): CodeIgniter\CodeIgniter->run()
CRITICAL - 2024-06-17 18:16:31 --> ParseError: syntax error, unexpected variable "$data"
in APPPATH\Controllers\Rest.php on line 144.
 1 SYSTEMPATH\Autoloader\Autoloader.php(288): CodeIgniter\Autoloader\Autoloader->includeFile('C:\\Users\\vinic\\OneDrive\\Área de Trabalho\\Inova Desenvolvimento\\Pix Catalogo\\aplicativo\\app\\Controllers\\Rest.php')
 2 SYSTEMPATH\Autoloader\Autoloader.php(266): CodeIgniter\Autoloader\Autoloader->loadInNamespace('App\\Controllers\\Rest')
 3 [internal function]: CodeIgniter\Autoloader\Autoloader->loadClass('App\\Controllers\\Rest')
 4 SYSTEMPATH\CodeIgniter.php(899): class_exists('\\App\\Controllers\\Rest', true)
 5 SYSTEMPATH\CodeIgniter.php(489): CodeIgniter\CodeIgniter->startController()
 6 SYSTEMPATH\CodeIgniter.php(361): CodeIgniter\CodeIgniter->handleRequest(null, Object(Config\Cache), false)
 7 FCPATH\index.php(79): CodeIgniter\CodeIgniter->run()
CRITICAL - 2024-06-17 18:16:31 --> ParseError: syntax error, unexpected variable "$data"
in APPPATH\Controllers\Rest.php on line 144.
 1 SYSTEMPATH\Autoloader\Autoloader.php(288): CodeIgniter\Autoloader\Autoloader->includeFile('C:\\Users\\vinic\\OneDrive\\Área de Trabalho\\Inova Desenvolvimento\\Pix Catalogo\\aplicativo\\app\\Controllers\\Rest.php')
 2 SYSTEMPATH\Autoloader\Autoloader.php(266): CodeIgniter\Autoloader\Autoloader->loadInNamespace('App\\Controllers\\Rest')
 3 [internal function]: CodeIgniter\Autoloader\Autoloader->loadClass('App\\Controllers\\Rest')
 4 SYSTEMPATH\CodeIgniter.php(899): class_exists('\\App\\Controllers\\Rest', true)
 5 SYSTEMPATH\CodeIgniter.php(489): CodeIgniter\CodeIgniter->startController()
 6 SYSTEMPATH\CodeIgniter.php(361): CodeIgniter\CodeIgniter->handleRequest(null, Object(Config\Cache), false)
 7 FCPATH\index.php(79): CodeIgniter\CodeIgniter->run()
CRITICAL - 2024-06-17 18:17:09 --> ParseError: syntax error, unexpected variable "$data"
in APPPATH\Controllers\Rest.php on line 144.
 1 SYSTEMPATH\Autoloader\Autoloader.php(288): CodeIgniter\Autoloader\Autoloader->includeFile('C:\\Users\\vinic\\OneDrive\\Área de Trabalho\\Inova Desenvolvimento\\Pix Catalogo\\aplicativo\\app\\Controllers\\Rest.php')
 2 SYSTEMPATH\Autoloader\Autoloader.php(266): CodeIgniter\Autoloader\Autoloader->loadInNamespace('App\\Controllers\\Rest')
 3 [internal function]: CodeIgniter\Autoloader\Autoloader->loadClass('App\\Controllers\\Rest')
 4 SYSTEMPATH\CodeIgniter.php(899): class_exists('\\App\\Controllers\\Rest', true)
 5 SYSTEMPATH\CodeIgniter.php(489): CodeIgniter\CodeIgniter->startController()
 6 SYSTEMPATH\CodeIgniter.php(361): CodeIgniter\CodeIgniter->handleRequest(null, Object(Config\Cache), false)
 7 FCPATH\index.php(79): CodeIgniter\CodeIgniter->run()
CRITICAL - 2024-06-17 18:17:57 --> ErrorException: Undefined property: App\Controllers\Rest::$load
in APPPATH\Controllers\Rest.php on line 24.
 1 APPPATH\Controllers\Rest.php(24): CodeIgniter\Debug\Exceptions->errorHandler(2, 'Undefined property: App\\Controllers\\Rest::$load', 'C:\\Users\\vinic\\OneDrive\\Área de Trabalho\\Inova Desenvolvimento\\Pix Catalogo\\aplicativo\\app\\Controllers\\Rest.php', 24)
 2 SYSTEMPATH\CodeIgniter.php(913): App\Controllers\Rest->__construct()
 3 SYSTEMPATH\CodeIgniter.php(493): CodeIgniter\CodeIgniter->createController()
 4 SYSTEMPATH\CodeIgniter.php(361): CodeIgniter\CodeIgniter->handleRequest(null, Object(Config\Cache), false)
 5 FCPATH\index.php(79): CodeIgniter\CodeIgniter->run()
