ERROR - 2024-07-01 17:29:56 --> Error connecting to the database: mysqli_sql_exception: Uma tentativa de conexão falhou porque o componente conectado não respondeu
corretamente após um período de tempo ou a conexão estabelecida falhou
porque o host conectado não respondeu in C:\Users\vinic\OneDrive\Área de Trabalho\Inova Desenvolvimento\Pix Catalogo\aplicativo\vendor\codeigniter4\framework\system\Database\MySQLi\Connection.php:184
Stack trace:
#0 C:\Users\vinic\OneDrive\Área de Trabalho\Inova Desenvolvimento\Pix Catalogo\aplicativo\vendor\codeigniter4\framework\system\Database\MySQLi\Connection.php(184): mysqli->real_connect('162.240.168.181', 'pixcatalogo', Object(SensitiveParameterValue), 'pixcatalogo_app', 3306, '', 0)
#1 C:\Users\vinic\OneDrive\Área de Trabalho\Inova Desenvolvimento\Pix Catalogo\aplicativo\vendor\codeigniter4\framework\system\Database\BaseConnection.php(392): CodeIgniter\Database\MySQLi\Connection->connect(false)
#2 C:\Users\vinic\OneDrive\Área de Trabalho\Inova Desenvolvimento\Pix Catalogo\aplicativo\vendor\codeigniter4\framework\system\Database\BaseConnection.php(575): CodeIgniter\Database\BaseConnection->initialize()
#3 C:\Users\vinic\OneDrive\Área de Trabalho\Inova Desenvolvimento\Pix Catalogo\aplicativo\vendor\codeigniter4\framework\system\Database\BaseBuilder.php(1616): CodeIgniter\Database\BaseConnection->query('SELECT *\nFROM `...', Array, false)
#4 C:\Users\vinic\OneDrive\Área de Trabalho\Inova Desenvolvimento\Pix Catalogo\aplicativo\vendor\codeigniter4\framework\system\Model.php(242): CodeIgniter\Database\BaseBuilder->get()
#5 C:\Users\vinic\OneDrive\Área de Trabalho\Inova Desenvolvimento\Pix Catalogo\aplicativo\vendor\codeigniter4\framework\system\BaseModel.php(638): CodeIgniter\Model->doFindAll(0, 0)
#6 C:\Users\vinic\OneDrive\Área de Trabalho\Inova Desenvolvimento\Pix Catalogo\aplicativo\app\Models\BannerModel.php(21): CodeIgniter\BaseModel->findAll()
#7 C:\Users\vinic\OneDrive\Área de Trabalho\Inova Desenvolvimento\Pix Catalogo\aplicativo\app\Controllers\App.php(22): App\Models\BannerModel->listar_banners()
#8 C:\Users\vinic\OneDrive\Área de Trabalho\Inova Desenvolvimento\Pix Catalogo\aplicativo\vendor\codeigniter4\framework\system\CodeIgniter.php(941): App\Controllers\App->index()
#9 C:\Users\vinic\OneDrive\Área de Trabalho\Inova Desenvolvimento\Pix Catalogo\aplicativo\vendor\codeigniter4\framework\system\CodeIgniter.php(502): CodeIgniter\CodeIgniter->runController(Object(App\Controllers\App))
#10 C:\Users\vinic\OneDrive\Área de Trabalho\Inova Desenvolvimento\Pix Catalogo\aplicativo\vendor\codeigniter4\framework\system\CodeIgniter.php(361): CodeIgniter\CodeIgniter->handleRequest(NULL, Object(Config\Cache), false)
#11 C:\Users\vinic\OneDrive\Área de Trabalho\Inova Desenvolvimento\Pix Catalogo\aplicativo\index.php(79): CodeIgniter\CodeIgniter->run()
#12 {main}

Next CodeIgniter\Database\Exceptions\DatabaseException: Uma tentativa de conexão falhou porque o componente conectado não respondeu
corretamente após um período de tempo ou a conexão estabelecida falhou
porque o host conectado não respondeu in C:\Users\vinic\OneDrive\Área de Trabalho\Inova Desenvolvimento\Pix Catalogo\aplicativo\vendor\codeigniter4\framework\system\Database\MySQLi\Connection.php:229
Stack trace:
#0 C:\Users\vinic\OneDrive\Área de Trabalho\Inova Desenvolvimento\Pix Catalogo\aplicativo\vendor\codeigniter4\framework\system\Database\BaseConnection.php(392): CodeIgniter\Database\MySQLi\Connection->connect(false)
#1 C:\Users\vinic\OneDrive\Área de Trabalho\Inova Desenvolvimento\Pix Catalogo\aplicativo\vendor\codeigniter4\framework\system\Database\BaseConnection.php(575): CodeIgniter\Database\BaseConnection->initialize()
#2 C:\Users\vinic\OneDrive\Área de Trabalho\Inova Desenvolvimento\Pix Catalogo\aplicativo\vendor\codeigniter4\framework\system\Database\BaseBuilder.php(1616): CodeIgniter\Database\BaseConnection->query('SELECT *\nFROM `...', Array, false)
#3 C:\Users\vinic\OneDrive\Área de Trabalho\Inova Desenvolvimento\Pix Catalogo\aplicativo\vendor\codeigniter4\framework\system\Model.php(242): CodeIgniter\Database\BaseBuilder->get()
#4 C:\Users\vinic\OneDrive\Área de Trabalho\Inova Desenvolvimento\Pix Catalogo\aplicativo\vendor\codeigniter4\framework\system\BaseModel.php(638): CodeIgniter\Model->doFindAll(0, 0)
#5 C:\Users\vinic\OneDrive\Área de Trabalho\Inova Desenvolvimento\Pix Catalogo\aplicativo\app\Models\BannerModel.php(21): CodeIgniter\BaseModel->findAll()
#6 C:\Users\vinic\OneDrive\Área de Trabalho\Inova Desenvolvimento\Pix Catalogo\aplicativo\app\Controllers\App.php(22): App\Models\BannerModel->listar_banners()
#7 C:\Users\vinic\OneDrive\Área de Trabalho\Inova Desenvolvimento\Pix Catalogo\aplicativo\vendor\codeigniter4\framework\system\CodeIgniter.php(941): App\Controllers\App->index()
#8 C:\Users\vinic\OneDrive\Área de Trabalho\Inova Desenvolvimento\Pix Catalogo\aplicativo\vendor\codeigniter4\framework\system\CodeIgniter.php(502): CodeIgniter\CodeIgniter->runController(Object(App\Controllers\App))
#9 C:\Users\vinic\OneDrive\Área de Trabalho\Inova Desenvolvimento\Pix Catalogo\aplicativo\vendor\codeigniter4\framework\system\CodeIgniter.php(361): CodeIgniter\CodeIgniter->handleRequest(NULL, Object(Config\Cache), false)
#10 C:\Users\vinic\OneDrive\Área de Trabalho\Inova Desenvolvimento\Pix Catalogo\aplicativo\index.php(79): CodeIgniter\CodeIgniter->run()
#11 {main}
CRITICAL - 2024-07-01 17:29:56 --> CodeIgniter\Database\Exceptions\DatabaseException: Unable to connect to the database.
Main connection [MySQLi]: Uma tentativa de conexão falhou porque o componente conectado não respondeu
corretamente após um período de tempo ou a conexão estabelecida falhou
porque o host conectado não respondeu
in SYSTEMPATH\Database\BaseConnection.php on line 428.
 1 SYSTEMPATH\Database\BaseConnection.php(575): CodeIgniter\Database\BaseConnection->initialize()
 2 SYSTEMPATH\Database\BaseBuilder.php(1616): CodeIgniter\Database\BaseConnection->query('SELECT *
FROM `banners`', [], false)
 3 SYSTEMPATH\Model.php(242): CodeIgniter\Database\BaseBuilder->get()
 4 SYSTEMPATH\BaseModel.php(638): CodeIgniter\Model->doFindAll(0, 0)
 5 APPPATH\Models\BannerModel.php(21): CodeIgniter\BaseModel->findAll()
 6 APPPATH\Controllers\App.php(22): App\Models\BannerModel->listar_banners()
 7 SYSTEMPATH\CodeIgniter.php(941): App\Controllers\App->index()
 8 SYSTEMPATH\CodeIgniter.php(502): CodeIgniter\CodeIgniter->runController(Object(App\Controllers\App))
 9 SYSTEMPATH\CodeIgniter.php(361): CodeIgniter\CodeIgniter->handleRequest(null, Object(Config\Cache), false)
10 FCPATH\index.php(79): CodeIgniter\CodeIgniter->run()
