ERROR - 2024-04-18 16:51:52 --> Error connecting to the database: mysqli_sql_exception: Uma tentativa de conexão falhou porque o componente conectado não respondeu
corretamente após um período de tempo ou a conexão estabelecida falhou
porque o host conectado não respondeu in C:\Users\vinic\OneDrive\Área de Trabalho\Trabalhos\Pix Catalogo\catalogo.pixcatalogo.com.br\catalogo.pixcatalogo.com.br\vendor\codeigniter4\framework\system\Database\MySQLi\Connection.php:184
Stack trace:
#0 C:\Users\vinic\OneDrive\Área de Trabalho\Trabalhos\Pix Catalogo\catalogo.pixcatalogo.com.br\catalogo.pixcatalogo.com.br\vendor\codeigniter4\framework\system\Database\MySQLi\Connection.php(184): mysqli->real_connect('15.235.117.162', 'pixcatalogo', Object(SensitiveParameterValue), 'pixcatalogo_app', 3306, '', 0)
#1 C:\Users\vinic\OneDrive\Área de Trabalho\Trabalhos\Pix Catalogo\catalogo.pixcatalogo.com.br\catalogo.pixcatalogo.com.br\vendor\codeigniter4\framework\system\Database\BaseConnection.php(392): CodeIgniter\Database\MySQLi\Connection->connect(false)
#2 C:\Users\vinic\OneDrive\Área de Trabalho\Trabalhos\Pix Catalogo\catalogo.pixcatalogo.com.br\catalogo.pixcatalogo.com.br\vendor\codeigniter4\framework\system\Database\BaseConnection.php(575): CodeIgniter\Database\BaseConnection->initialize()
#3 C:\Users\vinic\OneDrive\Área de Trabalho\Trabalhos\Pix Catalogo\catalogo.pixcatalogo.com.br\catalogo.pixcatalogo.com.br\vendor\codeigniter4\framework\system\Database\BaseBuilder.php(1616): CodeIgniter\Database\BaseConnection->query('SELECT DISTINCT...', Array, false)
#4 C:\Users\vinic\OneDrive\Área de Trabalho\Trabalhos\Pix Catalogo\catalogo.pixcatalogo.com.br\catalogo.pixcatalogo.com.br\vendor\codeigniter4\framework\system\Model.php(242): CodeIgniter\Database\BaseBuilder->get()
#5 C:\Users\vinic\OneDrive\Área de Trabalho\Trabalhos\Pix Catalogo\catalogo.pixcatalogo.com.br\catalogo.pixcatalogo.com.br\vendor\codeigniter4\framework\system\BaseModel.php(638): CodeIgniter\Model->doFindAll(0, 0)
#6 C:\Users\vinic\OneDrive\Área de Trabalho\Trabalhos\Pix Catalogo\catalogo.pixcatalogo.com.br\catalogo.pixcatalogo.com.br\app\Models\LinhaModel.php(15): CodeIgniter\BaseModel->findAll()
#7 C:\Users\vinic\OneDrive\Área de Trabalho\Trabalhos\Pix Catalogo\catalogo.pixcatalogo.com.br\catalogo.pixcatalogo.com.br\app\Controllers\Rest.php(82): App\Models\LinhaModel->listarLinhas()
#8 C:\Users\vinic\OneDrive\Área de Trabalho\Trabalhos\Pix Catalogo\catalogo.pixcatalogo.com.br\catalogo.pixcatalogo.com.br\vendor\codeigniter4\framework\system\CodeIgniter.php(941): App\Controllers\Rest->linha()
#9 C:\Users\vinic\OneDrive\Área de Trabalho\Trabalhos\Pix Catalogo\catalogo.pixcatalogo.com.br\catalogo.pixcatalogo.com.br\vendor\codeigniter4\framework\system\CodeIgniter.php(502): CodeIgniter\CodeIgniter->runController(Object(App\Controllers\Rest))
#10 C:\Users\vinic\OneDrive\Área de Trabalho\Trabalhos\Pix Catalogo\catalogo.pixcatalogo.com.br\catalogo.pixcatalogo.com.br\vendor\codeigniter4\framework\system\CodeIgniter.php(361): CodeIgniter\CodeIgniter->handleRequest(NULL, Object(Config\Cache), false)
#11 C:\Users\vinic\OneDrive\Área de Trabalho\Trabalhos\Pix Catalogo\catalogo.pixcatalogo.com.br\catalogo.pixcatalogo.com.br\index.php(79): CodeIgniter\CodeIgniter->run()
#12 {main}

Next CodeIgniter\Database\Exceptions\DatabaseException: Uma tentativa de conexão falhou porque o componente conectado não respondeu
corretamente após um período de tempo ou a conexão estabelecida falhou
porque o host conectado não respondeu in C:\Users\vinic\OneDrive\Área de Trabalho\Trabalhos\Pix Catalogo\catalogo.pixcatalogo.com.br\catalogo.pixcatalogo.com.br\vendor\codeigniter4\framework\system\Database\MySQLi\Connection.php:229
Stack trace:
#0 C:\Users\vinic\OneDrive\Área de Trabalho\Trabalhos\Pix Catalogo\catalogo.pixcatalogo.com.br\catalogo.pixcatalogo.com.br\vendor\codeigniter4\framework\system\Database\BaseConnection.php(392): CodeIgniter\Database\MySQLi\Connection->connect(false)
#1 C:\Users\vinic\OneDrive\Área de Trabalho\Trabalhos\Pix Catalogo\catalogo.pixcatalogo.com.br\catalogo.pixcatalogo.com.br\vendor\codeigniter4\framework\system\Database\BaseConnection.php(575): CodeIgniter\Database\BaseConnection->initialize()
#2 C:\Users\vinic\OneDrive\Área de Trabalho\Trabalhos\Pix Catalogo\catalogo.pixcatalogo.com.br\catalogo.pixcatalogo.com.br\vendor\codeigniter4\framework\system\Database\BaseBuilder.php(1616): CodeIgniter\Database\BaseConnection->query('SELECT DISTINCT...', Array, false)
#3 C:\Users\vinic\OneDrive\Área de Trabalho\Trabalhos\Pix Catalogo\catalogo.pixcatalogo.com.br\catalogo.pixcatalogo.com.br\vendor\codeigniter4\framework\system\Model.php(242): CodeIgniter\Database\BaseBuilder->get()
#4 C:\Users\vinic\OneDrive\Área de Trabalho\Trabalhos\Pix Catalogo\catalogo.pixcatalogo.com.br\catalogo.pixcatalogo.com.br\vendor\codeigniter4\framework\system\BaseModel.php(638): CodeIgniter\Model->doFindAll(0, 0)
#5 C:\Users\vinic\OneDrive\Área de Trabalho\Trabalhos\Pix Catalogo\catalogo.pixcatalogo.com.br\catalogo.pixcatalogo.com.br\app\Models\LinhaModel.php(15): CodeIgniter\BaseModel->findAll()
#6 C:\Users\vinic\OneDrive\Área de Trabalho\Trabalhos\Pix Catalogo\catalogo.pixcatalogo.com.br\catalogo.pixcatalogo.com.br\app\Controllers\Rest.php(82): App\Models\LinhaModel->listarLinhas()
#7 C:\Users\vinic\OneDrive\Área de Trabalho\Trabalhos\Pix Catalogo\catalogo.pixcatalogo.com.br\catalogo.pixcatalogo.com.br\vendor\codeigniter4\framework\system\CodeIgniter.php(941): App\Controllers\Rest->linha()
#8 C:\Users\vinic\OneDrive\Área de Trabalho\Trabalhos\Pix Catalogo\catalogo.pixcatalogo.com.br\catalogo.pixcatalogo.com.br\vendor\codeigniter4\framework\system\CodeIgniter.php(502): CodeIgniter\CodeIgniter->runController(Object(App\Controllers\Rest))
#9 C:\Users\vinic\OneDrive\Área de Trabalho\Trabalhos\Pix Catalogo\catalogo.pixcatalogo.com.br\catalogo.pixcatalogo.com.br\vendor\codeigniter4\framework\system\CodeIgniter.php(361): CodeIgniter\CodeIgniter->handleRequest(NULL, Object(Config\Cache), false)
#10 C:\Users\vinic\OneDrive\Área de Trabalho\Trabalhos\Pix Catalogo\catalogo.pixcatalogo.com.br\catalogo.pixcatalogo.com.br\index.php(79): CodeIgniter\CodeIgniter->run()
#11 {main}
CRITICAL - 2024-04-18 16:51:52 --> CodeIgniter\Database\Exceptions\DatabaseException: Unable to connect to the database.
Main connection [MySQLi]: Uma tentativa de conexão falhou porque o componente conectado não respondeu
corretamente após um período de tempo ou a conexão estabelecida falhou
porque o host conectado não respondeu
in SYSTEMPATH\Database\BaseConnection.php on line 428.
 1 SYSTEMPATH\Database\BaseConnection.php(575): CodeIgniter\Database\BaseConnection->initialize()
 2 SYSTEMPATH\Database\BaseBuilder.php(1616): CodeIgniter\Database\BaseConnection->query('SELECT DISTINCT *
FROM `linha`', [], false)
 3 SYSTEMPATH\Model.php(242): CodeIgniter\Database\BaseBuilder->get()
 4 SYSTEMPATH\BaseModel.php(638): CodeIgniter\Model->doFindAll(0, 0)
 5 APPPATH\Models\LinhaModel.php(15): CodeIgniter\BaseModel->findAll()
 6 APPPATH\Controllers\Rest.php(82): App\Models\LinhaModel->listarLinhas()
 7 SYSTEMPATH\CodeIgniter.php(941): App\Controllers\Rest->linha()
 8 SYSTEMPATH\CodeIgniter.php(502): CodeIgniter\CodeIgniter->runController(Object(App\Controllers\Rest))
 9 SYSTEMPATH\CodeIgniter.php(361): CodeIgniter\CodeIgniter->handleRequest(null, Object(Config\Cache), false)
10 FCPATH\index.php(79): CodeIgniter\CodeIgniter->run()
INFO - 2024-04-18 21:43:51 --> Session: Class initialized using 'CodeIgniter\Session\Handlers\FileHandler' driver.
WARNING - 2024-04-18 21:43:51 --> [DEPRECATED] Creation of dynamic property App\Controllers\Login::$M_login is deprecated in APPPATH\Controllers\Login.php on line 11.
 1 SYSTEMPATH\CodeIgniter.php(913): App\Controllers\Login->__construct()
 2 SYSTEMPATH\CodeIgniter.php(493): CodeIgniter\CodeIgniter->createController()
 3 SYSTEMPATH\CodeIgniter.php(361): CodeIgniter\CodeIgniter->handleRequest(null, Object(Config\Cache), false)
 4 FCPATH\index.php(79): CodeIgniter\CodeIgniter->run()
WARNING - 2024-04-18 21:43:55 --> [DEPRECATED] Creation of dynamic property App\Controllers\Login::$M_login is deprecated in APPPATH\Controllers\Login.php on line 11.
 1 SYSTEMPATH\CodeIgniter.php(913): App\Controllers\Login->__construct()
 2 SYSTEMPATH\CodeIgniter.php(493): CodeIgniter\CodeIgniter->createController()
 3 SYSTEMPATH\CodeIgniter.php(361): CodeIgniter\CodeIgniter->handleRequest(null, Object(Config\Cache), false)
 4 FCPATH\index.php(79): CodeIgniter\CodeIgniter->run()
INFO - 2024-04-18 21:43:56 --> Session: Class initialized using 'CodeIgniter\Session\Handlers\FileHandler' driver.
INFO - 2024-04-18 21:43:56 --> Session: Class initialized using 'CodeIgniter\Session\Handlers\FileHandler' driver.
WARNING - 2024-04-18 21:44:05 --> [DEPRECATED] Creation of dynamic property App\Controllers\Login::$M_login is deprecated in APPPATH\Controllers\Login.php on line 11.
 1 SYSTEMPATH\CodeIgniter.php(913): App\Controllers\Login->__construct()
 2 SYSTEMPATH\CodeIgniter.php(493): CodeIgniter\CodeIgniter->createController()
 3 SYSTEMPATH\CodeIgniter.php(361): CodeIgniter\CodeIgniter->handleRequest(null, Object(Config\Cache), false)
 4 FCPATH\index.php(79): CodeIgniter\CodeIgniter->run()
INFO - 2024-04-18 21:57:44 --> Session: Class initialized using 'CodeIgniter\Session\Handlers\FileHandler' driver.
CRITICAL - 2024-04-18 21:57:47 --> ErrorException: Undefined variable $configuracao
in APPPATH\Views\__header.php on line 28.
 1 APPPATH\Views\__header.php(28): CodeIgniter\Debug\Exceptions->errorHandler(2, 'Undefined variable $configuracao', 'C:\\Users\\vinic\\OneDrive\\Área de Trabalho\\Trabalhos\\Pix Catalogo\\catalogo.pixcatalogo.com.br\\catalogo.pixcatalogo.com.br\\app\\Views\\__header.php', 28)
 2 SYSTEMPATH\View\View.php(228): include('C:\\Users\\vinic\\OneDrive\\Área de Trabalho\\Trabalhos\\Pix Catalogo\\catalogo.pixcatalogo.com.br\\catalogo.pixcatalogo.com.br\\app\\Views\\__header.php')
 3 SYSTEMPATH\View\View.php(231): CodeIgniter\View\View->CodeIgniter\View\{closure}()
 4 SYSTEMPATH\Common.php(1178): CodeIgniter\View\View->render('__header', [], true)
 5 APPPATH\Controllers\Dashboard.php(37): view('__header')
 6 SYSTEMPATH\CodeIgniter.php(941): App\Controllers\Dashboard->index()
 7 SYSTEMPATH\CodeIgniter.php(502): CodeIgniter\CodeIgniter->runController(Object(App\Controllers\Dashboard))
 8 SYSTEMPATH\CodeIgniter.php(361): CodeIgniter\CodeIgniter->handleRequest(null, Object(Config\Cache), false)
 9 FCPATH\index.php(79): CodeIgniter\CodeIgniter->run()
INFO - 2024-04-18 21:57:48 --> Session: Class initialized using 'CodeIgniter\Session\Handlers\FileHandler' driver.
CRITICAL - 2024-04-18 21:57:51 --> ErrorException: Undefined variable $configuracao
in APPPATH\Views\__header.php on line 28.
 1 APPPATH\Views\__header.php(28): CodeIgniter\Debug\Exceptions->errorHandler(2, 'Undefined variable $configuracao', 'C:\\Users\\vinic\\OneDrive\\Área de Trabalho\\Trabalhos\\Pix Catalogo\\catalogo.pixcatalogo.com.br\\catalogo.pixcatalogo.com.br\\app\\Views\\__header.php', 28)
 2 SYSTEMPATH\View\View.php(228): include('C:\\Users\\vinic\\OneDrive\\Área de Trabalho\\Trabalhos\\Pix Catalogo\\catalogo.pixcatalogo.com.br\\catalogo.pixcatalogo.com.br\\app\\Views\\__header.php')
 3 SYSTEMPATH\View\View.php(231): CodeIgniter\View\View->CodeIgniter\View\{closure}()
 4 SYSTEMPATH\Common.php(1178): CodeIgniter\View\View->render('__header', [], true)
 5 APPPATH\Controllers\Dashboard.php(37): view('__header')
 6 SYSTEMPATH\CodeIgniter.php(941): App\Controllers\Dashboard->index()
 7 SYSTEMPATH\CodeIgniter.php(502): CodeIgniter\CodeIgniter->runController(Object(App\Controllers\Dashboard))
 8 SYSTEMPATH\CodeIgniter.php(361): CodeIgniter\CodeIgniter->handleRequest(null, Object(Config\Cache), false)
 9 FCPATH\index.php(79): CodeIgniter\CodeIgniter->run()
INFO - 2024-04-18 21:59:16 --> Session: Class initialized using 'CodeIgniter\Session\Handlers\FileHandler' driver.
INFO - 2024-04-18 21:59:24 --> Session: Class initialized using 'CodeIgniter\Session\Handlers\FileHandler' driver.
INFO - 2024-04-18 21:59:33 --> Session: Class initialized using 'CodeIgniter\Session\Handlers\FileHandler' driver.
INFO - 2024-04-18 22:00:09 --> Session: Class initialized using 'CodeIgniter\Session\Handlers\FileHandler' driver.
INFO - 2024-04-18 22:04:34 --> Session: Class initialized using 'CodeIgniter\Session\Handlers\FileHandler' driver.
INFO - 2024-04-18 22:04:38 --> Session: Class initialized using 'CodeIgniter\Session\Handlers\FileHandler' driver.
INFO - 2024-04-18 22:04:42 --> Session: Class initialized using 'CodeIgniter\Session\Handlers\FileHandler' driver.
INFO - 2024-04-18 22:04:48 --> Session: Class initialized using 'CodeIgniter\Session\Handlers\FileHandler' driver.
INFO - 2024-04-18 22:05:45 --> Session: Class initialized using 'CodeIgniter\Session\Handlers\FileHandler' driver.
INFO - 2024-04-18 22:08:32 --> Session: Class initialized using 'CodeIgniter\Session\Handlers\FileHandler' driver.
INFO - 2024-04-18 22:08:44 --> Session: Class initialized using 'CodeIgniter\Session\Handlers\FileHandler' driver.
INFO - 2024-04-18 22:12:24 --> Session: Class initialized using 'CodeIgniter\Session\Handlers\FileHandler' driver.
INFO - 2024-04-18 22:12:27 --> Session: Class initialized using 'CodeIgniter\Session\Handlers\FileHandler' driver.
CRITICAL - 2024-04-18 22:12:27 --> CodeIgniter\View\Exceptions\ViewException: Invalid file: "segmento/criar_editar_lead.php"
in SYSTEMPATH\Exceptions\FrameworkException.php on line 39.
 1 SYSTEMPATH\View\View.php(216): CodeIgniter\Exceptions\FrameworkException::forInvalidFile('segmento/criar_editar_lead.php')
 2 SYSTEMPATH\Common.php(1178): CodeIgniter\View\View->render('segmento/criar_editar_lead', [], true)
 3 APPPATH\Controllers\Lead.php(47): view('segmento/criar_editar_lead', [])
 4 SYSTEMPATH\CodeIgniter.php(941): App\Controllers\Lead->criar_editar()
 5 SYSTEMPATH\CodeIgniter.php(502): CodeIgniter\CodeIgniter->runController(Object(App\Controllers\Lead))
 6 SYSTEMPATH\CodeIgniter.php(361): CodeIgniter\CodeIgniter->handleRequest(null, Object(Config\Cache), false)
 7 FCPATH\index.php(79): CodeIgniter\CodeIgniter->run()
INFO - 2024-04-18 22:12:30 --> Session: Class initialized using 'CodeIgniter\Session\Handlers\FileHandler' driver.
INFO - 2024-04-18 22:13:41 --> Session: Class initialized using 'CodeIgniter\Session\Handlers\FileHandler' driver.
CRITICAL - 2024-04-18 22:13:41 --> CodeIgniter\View\Exceptions\ViewException: Invalid file: "segmento/criar_editar_lead.php"
in SYSTEMPATH\Exceptions\FrameworkException.php on line 39.
 1 SYSTEMPATH\View\View.php(216): CodeIgniter\Exceptions\FrameworkException::forInvalidFile('segmento/criar_editar_lead.php')
 2 SYSTEMPATH\Common.php(1178): CodeIgniter\View\View->render('segmento/criar_editar_lead', [], true)
 3 APPPATH\Controllers\Lead.php(47): view('segmento/criar_editar_lead', [])
 4 SYSTEMPATH\CodeIgniter.php(941): App\Controllers\Lead->criar_editar()
 5 SYSTEMPATH\CodeIgniter.php(502): CodeIgniter\CodeIgniter->runController(Object(App\Controllers\Lead))
 6 SYSTEMPATH\CodeIgniter.php(361): CodeIgniter\CodeIgniter->handleRequest(null, Object(Config\Cache), false)
 7 FCPATH\index.php(79): CodeIgniter\CodeIgniter->run()
INFO - 2024-04-18 22:14:43 --> Session: Class initialized using 'CodeIgniter\Session\Handlers\FileHandler' driver.
INFO - 2024-04-18 22:14:45 --> Session: Class initialized using 'CodeIgniter\Session\Handlers\FileHandler' driver.
INFO - 2024-04-18 22:16:56 --> Session: Class initialized using 'CodeIgniter\Session\Handlers\FileHandler' driver.
INFO - 2024-04-18 22:17:01 --> Session: Class initialized using 'CodeIgniter\Session\Handlers\FileHandler' driver.
CRITICAL - 2024-04-18 22:17:01 --> CodeIgniter\View\Exceptions\ViewException: Invalid file: "segmento/criar_editar_lead.php"
in SYSTEMPATH\Exceptions\FrameworkException.php on line 39.
 1 SYSTEMPATH\View\View.php(216): CodeIgniter\Exceptions\FrameworkException::forInvalidFile('segmento/criar_editar_lead.php')
 2 SYSTEMPATH\Common.php(1178): CodeIgniter\View\View->render('segmento/criar_editar_lead', [], true)
 3 APPPATH\Controllers\Lead.php(47): view('segmento/criar_editar_lead', [])
 4 SYSTEMPATH\CodeIgniter.php(941): App\Controllers\Lead->criar_editar()
 5 SYSTEMPATH\CodeIgniter.php(502): CodeIgniter\CodeIgniter->runController(Object(App\Controllers\Lead))
 6 SYSTEMPATH\CodeIgniter.php(361): CodeIgniter\CodeIgniter->handleRequest(null, Object(Config\Cache), false)
 7 FCPATH\index.php(79): CodeIgniter\CodeIgniter->run()
INFO - 2024-04-18 22:24:18 --> Session: Class initialized using 'CodeIgniter\Session\Handlers\FileHandler' driver.
INFO - 2024-04-18 22:24:31 --> Session: Class initialized using 'CodeIgniter\Session\Handlers\FileHandler' driver.
CRITICAL - 2024-04-18 22:24:31 --> ErrorException: Undefined variable $segmento
in APPPATH\Views\lead\lista_leads.php on line 29.
 1 APPPATH\Views\lead\lista_leads.php(29): CodeIgniter\Debug\Exceptions->errorHandler(2, 'Undefined variable $segmento', 'C:\\Users\\vinic\\OneDrive\\Área de Trabalho\\Trabalhos\\Pix Catalogo\\catalogo.pixcatalogo.com.br\\catalogo.pixcatalogo.com.br\\app\\Views\\lead\\lista_leads.php', 29)
 2 SYSTEMPATH\View\View.php(228): include('C:\\Users\\vinic\\OneDrive\\Área de Trabalho\\Trabalhos\\Pix Catalogo\\catalogo.pixcatalogo.com.br\\catalogo.pixcatalogo.com.br\\app\\Views\\lead\\lista_leads.php')
 3 SYSTEMPATH\View\View.php(231): CodeIgniter\View\View->CodeIgniter\View\{closure}()
 4 SYSTEMPATH\Common.php(1178): CodeIgniter\View\View->render('lead/lista_leads', [], true)
 5 APPPATH\Controllers\Lead.php(20): view('lead/lista_leads', [...])
 6 SYSTEMPATH\CodeIgniter.php(941): App\Controllers\Lead->index()
 7 SYSTEMPATH\CodeIgniter.php(502): CodeIgniter\CodeIgniter->runController(Object(App\Controllers\Lead))
 8 SYSTEMPATH\CodeIgniter.php(361): CodeIgniter\CodeIgniter->handleRequest(null, Object(Config\Cache), false)
 9 FCPATH\index.php(79): CodeIgniter\CodeIgniter->run()
INFO - 2024-04-18 22:24:39 --> Session: Class initialized using 'CodeIgniter\Session\Handlers\FileHandler' driver.
INFO - 2024-04-18 22:24:41 --> Session: Class initialized using 'CodeIgniter\Session\Handlers\FileHandler' driver.
CRITICAL - 2024-04-18 22:24:41 --> ErrorException: Undefined variable $segmento
in APPPATH\Views\lead\lista_leads.php on line 29.
 1 APPPATH\Views\lead\lista_leads.php(29): CodeIgniter\Debug\Exceptions->errorHandler(2, 'Undefined variable $segmento', 'C:\\Users\\vinic\\OneDrive\\Área de Trabalho\\Trabalhos\\Pix Catalogo\\catalogo.pixcatalogo.com.br\\catalogo.pixcatalogo.com.br\\app\\Views\\lead\\lista_leads.php', 29)
 2 SYSTEMPATH\View\View.php(228): include('C:\\Users\\vinic\\OneDrive\\Área de Trabalho\\Trabalhos\\Pix Catalogo\\catalogo.pixcatalogo.com.br\\catalogo.pixcatalogo.com.br\\app\\Views\\lead\\lista_leads.php')
 3 SYSTEMPATH\View\View.php(231): CodeIgniter\View\View->CodeIgniter\View\{closure}()
 4 SYSTEMPATH\Common.php(1178): CodeIgniter\View\View->render('lead/lista_leads', [], true)
 5 APPPATH\Controllers\Lead.php(20): view('lead/lista_leads', [...])
 6 SYSTEMPATH\CodeIgniter.php(941): App\Controllers\Lead->index()
 7 SYSTEMPATH\CodeIgniter.php(502): CodeIgniter\CodeIgniter->runController(Object(App\Controllers\Lead))
 8 SYSTEMPATH\CodeIgniter.php(361): CodeIgniter\CodeIgniter->handleRequest(null, Object(Config\Cache), false)
 9 FCPATH\index.php(79): CodeIgniter\CodeIgniter->run()
INFO - 2024-04-18 22:25:50 --> Session: Class initialized using 'CodeIgniter\Session\Handlers\FileHandler' driver.
CRITICAL - 2024-04-18 22:25:50 --> ErrorException: Undefined variable $segmento
in APPPATH\Views\lead\lista_leads.php on line 29.
 1 APPPATH\Views\lead\lista_leads.php(29): CodeIgniter\Debug\Exceptions->errorHandler(2, 'Undefined variable $segmento', 'C:\\Users\\vinic\\OneDrive\\Área de Trabalho\\Trabalhos\\Pix Catalogo\\catalogo.pixcatalogo.com.br\\catalogo.pixcatalogo.com.br\\app\\Views\\lead\\lista_leads.php', 29)
 2 SYSTEMPATH\View\View.php(228): include('C:\\Users\\vinic\\OneDrive\\Área de Trabalho\\Trabalhos\\Pix Catalogo\\catalogo.pixcatalogo.com.br\\catalogo.pixcatalogo.com.br\\app\\Views\\lead\\lista_leads.php')
 3 SYSTEMPATH\View\View.php(231): CodeIgniter\View\View->CodeIgniter\View\{closure}()
 4 SYSTEMPATH\Common.php(1178): CodeIgniter\View\View->render('lead/lista_leads', [], true)
 5 APPPATH\Controllers\Lead.php(20): view('lead/lista_leads', [...])
 6 SYSTEMPATH\CodeIgniter.php(941): App\Controllers\Lead->index()
 7 SYSTEMPATH\CodeIgniter.php(502): CodeIgniter\CodeIgniter->runController(Object(App\Controllers\Lead))
 8 SYSTEMPATH\CodeIgniter.php(361): CodeIgniter\CodeIgniter->handleRequest(null, Object(Config\Cache), false)
 9 FCPATH\index.php(79): CodeIgniter\CodeIgniter->run()
INFO - 2024-04-18 22:27:08 --> Session: Class initialized using 'CodeIgniter\Session\Handlers\FileHandler' driver.
INFO - 2024-04-18 22:27:14 --> Session: Class initialized using 'CodeIgniter\Session\Handlers\FileHandler' driver.
CRITICAL - 2024-04-18 22:27:14 --> ErrorException: Undefined variable $segmento
in APPPATH\Views\lead\lista_leads.php on line 29.
 1 APPPATH\Views\lead\lista_leads.php(29): CodeIgniter\Debug\Exceptions->errorHandler(2, 'Undefined variable $segmento', 'C:\\Users\\vinic\\OneDrive\\Área de Trabalho\\Trabalhos\\Pix Catalogo\\catalogo.pixcatalogo.com.br\\catalogo.pixcatalogo.com.br\\app\\Views\\lead\\lista_leads.php', 29)
 2 SYSTEMPATH\View\View.php(228): include('C:\\Users\\vinic\\OneDrive\\Área de Trabalho\\Trabalhos\\Pix Catalogo\\catalogo.pixcatalogo.com.br\\catalogo.pixcatalogo.com.br\\app\\Views\\lead\\lista_leads.php')
 3 SYSTEMPATH\View\View.php(231): CodeIgniter\View\View->CodeIgniter\View\{closure}()
 4 SYSTEMPATH\Common.php(1178): CodeIgniter\View\View->render('lead/lista_leads', [], true)
 5 APPPATH\Controllers\Lead.php(20): view('lead/lista_leads', [...])
 6 SYSTEMPATH\CodeIgniter.php(941): App\Controllers\Lead->index()
 7 SYSTEMPATH\CodeIgniter.php(502): CodeIgniter\CodeIgniter->runController(Object(App\Controllers\Lead))
 8 SYSTEMPATH\CodeIgniter.php(361): CodeIgniter\CodeIgniter->handleRequest(null, Object(Config\Cache), false)
 9 FCPATH\index.php(79): CodeIgniter\CodeIgniter->run()
INFO - 2024-04-18 22:27:23 --> Session: Class initialized using 'CodeIgniter\Session\Handlers\FileHandler' driver.
INFO - 2024-04-18 22:27:36 --> Session: Class initialized using 'CodeIgniter\Session\Handlers\FileHandler' driver.
INFO - 2024-04-18 22:27:51 --> Session: Class initialized using 'CodeIgniter\Session\Handlers\FileHandler' driver.
INFO - 2024-04-18 22:28:00 --> Session: Class initialized using 'CodeIgniter\Session\Handlers\FileHandler' driver.
CRITICAL - 2024-04-18 22:28:00 --> ErrorException: Undefined variable $segmento
in APPPATH\Views\lead\lista_leads.php on line 29.
 1 APPPATH\Views\lead\lista_leads.php(29): CodeIgniter\Debug\Exceptions->errorHandler(2, 'Undefined variable $segmento', 'C:\\Users\\vinic\\OneDrive\\Área de Trabalho\\Trabalhos\\Pix Catalogo\\catalogo.pixcatalogo.com.br\\catalogo.pixcatalogo.com.br\\app\\Views\\lead\\lista_leads.php', 29)
 2 SYSTEMPATH\View\View.php(228): include('C:\\Users\\vinic\\OneDrive\\Área de Trabalho\\Trabalhos\\Pix Catalogo\\catalogo.pixcatalogo.com.br\\catalogo.pixcatalogo.com.br\\app\\Views\\lead\\lista_leads.php')
 3 SYSTEMPATH\View\View.php(231): CodeIgniter\View\View->CodeIgniter\View\{closure}()
 4 SYSTEMPATH\Common.php(1178): CodeIgniter\View\View->render('lead/lista_leads', [], true)
 5 APPPATH\Controllers\Lead.php(20): view('lead/lista_leads', [...])
 6 SYSTEMPATH\CodeIgniter.php(941): App\Controllers\Lead->index()
 7 SYSTEMPATH\CodeIgniter.php(502): CodeIgniter\CodeIgniter->runController(Object(App\Controllers\Lead))
 8 SYSTEMPATH\CodeIgniter.php(361): CodeIgniter\CodeIgniter->handleRequest(null, Object(Config\Cache), false)
 9 FCPATH\index.php(79): CodeIgniter\CodeIgniter->run()
INFO - 2024-04-18 22:28:59 --> Session: Class initialized using 'CodeIgniter\Session\Handlers\FileHandler' driver.
INFO - 2024-04-18 22:29:11 --> Session: Class initialized using 'CodeIgniter\Session\Handlers\FileHandler' driver.
CRITICAL - 2024-04-18 22:29:11 --> ErrorException: Undefined variable $lead
in APPPATH\Views\lead\lista_leads.php on line 20.
 1 APPPATH\Views\lead\lista_leads.php(20): CodeIgniter\Debug\Exceptions->errorHandler(2, 'Undefined variable $lead', 'C:\\Users\\vinic\\OneDrive\\Área de Trabalho\\Trabalhos\\Pix Catalogo\\catalogo.pixcatalogo.com.br\\catalogo.pixcatalogo.com.br\\app\\Views\\lead\\lista_leads.php', 20)
 2 SYSTEMPATH\View\View.php(228): include('C:\\Users\\vinic\\OneDrive\\Área de Trabalho\\Trabalhos\\Pix Catalogo\\catalogo.pixcatalogo.com.br\\catalogo.pixcatalogo.com.br\\app\\Views\\lead\\lista_leads.php')
 3 SYSTEMPATH\View\View.php(231): CodeIgniter\View\View->CodeIgniter\View\{closure}()
 4 SYSTEMPATH\Common.php(1178): CodeIgniter\View\View->render('lead/lista_leads', [], true)
 5 APPPATH\Controllers\Lead.php(20): view('lead/lista_leads', [...])
 6 SYSTEMPATH\CodeIgniter.php(941): App\Controllers\Lead->index()
 7 SYSTEMPATH\CodeIgniter.php(502): CodeIgniter\CodeIgniter->runController(Object(App\Controllers\Lead))
 8 SYSTEMPATH\CodeIgniter.php(361): CodeIgniter\CodeIgniter->handleRequest(null, Object(Config\Cache), false)
 9 FCPATH\index.php(79): CodeIgniter\CodeIgniter->run()
INFO - 2024-04-18 22:29:36 --> Session: Class initialized using 'CodeIgniter\Session\Handlers\FileHandler' driver.
INFO - 2024-04-18 22:29:41 --> Session: Class initialized using 'CodeIgniter\Session\Handlers\FileHandler' driver.
INFO - 2024-04-18 22:29:48 --> Session: Class initialized using 'CodeIgniter\Session\Handlers\FileHandler' driver.
CRITICAL - 2024-04-18 22:29:48 --> ErrorException: Undefined variable $segmento
in APPPATH\Views\lead\lista_leads.php on line 30.
 1 APPPATH\Views\lead\lista_leads.php(30): CodeIgniter\Debug\Exceptions->errorHandler(2, 'Undefined variable $segmento', 'C:\\Users\\vinic\\OneDrive\\Área de Trabalho\\Trabalhos\\Pix Catalogo\\catalogo.pixcatalogo.com.br\\catalogo.pixcatalogo.com.br\\app\\Views\\lead\\lista_leads.php', 30)
 2 SYSTEMPATH\View\View.php(228): include('C:\\Users\\vinic\\OneDrive\\Área de Trabalho\\Trabalhos\\Pix Catalogo\\catalogo.pixcatalogo.com.br\\catalogo.pixcatalogo.com.br\\app\\Views\\lead\\lista_leads.php')
 3 SYSTEMPATH\View\View.php(231): CodeIgniter\View\View->CodeIgniter\View\{closure}()
 4 SYSTEMPATH\Common.php(1178): CodeIgniter\View\View->render('lead/lista_leads', [], true)
 5 APPPATH\Controllers\Lead.php(20): view('lead/lista_leads', [...])
 6 SYSTEMPATH\CodeIgniter.php(941): App\Controllers\Lead->index()
 7 SYSTEMPATH\CodeIgniter.php(502): CodeIgniter\CodeIgniter->runController(Object(App\Controllers\Lead))
 8 SYSTEMPATH\CodeIgniter.php(361): CodeIgniter\CodeIgniter->handleRequest(null, Object(Config\Cache), false)
 9 FCPATH\index.php(79): CodeIgniter\CodeIgniter->run()
INFO - 2024-04-18 22:31:49 --> Session: Class initialized using 'CodeIgniter\Session\Handlers\FileHandler' driver.
INFO - 2024-04-18 22:32:36 --> Session: Class initialized using 'CodeIgniter\Session\Handlers\FileHandler' driver.
INFO - 2024-04-18 22:32:47 --> Session: Class initialized using 'CodeIgniter\Session\Handlers\FileHandler' driver.
INFO - 2024-04-18 22:32:58 --> Session: Class initialized using 'CodeIgniter\Session\Handlers\FileHandler' driver.
INFO - 2024-04-18 22:33:10 --> Session: Class initialized using 'CodeIgniter\Session\Handlers\FileHandler' driver.
CRITICAL - 2024-04-18 22:33:10 --> ErrorException: Undefined variable $segmento
in APPPATH\Views\lead\lista_leads.php on line 30.
 1 APPPATH\Views\lead\lista_leads.php(30): CodeIgniter\Debug\Exceptions->errorHandler(2, 'Undefined variable $segmento', 'C:\\Users\\vinic\\OneDrive\\Área de Trabalho\\Trabalhos\\Pix Catalogo\\catalogo.pixcatalogo.com.br\\catalogo.pixcatalogo.com.br\\app\\Views\\lead\\lista_leads.php', 30)
 2 SYSTEMPATH\View\View.php(228): include('C:\\Users\\vinic\\OneDrive\\Área de Trabalho\\Trabalhos\\Pix Catalogo\\catalogo.pixcatalogo.com.br\\catalogo.pixcatalogo.com.br\\app\\Views\\lead\\lista_leads.php')
 3 SYSTEMPATH\View\View.php(231): CodeIgniter\View\View->CodeIgniter\View\{closure}()
 4 SYSTEMPATH\Common.php(1178): CodeIgniter\View\View->render('lead/lista_leads', [], true)
 5 APPPATH\Controllers\Lead.php(20): view('lead/lista_leads', [...])
 6 SYSTEMPATH\CodeIgniter.php(941): App\Controllers\Lead->index()
 7 SYSTEMPATH\CodeIgniter.php(502): CodeIgniter\CodeIgniter->runController(Object(App\Controllers\Lead))
 8 SYSTEMPATH\CodeIgniter.php(361): CodeIgniter\CodeIgniter->handleRequest(null, Object(Config\Cache), false)
 9 FCPATH\index.php(79): CodeIgniter\CodeIgniter->run()
INFO - 2024-04-18 22:33:14 --> Session: Class initialized using 'CodeIgniter\Session\Handlers\FileHandler' driver.
INFO - 2024-04-18 22:33:17 --> Session: Class initialized using 'CodeIgniter\Session\Handlers\FileHandler' driver.
CRITICAL - 2024-04-18 22:33:17 --> ErrorException: Undefined variable $segmento
in APPPATH\Views\lead\lista_leads.php on line 30.
 1 APPPATH\Views\lead\lista_leads.php(30): CodeIgniter\Debug\Exceptions->errorHandler(2, 'Undefined variable $segmento', 'C:\\Users\\vinic\\OneDrive\\Área de Trabalho\\Trabalhos\\Pix Catalogo\\catalogo.pixcatalogo.com.br\\catalogo.pixcatalogo.com.br\\app\\Views\\lead\\lista_leads.php', 30)
 2 SYSTEMPATH\View\View.php(228): include('C:\\Users\\vinic\\OneDrive\\Área de Trabalho\\Trabalhos\\Pix Catalogo\\catalogo.pixcatalogo.com.br\\catalogo.pixcatalogo.com.br\\app\\Views\\lead\\lista_leads.php')
 3 SYSTEMPATH\View\View.php(231): CodeIgniter\View\View->CodeIgniter\View\{closure}()
 4 SYSTEMPATH\Common.php(1178): CodeIgniter\View\View->render('lead/lista_leads', [], true)
 5 APPPATH\Controllers\Lead.php(20): view('lead/lista_leads', [...])
 6 SYSTEMPATH\CodeIgniter.php(941): App\Controllers\Lead->index()
 7 SYSTEMPATH\CodeIgniter.php(502): CodeIgniter\CodeIgniter->runController(Object(App\Controllers\Lead))
 8 SYSTEMPATH\CodeIgniter.php(361): CodeIgniter\CodeIgniter->handleRequest(null, Object(Config\Cache), false)
 9 FCPATH\index.php(79): CodeIgniter\CodeIgniter->run()
INFO - 2024-04-18 22:33:23 --> Session: Class initialized using 'CodeIgniter\Session\Handlers\FileHandler' driver.
CRITICAL - 2024-04-18 22:33:23 --> ErrorException: Undefined variable $segmento
in APPPATH\Views\lead\lista_leads.php on line 30.
 1 APPPATH\Views\lead\lista_leads.php(30): CodeIgniter\Debug\Exceptions->errorHandler(2, 'Undefined variable $segmento', 'C:\\Users\\vinic\\OneDrive\\Área de Trabalho\\Trabalhos\\Pix Catalogo\\catalogo.pixcatalogo.com.br\\catalogo.pixcatalogo.com.br\\app\\Views\\lead\\lista_leads.php', 30)
 2 SYSTEMPATH\View\View.php(228): include('C:\\Users\\vinic\\OneDrive\\Área de Trabalho\\Trabalhos\\Pix Catalogo\\catalogo.pixcatalogo.com.br\\catalogo.pixcatalogo.com.br\\app\\Views\\lead\\lista_leads.php')
 3 SYSTEMPATH\View\View.php(231): CodeIgniter\View\View->CodeIgniter\View\{closure}()
 4 SYSTEMPATH\Common.php(1178): CodeIgniter\View\View->render('lead/lista_leads', [], true)
 5 APPPATH\Controllers\Lead.php(20): view('lead/lista_leads', [...])
 6 SYSTEMPATH\CodeIgniter.php(941): App\Controllers\Lead->index()
 7 SYSTEMPATH\CodeIgniter.php(502): CodeIgniter\CodeIgniter->runController(Object(App\Controllers\Lead))
 8 SYSTEMPATH\CodeIgniter.php(361): CodeIgniter\CodeIgniter->handleRequest(null, Object(Config\Cache), false)
 9 FCPATH\index.php(79): CodeIgniter\CodeIgniter->run()
INFO - 2024-04-18 22:33:34 --> Session: Class initialized using 'CodeIgniter\Session\Handlers\FileHandler' driver.
INFO - 2024-04-18 22:35:44 --> Session: Class initialized using 'CodeIgniter\Session\Handlers\FileHandler' driver.
INFO - 2024-04-18 22:35:52 --> Session: Class initialized using 'CodeIgniter\Session\Handlers\FileHandler' driver.
INFO - 2024-04-18 22:35:53 --> Session: Class initialized using 'CodeIgniter\Session\Handlers\FileHandler' driver.
WARNING - 2024-04-18 22:36:13 --> [DEPRECATED] Creation of dynamic property App\Controllers\Login::$M_login is deprecated in APPPATH\Controllers\Login.php on line 11.
 1 SYSTEMPATH\CodeIgniter.php(913): App\Controllers\Login->__construct()
 2 SYSTEMPATH\CodeIgniter.php(493): CodeIgniter\CodeIgniter->createController()
 3 SYSTEMPATH\CodeIgniter.php(361): CodeIgniter\CodeIgniter->handleRequest(null, Object(Config\Cache), false)
 4 FCPATH\index.php(79): CodeIgniter\CodeIgniter->run()
INFO - 2024-04-18 22:36:13 --> Session: Class initialized using 'CodeIgniter\Session\Handlers\FileHandler' driver.
WARNING - 2024-04-18 22:36:13 --> [DEPRECATED] Creation of dynamic property App\Controllers\Login::$M_login is deprecated in APPPATH\Controllers\Login.php on line 11.
 1 SYSTEMPATH\CodeIgniter.php(913): App\Controllers\Login->__construct()
 2 SYSTEMPATH\CodeIgniter.php(493): CodeIgniter\CodeIgniter->createController()
 3 SYSTEMPATH\CodeIgniter.php(361): CodeIgniter\CodeIgniter->handleRequest(null, Object(Config\Cache), false)
 4 FCPATH\index.php(79): CodeIgniter\CodeIgniter->run()
CRITICAL - 2024-04-18 22:47:05 --> BadMethodCallException: Call to undefined method App\Models\ConfiguracaoModel::listarConfiguracao
in SYSTEMPATH\Model.php on line 874.
 1 APPPATH\Controllers\Login.php(21): CodeIgniter\Model->__call('listarConfiguracao', [])
 2 SYSTEMPATH\CodeIgniter.php(941): App\Controllers\Login->index()
 3 SYSTEMPATH\CodeIgniter.php(502): CodeIgniter\CodeIgniter->runController(Object(App\Controllers\Login))
 4 SYSTEMPATH\CodeIgniter.php(361): CodeIgniter\CodeIgniter->handleRequest(null, Object(Config\Cache), false)
 5 FCPATH\index.php(79): CodeIgniter\CodeIgniter->run()
WARNING - 2024-04-18 22:47:10 --> [DEPRECATED] Creation of dynamic property App\Controllers\Login::$M_login is deprecated in APPPATH\Controllers\Login.php on line 14.
 1 SYSTEMPATH\CodeIgniter.php(913): App\Controllers\Login->__construct()
 2 SYSTEMPATH\CodeIgniter.php(493): CodeIgniter\CodeIgniter->createController()
 3 SYSTEMPATH\CodeIgniter.php(361): CodeIgniter\CodeIgniter->handleRequest(null, Object(Config\Cache), false)
 4 FCPATH\index.php(79): CodeIgniter\CodeIgniter->run()
CRITICAL - 2024-04-18 22:47:10 --> BadMethodCallException: Call to undefined method App\Models\ConfiguracaoModel::listarConfiguracao
in SYSTEMPATH\Model.php on line 874.
 1 APPPATH\Controllers\Login.php(20): CodeIgniter\Model->__call('listarConfiguracao', [])
 2 SYSTEMPATH\CodeIgniter.php(941): App\Controllers\Login->index()
 3 SYSTEMPATH\CodeIgniter.php(502): CodeIgniter\CodeIgniter->runController(Object(App\Controllers\Login))
 4 SYSTEMPATH\CodeIgniter.php(361): CodeIgniter\CodeIgniter->handleRequest(null, Object(Config\Cache), false)
 5 FCPATH\index.php(79): CodeIgniter\CodeIgniter->run()
WARNING - 2024-04-18 22:47:12 --> [DEPRECATED] Creation of dynamic property App\Controllers\Login::$M_login is deprecated in APPPATH\Controllers\Login.php on line 14.
 1 SYSTEMPATH\CodeIgniter.php(913): App\Controllers\Login->__construct()
 2 SYSTEMPATH\CodeIgniter.php(493): CodeIgniter\CodeIgniter->createController()
 3 SYSTEMPATH\CodeIgniter.php(361): CodeIgniter\CodeIgniter->handleRequest(null, Object(Config\Cache), false)
 4 FCPATH\index.php(79): CodeIgniter\CodeIgniter->run()
CRITICAL - 2024-04-18 22:47:12 --> BadMethodCallException: Call to undefined method App\Models\ConfiguracaoModel::listarConfiguracao
in SYSTEMPATH\Model.php on line 874.
 1 APPPATH\Controllers\Login.php(20): CodeIgniter\Model->__call('listarConfiguracao', [])
 2 SYSTEMPATH\CodeIgniter.php(941): App\Controllers\Login->index()
 3 SYSTEMPATH\CodeIgniter.php(502): CodeIgniter\CodeIgniter->runController(Object(App\Controllers\Login))
 4 SYSTEMPATH\CodeIgniter.php(361): CodeIgniter\CodeIgniter->handleRequest(null, Object(Config\Cache), false)
 5 FCPATH\index.php(79): CodeIgniter\CodeIgniter->run()
WARNING - 2024-04-18 22:47:34 --> [DEPRECATED] Creation of dynamic property App\Controllers\Login::$M_login is deprecated in APPPATH\Controllers\Login.php on line 14.
 1 SYSTEMPATH\CodeIgniter.php(913): App\Controllers\Login->__construct()
 2 SYSTEMPATH\CodeIgniter.php(493): CodeIgniter\CodeIgniter->createController()
 3 SYSTEMPATH\CodeIgniter.php(361): CodeIgniter\CodeIgniter->handleRequest(null, Object(Config\Cache), false)
 4 FCPATH\index.php(79): CodeIgniter\CodeIgniter->run()
CRITICAL - 2024-04-18 22:47:34 --> BadMethodCallException: Call to undefined method App\Models\ConfiguracaoModel::listarConfiguracao
in SYSTEMPATH\Model.php on line 874.
 1 APPPATH\Controllers\Login.php(20): CodeIgniter\Model->__call('listarConfiguracao', [])
 2 SYSTEMPATH\CodeIgniter.php(941): App\Controllers\Login->index()
 3 SYSTEMPATH\CodeIgniter.php(502): CodeIgniter\CodeIgniter->runController(Object(App\Controllers\Login))
 4 SYSTEMPATH\CodeIgniter.php(361): CodeIgniter\CodeIgniter->handleRequest(null, Object(Config\Cache), false)
 5 FCPATH\index.php(79): CodeIgniter\CodeIgniter->run()
WARNING - 2024-04-18 22:48:15 --> [DEPRECATED] Creation of dynamic property App\Controllers\Login::$M_login is deprecated in APPPATH\Controllers\Login.php on line 14.
 1 SYSTEMPATH\CodeIgniter.php(913): App\Controllers\Login->__construct()
 2 SYSTEMPATH\CodeIgniter.php(493): CodeIgniter\CodeIgniter->createController()
 3 SYSTEMPATH\CodeIgniter.php(361): CodeIgniter\CodeIgniter->handleRequest(null, Object(Config\Cache), false)
 4 FCPATH\index.php(79): CodeIgniter\CodeIgniter->run()
CRITICAL - 2024-04-18 22:48:15 --> BadMethodCallException: Call to undefined method App\Models\ConfiguracaoModel::listarConfiguracao
in SYSTEMPATH\Model.php on line 874.
 1 APPPATH\Controllers\Login.php(20): CodeIgniter\Model->__call('listarConfiguracao', [])
 2 SYSTEMPATH\CodeIgniter.php(941): App\Controllers\Login->index()
 3 SYSTEMPATH\CodeIgniter.php(502): CodeIgniter\CodeIgniter->runController(Object(App\Controllers\Login))
 4 SYSTEMPATH\CodeIgniter.php(361): CodeIgniter\CodeIgniter->handleRequest(null, Object(Config\Cache), false)
 5 FCPATH\index.php(79): CodeIgniter\CodeIgniter->run()
WARNING - 2024-04-18 22:48:16 --> [DEPRECATED] Creation of dynamic property App\Controllers\Login::$M_login is deprecated in APPPATH\Controllers\Login.php on line 14.
 1 SYSTEMPATH\CodeIgniter.php(913): App\Controllers\Login->__construct()
 2 SYSTEMPATH\CodeIgniter.php(493): CodeIgniter\CodeIgniter->createController()
 3 SYSTEMPATH\CodeIgniter.php(361): CodeIgniter\CodeIgniter->handleRequest(null, Object(Config\Cache), false)
 4 FCPATH\index.php(79): CodeIgniter\CodeIgniter->run()
CRITICAL - 2024-04-18 22:48:16 --> BadMethodCallException: Call to undefined method App\Models\ConfiguracaoModel::listarConfiguracao
in SYSTEMPATH\Model.php on line 874.
 1 APPPATH\Controllers\Login.php(20): CodeIgniter\Model->__call('listarConfiguracao', [])
 2 SYSTEMPATH\CodeIgniter.php(941): App\Controllers\Login->index()
 3 SYSTEMPATH\CodeIgniter.php(502): CodeIgniter\CodeIgniter->runController(Object(App\Controllers\Login))
 4 SYSTEMPATH\CodeIgniter.php(361): CodeIgniter\CodeIgniter->handleRequest(null, Object(Config\Cache), false)
 5 FCPATH\index.php(79): CodeIgniter\CodeIgniter->run()
WARNING - 2024-04-18 22:48:19 --> [DEPRECATED] Creation of dynamic property App\Controllers\Login::$M_login is deprecated in APPPATH\Controllers\Login.php on line 14.
 1 SYSTEMPATH\CodeIgniter.php(913): App\Controllers\Login->__construct()
 2 SYSTEMPATH\CodeIgniter.php(493): CodeIgniter\CodeIgniter->createController()
 3 SYSTEMPATH\CodeIgniter.php(361): CodeIgniter\CodeIgniter->handleRequest(null, Object(Config\Cache), false)
 4 FCPATH\index.php(79): CodeIgniter\CodeIgniter->run()
CRITICAL - 2024-04-18 22:48:19 --> BadMethodCallException: Call to undefined method App\Models\ConfiguracaoModel::listarConfiguracao
in SYSTEMPATH\Model.php on line 874.
 1 APPPATH\Controllers\Login.php(20): CodeIgniter\Model->__call('listarConfiguracao', [])
 2 SYSTEMPATH\CodeIgniter.php(941): App\Controllers\Login->index()
 3 SYSTEMPATH\CodeIgniter.php(502): CodeIgniter\CodeIgniter->runController(Object(App\Controllers\Login))
 4 SYSTEMPATH\CodeIgniter.php(361): CodeIgniter\CodeIgniter->handleRequest(null, Object(Config\Cache), false)
 5 FCPATH\index.php(79): CodeIgniter\CodeIgniter->run()
CRITICAL - 2024-04-18 22:48:26 --> BadMethodCallException: Call to undefined method App\Models\ConfiguracaoModel::listarConfiguracao
in SYSTEMPATH\Model.php on line 874.
 1 APPPATH\Controllers\Login.php(21): CodeIgniter\Model->__call('listarConfiguracao', [])
 2 SYSTEMPATH\CodeIgniter.php(941): App\Controllers\Login->index()
 3 SYSTEMPATH\CodeIgniter.php(502): CodeIgniter\CodeIgniter->runController(Object(App\Controllers\Login))
 4 SYSTEMPATH\CodeIgniter.php(361): CodeIgniter\CodeIgniter->handleRequest(null, Object(Config\Cache), false)
 5 FCPATH\index.php(79): CodeIgniter\CodeIgniter->run()
CRITICAL - 2024-04-18 22:48:27 --> BadMethodCallException: Call to undefined method App\Models\ConfiguracaoModel::listarConfiguracao
in SYSTEMPATH\Model.php on line 874.
 1 APPPATH\Controllers\Login.php(21): CodeIgniter\Model->__call('listarConfiguracao', [])
 2 SYSTEMPATH\CodeIgniter.php(941): App\Controllers\Login->index()
 3 SYSTEMPATH\CodeIgniter.php(502): CodeIgniter\CodeIgniter->runController(Object(App\Controllers\Login))
 4 SYSTEMPATH\CodeIgniter.php(361): CodeIgniter\CodeIgniter->handleRequest(null, Object(Config\Cache), false)
 5 FCPATH\index.php(79): CodeIgniter\CodeIgniter->run()
INFO - 2024-04-18 22:48:49 --> Session: Class initialized using 'CodeIgniter\Session\Handlers\FileHandler' driver.
CRITICAL - 2024-04-18 22:48:49 --> BadMethodCallException: Call to undefined method App\Models\ConfiguracaoModel::listarConfiguracao
in SYSTEMPATH\Model.php on line 874.
 1 APPPATH\Controllers\Login.php(21): CodeIgniter\Model->__call('listarConfiguracao', [])
 2 SYSTEMPATH\CodeIgniter.php(941): App\Controllers\Login->index()
 3 SYSTEMPATH\CodeIgniter.php(502): CodeIgniter\CodeIgniter->runController(Object(App\Controllers\Login))
 4 SYSTEMPATH\CodeIgniter.php(361): CodeIgniter\CodeIgniter->handleRequest(null, Object(Config\Cache), false)
 5 FCPATH\index.php(79): CodeIgniter\CodeIgniter->run()
INFO - 2024-04-18 22:48:49 --> Session: Class initialized using 'CodeIgniter\Session\Handlers\FileHandler' driver.
CRITICAL - 2024-04-18 22:48:49 --> BadMethodCallException: Call to undefined method App\Models\ConfiguracaoModel::listarConfiguracao
in SYSTEMPATH\Model.php on line 874.
 1 APPPATH\Controllers\Login.php(21): CodeIgniter\Model->__call('listarConfiguracao', [])
 2 SYSTEMPATH\CodeIgniter.php(941): App\Controllers\Login->index()
 3 SYSTEMPATH\CodeIgniter.php(502): CodeIgniter\CodeIgniter->runController(Object(App\Controllers\Login))
 4 SYSTEMPATH\CodeIgniter.php(361): CodeIgniter\CodeIgniter->handleRequest(null, Object(Config\Cache), false)
 5 FCPATH\index.php(79): CodeIgniter\CodeIgniter->run()
CRITICAL - 2024-04-18 22:49:09 --> BadMethodCallException: Call to undefined method App\Models\ConfiguracaoModel::listarConfiguracao
in SYSTEMPATH\Model.php on line 874.
 1 APPPATH\Controllers\Login.php(21): CodeIgniter\Model->__call('listarConfiguracao', [])
 2 SYSTEMPATH\CodeIgniter.php(941): App\Controllers\Login->index()
 3 SYSTEMPATH\CodeIgniter.php(502): CodeIgniter\CodeIgniter->runController(Object(App\Controllers\Login))
 4 SYSTEMPATH\CodeIgniter.php(361): CodeIgniter\CodeIgniter->handleRequest(null, Object(Config\Cache), false)
 5 FCPATH\index.php(79): CodeIgniter\CodeIgniter->run()
CRITICAL - 2024-04-18 22:49:09 --> BadMethodCallException: Call to undefined method App\Models\ConfiguracaoModel::listarConfiguracao
in SYSTEMPATH\Model.php on line 874.
 1 APPPATH\Controllers\Login.php(21): CodeIgniter\Model->__call('listarConfiguracao', [])
 2 SYSTEMPATH\CodeIgniter.php(941): App\Controllers\Login->index()
 3 SYSTEMPATH\CodeIgniter.php(502): CodeIgniter\CodeIgniter->runController(Object(App\Controllers\Login))
 4 SYSTEMPATH\CodeIgniter.php(361): CodeIgniter\CodeIgniter->handleRequest(null, Object(Config\Cache), false)
 5 FCPATH\index.php(79): CodeIgniter\CodeIgniter->run()
CRITICAL - 2024-04-18 22:51:39 --> BadMethodCallException: Call to undefined method App\Models\ConfiguracaoModel::listarConfiguracao
in SYSTEMPATH\Model.php on line 874.
 1 APPPATH\Controllers\Login.php(21): CodeIgniter\Model->__call('listarConfiguracao', [])
 2 SYSTEMPATH\CodeIgniter.php(941): App\Controllers\Login->index()
 3 SYSTEMPATH\CodeIgniter.php(502): CodeIgniter\CodeIgniter->runController(Object(App\Controllers\Login))
 4 SYSTEMPATH\CodeIgniter.php(361): CodeIgniter\CodeIgniter->handleRequest(null, Object(Config\Cache), false)
 5 FCPATH\index.php(79): CodeIgniter\CodeIgniter->run()
CRITICAL - 2024-04-18 22:52:59 --> BadMethodCallException: Call to undefined method App\Models\ConfiguracaoModel::listarConfiguracao
in SYSTEMPATH\Model.php on line 874.
 1 APPPATH\Controllers\Login.php(21): CodeIgniter\Model->__call('listarConfiguracao', [])
 2 SYSTEMPATH\CodeIgniter.php(941): App\Controllers\Login->index()
 3 SYSTEMPATH\CodeIgniter.php(502): CodeIgniter\CodeIgniter->runController(Object(App\Controllers\Login))
 4 SYSTEMPATH\CodeIgniter.php(361): CodeIgniter\CodeIgniter->handleRequest(null, Object(Config\Cache), false)
 5 FCPATH\index.php(79): CodeIgniter\CodeIgniter->run()
CRITICAL - 2024-04-18 22:53:00 --> BadMethodCallException: Call to undefined method App\Models\ConfiguracaoModel::listarConfiguracao
in SYSTEMPATH\Model.php on line 874.
 1 APPPATH\Controllers\Login.php(21): CodeIgniter\Model->__call('listarConfiguracao', [])
 2 SYSTEMPATH\CodeIgniter.php(941): App\Controllers\Login->index()
 3 SYSTEMPATH\CodeIgniter.php(502): CodeIgniter\CodeIgniter->runController(Object(App\Controllers\Login))
 4 SYSTEMPATH\CodeIgniter.php(361): CodeIgniter\CodeIgniter->handleRequest(null, Object(Config\Cache), false)
 5 FCPATH\index.php(79): CodeIgniter\CodeIgniter->run()
INFO - 2024-04-18 22:54:15 --> Session: Class initialized using 'CodeIgniter\Session\Handlers\FileHandler' driver.
INFO - 2024-04-18 22:54:55 --> Session: Class initialized using 'CodeIgniter\Session\Handlers\FileHandler' driver.
INFO - 2024-04-18 22:55:08 --> Session: Class initialized using 'CodeIgniter\Session\Handlers\FileHandler' driver.
