CRITICAL - 2024-03-28 11:39:54 --> ErrorException: Array to string conversion
in APPPATH/Views/cliente/login.php on line 7.
 1 APPPATH/Views/cliente/login.php(7): CodeIgniter\Debug\Exceptions->errorHandler(2, 'Array to string conversion', '/home/pixcatalogo/catalogo.pixcatalogo.com.br/app/Views/cliente/login.php', 7)
 2 SYSTEMPATH/View/View.php(228): include('/home/pixcatalogo/catalogo.pixcatalogo.com.br/app/Views/cliente/login.php')
 3 SYSTEMPATH/View/View.php(231): CodeIgniter\View\View->CodeIgniter\View\{closure}()
 4 SYSTEMPATH/Common.php(1178): CodeIgniter\View\View->render('cliente/login', [], true)
 5 APPPATH/Controllers/Cliente.php(140): view('cliente/login', [])
 6 SYSTEMPATH/CodeIgniter.php(941): App\Controllers\Cliente->logar()
 7 SYSTEMPATH/CodeIgniter.php(502): CodeIgniter\CodeIgniter->runController(Object(App\Controllers\Cliente))
 8 SYSTEMPATH/CodeIgniter.php(361): CodeIgniter\CodeIgniter->handleRequest(null, Object(Config\Cache), false)
 9 FCPATH/index.php(79): CodeIgniter\CodeIgniter->run()
CRITICAL - 2024-03-28 11:40:13 --> ErrorException: Array to string conversion
in APPPATH/Views/cliente/login.php on line 7.
 1 APPPATH/Views/cliente/login.php(7): CodeIgniter\Debug\Exceptions->errorHandler(2, 'Array to string conversion', '/home/pixcatalogo/catalogo.pixcatalogo.com.br/app/Views/cliente/login.php', 7)
 2 SYSTEMPATH/View/View.php(228): include('/home/pixcatalogo/catalogo.pixcatalogo.com.br/app/Views/cliente/login.php')
 3 SYSTEMPATH/View/View.php(231): CodeIgniter\View\View->CodeIgniter\View\{closure}()
 4 SYSTEMPATH/Common.php(1178): CodeIgniter\View\View->render('cliente/login', [], true)
 5 APPPATH/Controllers/Cliente.php(140): view('cliente/login', [])
 6 SYSTEMPATH/CodeIgniter.php(941): App\Controllers\Cliente->logar()
 7 SYSTEMPATH/CodeIgniter.php(502): CodeIgniter\CodeIgniter->runController(Object(App\Controllers\Cliente))
 8 SYSTEMPATH/CodeIgniter.php(361): CodeIgniter\CodeIgniter->handleRequest(null, Object(Config\Cache), false)
 9 FCPATH/index.php(79): CodeIgniter\CodeIgniter->run()
CRITICAL - 2024-03-28 12:38:41 --> ErrorException: Trying to access array offset on value of type null
in APPPATH/Views/qr_code.php on line 133.
 1 APPPATH/Views/qr_code.php(133): CodeIgniter\Debug\Exceptions->errorHandler(2, 'Trying to access array offset on value of type null', '/home/pixcatalogo/catalogo.pixcatalogo.com.br/app/Views/qr_code.php', 133)
 2 SYSTEMPATH/View/View.php(228): include('/home/pixcatalogo/catalogo.pixcatalogo.com.br/app/Views/qr_code.php')
 3 SYSTEMPATH/View/View.php(231): CodeIgniter\View\View->CodeIgniter\View\{closure}()
 4 SYSTEMPATH/Common.php(1178): CodeIgniter\View\View->render('qr_code', [], true)
 5 APPPATH/Controllers/QrCodeProduto.php(60): view('qr_code', [...])
 6 SYSTEMPATH/CodeIgniter.php(941): App\Controllers\QrCodeProduto->get('21')
 7 SYSTEMPATH/CodeIgniter.php(502): CodeIgniter\CodeIgniter->runController(Object(App\Controllers\QrCodeProduto))
 8 SYSTEMPATH/CodeIgniter.php(361): CodeIgniter\CodeIgniter->handleRequest(null, Object(Config\Cache), false)
 9 FCPATH/index.php(79): CodeIgniter\CodeIgniter->run()
CRITICAL - 2024-03-28 12:38:59 --> ErrorException: Trying to access array offset on value of type null
in APPPATH/Views/qr_code.php on line 133.
 1 APPPATH/Views/qr_code.php(133): CodeIgniter\Debug\Exceptions->errorHandler(2, 'Trying to access array offset on value of type null', '/home/pixcatalogo/catalogo.pixcatalogo.com.br/app/Views/qr_code.php', 133)
 2 SYSTEMPATH/View/View.php(228): include('/home/pixcatalogo/catalogo.pixcatalogo.com.br/app/Views/qr_code.php')
 3 SYSTEMPATH/View/View.php(231): CodeIgniter\View\View->CodeIgniter\View\{closure}()
 4 SYSTEMPATH/Common.php(1178): CodeIgniter\View\View->render('qr_code', [], true)
 5 APPPATH/Controllers/QrCodeProduto.php(60): view('qr_code', [...])
 6 SYSTEMPATH/CodeIgniter.php(941): App\Controllers\QrCodeProduto->get('21')
 7 SYSTEMPATH/CodeIgniter.php(502): CodeIgniter\CodeIgniter->runController(Object(App\Controllers\QrCodeProduto))
 8 SYSTEMPATH/CodeIgniter.php(361): CodeIgniter\CodeIgniter->handleRequest(null, Object(Config\Cache), false)
 9 FCPATH/index.php(79): CodeIgniter\CodeIgniter->run()
CRITICAL - 2024-03-28 12:39:05 --> ErrorException: Trying to access array offset on value of type null
in APPPATH/Views/qr_code.php on line 133.
 1 APPPATH/Views/qr_code.php(133): CodeIgniter\Debug\Exceptions->errorHandler(2, 'Trying to access array offset on value of type null', '/home/pixcatalogo/catalogo.pixcatalogo.com.br/app/Views/qr_code.php', 133)
 2 SYSTEMPATH/View/View.php(228): include('/home/pixcatalogo/catalogo.pixcatalogo.com.br/app/Views/qr_code.php')
 3 SYSTEMPATH/View/View.php(231): CodeIgniter\View\View->CodeIgniter\View\{closure}()
 4 SYSTEMPATH/Common.php(1178): CodeIgniter\View\View->render('qr_code', [], true)
 5 APPPATH/Controllers/QrCodeProduto.php(60): view('qr_code', [...])
 6 SYSTEMPATH/CodeIgniter.php(941): App\Controllers\QrCodeProduto->get('22')
 7 SYSTEMPATH/CodeIgniter.php(502): CodeIgniter\CodeIgniter->runController(Object(App\Controllers\QrCodeProduto))
 8 SYSTEMPATH/CodeIgniter.php(361): CodeIgniter\CodeIgniter->handleRequest(null, Object(Config\Cache), false)
 9 FCPATH/index.php(79): CodeIgniter\CodeIgniter->run()
CRITICAL - 2024-03-28 12:39:08 --> ErrorException: Trying to access array offset on value of type null
in APPPATH/Views/qr_code.php on line 133.
 1 APPPATH/Views/qr_code.php(133): CodeIgniter\Debug\Exceptions->errorHandler(2, 'Trying to access array offset on value of type null', '/home/pixcatalogo/catalogo.pixcatalogo.com.br/app/Views/qr_code.php', 133)
 2 SYSTEMPATH/View/View.php(228): include('/home/pixcatalogo/catalogo.pixcatalogo.com.br/app/Views/qr_code.php')
 3 SYSTEMPATH/View/View.php(231): CodeIgniter\View\View->CodeIgniter\View\{closure}()
 4 SYSTEMPATH/Common.php(1178): CodeIgniter\View\View->render('qr_code', [], true)
 5 APPPATH/Controllers/QrCodeProduto.php(60): view('qr_code', [...])
 6 SYSTEMPATH/CodeIgniter.php(941): App\Controllers\QrCodeProduto->get('23')
 7 SYSTEMPATH/CodeIgniter.php(502): CodeIgniter\CodeIgniter->runController(Object(App\Controllers\QrCodeProduto))
 8 SYSTEMPATH/CodeIgniter.php(361): CodeIgniter\CodeIgniter->handleRequest(null, Object(Config\Cache), false)
 9 FCPATH/index.php(79): CodeIgniter\CodeIgniter->run()
CRITICAL - 2024-03-28 12:39:11 --> ErrorException: Trying to access array offset on value of type null
in APPPATH/Views/qr_code.php on line 133.
 1 APPPATH/Views/qr_code.php(133): CodeIgniter\Debug\Exceptions->errorHandler(2, 'Trying to access array offset on value of type null', '/home/pixcatalogo/catalogo.pixcatalogo.com.br/app/Views/qr_code.php', 133)
 2 SYSTEMPATH/View/View.php(228): include('/home/pixcatalogo/catalogo.pixcatalogo.com.br/app/Views/qr_code.php')
 3 SYSTEMPATH/View/View.php(231): CodeIgniter\View\View->CodeIgniter\View\{closure}()
 4 SYSTEMPATH/Common.php(1178): CodeIgniter\View\View->render('qr_code', [], true)
 5 APPPATH/Controllers/QrCodeProduto.php(60): view('qr_code', [...])
 6 SYSTEMPATH/CodeIgniter.php(941): App\Controllers\QrCodeProduto->get('24')
 7 SYSTEMPATH/CodeIgniter.php(502): CodeIgniter\CodeIgniter->runController(Object(App\Controllers\QrCodeProduto))
 8 SYSTEMPATH/CodeIgniter.php(361): CodeIgniter\CodeIgniter->handleRequest(null, Object(Config\Cache), false)
 9 FCPATH/index.php(79): CodeIgniter\CodeIgniter->run()
CRITICAL - 2024-03-28 12:39:14 --> ErrorException: Trying to access array offset on value of type null
in APPPATH/Views/qr_code.php on line 133.
 1 APPPATH/Views/qr_code.php(133): CodeIgniter\Debug\Exceptions->errorHandler(2, 'Trying to access array offset on value of type null', '/home/pixcatalogo/catalogo.pixcatalogo.com.br/app/Views/qr_code.php', 133)
 2 SYSTEMPATH/View/View.php(228): include('/home/pixcatalogo/catalogo.pixcatalogo.com.br/app/Views/qr_code.php')
 3 SYSTEMPATH/View/View.php(231): CodeIgniter\View\View->CodeIgniter\View\{closure}()
 4 SYSTEMPATH/Common.php(1178): CodeIgniter\View\View->render('qr_code', [], true)
 5 APPPATH/Controllers/QrCodeProduto.php(60): view('qr_code', [...])
 6 SYSTEMPATH/CodeIgniter.php(941): App\Controllers\QrCodeProduto->get('26')
 7 SYSTEMPATH/CodeIgniter.php(502): CodeIgniter\CodeIgniter->runController(Object(App\Controllers\QrCodeProduto))
 8 SYSTEMPATH/CodeIgniter.php(361): CodeIgniter\CodeIgniter->handleRequest(null, Object(Config\Cache), false)
 9 FCPATH/index.php(79): CodeIgniter\CodeIgniter->run()
CRITICAL - 2024-03-28 12:39:17 --> ErrorException: Trying to access array offset on value of type null
in APPPATH/Views/qr_code.php on line 133.
 1 APPPATH/Views/qr_code.php(133): CodeIgniter\Debug\Exceptions->errorHandler(2, 'Trying to access array offset on value of type null', '/home/pixcatalogo/catalogo.pixcatalogo.com.br/app/Views/qr_code.php', 133)
 2 SYSTEMPATH/View/View.php(228): include('/home/pixcatalogo/catalogo.pixcatalogo.com.br/app/Views/qr_code.php')
 3 SYSTEMPATH/View/View.php(231): CodeIgniter\View\View->CodeIgniter\View\{closure}()
 4 SYSTEMPATH/Common.php(1178): CodeIgniter\View\View->render('qr_code', [], true)
 5 APPPATH/Controllers/QrCodeProduto.php(60): view('qr_code', [...])
 6 SYSTEMPATH/CodeIgniter.php(941): App\Controllers\QrCodeProduto->get('27')
 7 SYSTEMPATH/CodeIgniter.php(502): CodeIgniter\CodeIgniter->runController(Object(App\Controllers\QrCodeProduto))
 8 SYSTEMPATH/CodeIgniter.php(361): CodeIgniter\CodeIgniter->handleRequest(null, Object(Config\Cache), false)
 9 FCPATH/index.php(79): CodeIgniter\CodeIgniter->run()
CRITICAL - 2024-03-28 12:39:20 --> ErrorException: Trying to access array offset on value of type null
in APPPATH/Views/qr_code.php on line 133.
 1 APPPATH/Views/qr_code.php(133): CodeIgniter\Debug\Exceptions->errorHandler(2, 'Trying to access array offset on value of type null', '/home/pixcatalogo/catalogo.pixcatalogo.com.br/app/Views/qr_code.php', 133)
 2 SYSTEMPATH/View/View.php(228): include('/home/pixcatalogo/catalogo.pixcatalogo.com.br/app/Views/qr_code.php')
 3 SYSTEMPATH/View/View.php(231): CodeIgniter\View\View->CodeIgniter\View\{closure}()
 4 SYSTEMPATH/Common.php(1178): CodeIgniter\View\View->render('qr_code', [], true)
 5 APPPATH/Controllers/QrCodeProduto.php(60): view('qr_code', [...])
 6 SYSTEMPATH/CodeIgniter.php(941): App\Controllers\QrCodeProduto->get('29')
 7 SYSTEMPATH/CodeIgniter.php(502): CodeIgniter\CodeIgniter->runController(Object(App\Controllers\QrCodeProduto))
 8 SYSTEMPATH/CodeIgniter.php(361): CodeIgniter\CodeIgniter->handleRequest(null, Object(Config\Cache), false)
 9 FCPATH/index.php(79): CodeIgniter\CodeIgniter->run()
CRITICAL - 2024-03-28 12:39:28 --> ErrorException: Trying to access array offset on value of type null
in APPPATH/Views/qr_code.php on line 133.
 1 APPPATH/Views/qr_code.php(133): CodeIgniter\Debug\Exceptions->errorHandler(2, 'Trying to access array offset on value of type null', '/home/pixcatalogo/catalogo.pixcatalogo.com.br/app/Views/qr_code.php', 133)
 2 SYSTEMPATH/View/View.php(228): include('/home/pixcatalogo/catalogo.pixcatalogo.com.br/app/Views/qr_code.php')
 3 SYSTEMPATH/View/View.php(231): CodeIgniter\View\View->CodeIgniter\View\{closure}()
 4 SYSTEMPATH/Common.php(1178): CodeIgniter\View\View->render('qr_code', [], true)
 5 APPPATH/Controllers/QrCodeProduto.php(60): view('qr_code', [...])
 6 SYSTEMPATH/CodeIgniter.php(941): App\Controllers\QrCodeProduto->get('32')
 7 SYSTEMPATH/CodeIgniter.php(502): CodeIgniter\CodeIgniter->runController(Object(App\Controllers\QrCodeProduto))
 8 SYSTEMPATH/CodeIgniter.php(361): CodeIgniter\CodeIgniter->handleRequest(null, Object(Config\Cache), false)
 9 FCPATH/index.php(79): CodeIgniter\CodeIgniter->run()
CRITICAL - 2024-03-28 12:39:41 --> ErrorException: Trying to access array offset on value of type null
in APPPATH/Views/qr_code.php on line 133.
 1 APPPATH/Views/qr_code.php(133): CodeIgniter\Debug\Exceptions->errorHandler(2, 'Trying to access array offset on value of type null', '/home/pixcatalogo/catalogo.pixcatalogo.com.br/app/Views/qr_code.php', 133)
 2 SYSTEMPATH/View/View.php(228): include('/home/pixcatalogo/catalogo.pixcatalogo.com.br/app/Views/qr_code.php')
 3 SYSTEMPATH/View/View.php(231): CodeIgniter\View\View->CodeIgniter\View\{closure}()
 4 SYSTEMPATH/Common.php(1178): CodeIgniter\View\View->render('qr_code', [], true)
 5 APPPATH/Controllers/QrCodeProduto.php(60): view('qr_code', [...])
 6 SYSTEMPATH/CodeIgniter.php(941): App\Controllers\QrCodeProduto->get('21')
 7 SYSTEMPATH/CodeIgniter.php(502): CodeIgniter\CodeIgniter->runController(Object(App\Controllers\QrCodeProduto))
 8 SYSTEMPATH/CodeIgniter.php(361): CodeIgniter\CodeIgniter->handleRequest(null, Object(Config\Cache), false)
 9 FCPATH/index.php(79): CodeIgniter\CodeIgniter->run()
CRITICAL - 2024-03-28 12:39:44 --> ErrorException: Trying to access array offset on value of type null
in APPPATH/Views/qr_code.php on line 133.
 1 APPPATH/Views/qr_code.php(133): CodeIgniter\Debug\Exceptions->errorHandler(2, 'Trying to access array offset on value of type null', '/home/pixcatalogo/catalogo.pixcatalogo.com.br/app/Views/qr_code.php', 133)
 2 SYSTEMPATH/View/View.php(228): include('/home/pixcatalogo/catalogo.pixcatalogo.com.br/app/Views/qr_code.php')
 3 SYSTEMPATH/View/View.php(231): CodeIgniter\View\View->CodeIgniter\View\{closure}()
 4 SYSTEMPATH/Common.php(1178): CodeIgniter\View\View->render('qr_code', [], true)
 5 APPPATH/Controllers/QrCodeProduto.php(60): view('qr_code', [...])
 6 SYSTEMPATH/CodeIgniter.php(941): App\Controllers\QrCodeProduto->get('22')
 7 SYSTEMPATH/CodeIgniter.php(502): CodeIgniter\CodeIgniter->runController(Object(App\Controllers\QrCodeProduto))
 8 SYSTEMPATH/CodeIgniter.php(361): CodeIgniter\CodeIgniter->handleRequest(null, Object(Config\Cache), false)
 9 FCPATH/index.php(79): CodeIgniter\CodeIgniter->run()
CRITICAL - 2024-03-28 12:39:48 --> ErrorException: Trying to access array offset on value of type null
in APPPATH/Views/qr_code.php on line 133.
 1 APPPATH/Views/qr_code.php(133): CodeIgniter\Debug\Exceptions->errorHandler(2, 'Trying to access array offset on value of type null', '/home/pixcatalogo/catalogo.pixcatalogo.com.br/app/Views/qr_code.php', 133)
 2 SYSTEMPATH/View/View.php(228): include('/home/pixcatalogo/catalogo.pixcatalogo.com.br/app/Views/qr_code.php')
 3 SYSTEMPATH/View/View.php(231): CodeIgniter\View\View->CodeIgniter\View\{closure}()
 4 SYSTEMPATH/Common.php(1178): CodeIgniter\View\View->render('qr_code', [], true)
 5 APPPATH/Controllers/QrCodeProduto.php(60): view('qr_code', [...])
 6 SYSTEMPATH/CodeIgniter.php(941): App\Controllers\QrCodeProduto->get('23')
 7 SYSTEMPATH/CodeIgniter.php(502): CodeIgniter\CodeIgniter->runController(Object(App\Controllers\QrCodeProduto))
 8 SYSTEMPATH/CodeIgniter.php(361): CodeIgniter\CodeIgniter->handleRequest(null, Object(Config\Cache), false)
 9 FCPATH/index.php(79): CodeIgniter\CodeIgniter->run()
CRITICAL - 2024-03-28 12:39:52 --> ErrorException: Trying to access array offset on value of type null
in APPPATH/Views/qr_code.php on line 133.
 1 APPPATH/Views/qr_code.php(133): CodeIgniter\Debug\Exceptions->errorHandler(2, 'Trying to access array offset on value of type null', '/home/pixcatalogo/catalogo.pixcatalogo.com.br/app/Views/qr_code.php', 133)
 2 SYSTEMPATH/View/View.php(228): include('/home/pixcatalogo/catalogo.pixcatalogo.com.br/app/Views/qr_code.php')
 3 SYSTEMPATH/View/View.php(231): CodeIgniter\View\View->CodeIgniter\View\{closure}()
 4 SYSTEMPATH/Common.php(1178): CodeIgniter\View\View->render('qr_code', [], true)
 5 APPPATH/Controllers/QrCodeProduto.php(60): view('qr_code', [...])
 6 SYSTEMPATH/CodeIgniter.php(941): App\Controllers\QrCodeProduto->get('24')
 7 SYSTEMPATH/CodeIgniter.php(502): CodeIgniter\CodeIgniter->runController(Object(App\Controllers\QrCodeProduto))
 8 SYSTEMPATH/CodeIgniter.php(361): CodeIgniter\CodeIgniter->handleRequest(null, Object(Config\Cache), false)
 9 FCPATH/index.php(79): CodeIgniter\CodeIgniter->run()
CRITICAL - 2024-03-28 12:39:54 --> ErrorException: Trying to access array offset on value of type null
in APPPATH/Views/qr_code.php on line 133.
 1 APPPATH/Views/qr_code.php(133): CodeIgniter\Debug\Exceptions->errorHandler(2, 'Trying to access array offset on value of type null', '/home/pixcatalogo/catalogo.pixcatalogo.com.br/app/Views/qr_code.php', 133)
 2 SYSTEMPATH/View/View.php(228): include('/home/pixcatalogo/catalogo.pixcatalogo.com.br/app/Views/qr_code.php')
 3 SYSTEMPATH/View/View.php(231): CodeIgniter\View\View->CodeIgniter\View\{closure}()
 4 SYSTEMPATH/Common.php(1178): CodeIgniter\View\View->render('qr_code', [], true)
 5 APPPATH/Controllers/QrCodeProduto.php(60): view('qr_code', [...])
 6 SYSTEMPATH/CodeIgniter.php(941): App\Controllers\QrCodeProduto->get('25')
 7 SYSTEMPATH/CodeIgniter.php(502): CodeIgniter\CodeIgniter->runController(Object(App\Controllers\QrCodeProduto))
 8 SYSTEMPATH/CodeIgniter.php(361): CodeIgniter\CodeIgniter->handleRequest(null, Object(Config\Cache), false)
 9 FCPATH/index.php(79): CodeIgniter\CodeIgniter->run()
CRITICAL - 2024-03-28 12:40:15 --> ErrorException: Trying to access array offset on value of type null
in APPPATH/Views/qr_code.php on line 133.
 1 APPPATH/Views/qr_code.php(133): CodeIgniter\Debug\Exceptions->errorHandler(2, 'Trying to access array offset on value of type null', '/home/pixcatalogo/catalogo.pixcatalogo.com.br/app/Views/qr_code.php', 133)
 2 SYSTEMPATH/View/View.php(228): include('/home/pixcatalogo/catalogo.pixcatalogo.com.br/app/Views/qr_code.php')
 3 SYSTEMPATH/View/View.php(231): CodeIgniter\View\View->CodeIgniter\View\{closure}()
 4 SYSTEMPATH/Common.php(1178): CodeIgniter\View\View->render('qr_code', [], true)
 5 APPPATH/Controllers/QrCodeProduto.php(60): view('qr_code', [...])
 6 SYSTEMPATH/CodeIgniter.php(941): App\Controllers\QrCodeProduto->get('21')
 7 SYSTEMPATH/CodeIgniter.php(502): CodeIgniter\CodeIgniter->runController(Object(App\Controllers\QrCodeProduto))
 8 SYSTEMPATH/CodeIgniter.php(361): CodeIgniter\CodeIgniter->handleRequest(null, Object(Config\Cache), false)
 9 FCPATH/index.php(79): CodeIgniter\CodeIgniter->run()
CRITICAL - 2024-03-28 13:06:37 --> ErrorException: Trying to access array offset on value of type null
in APPPATH/Views/qr_code.php on line 133.
 1 APPPATH/Views/qr_code.php(133): CodeIgniter\Debug\Exceptions->errorHandler(2, 'Trying to access array offset on value of type null', '/home/pixcatalogo/catalogo.pixcatalogo.com.br/app/Views/qr_code.php', 133)
 2 SYSTEMPATH/View/View.php(228): include('/home/pixcatalogo/catalogo.pixcatalogo.com.br/app/Views/qr_code.php')
 3 SYSTEMPATH/View/View.php(231): CodeIgniter\View\View->CodeIgniter\View\{closure}()
 4 SYSTEMPATH/Common.php(1178): CodeIgniter\View\View->render('qr_code', [], true)
 5 APPPATH/Controllers/QrCodeProduto.php(60): view('qr_code', [...])
 6 SYSTEMPATH/CodeIgniter.php(941): App\Controllers\QrCodeProduto->get('25')
 7 SYSTEMPATH/CodeIgniter.php(502): CodeIgniter\CodeIgniter->runController(Object(App\Controllers\QrCodeProduto))
 8 SYSTEMPATH/CodeIgniter.php(361): CodeIgniter\CodeIgniter->handleRequest(null, Object(Config\Cache), false)
 9 FCPATH/index.php(79): CodeIgniter\CodeIgniter->run()
CRITICAL - 2024-03-28 13:09:05 --> ErrorException: Trying to access array offset on value of type null
in APPPATH/Views/qr_code.php on line 133.
 1 APPPATH/Views/qr_code.php(133): CodeIgniter\Debug\Exceptions->errorHandler(2, 'Trying to access array offset on value of type null', '/home/pixcatalogo/catalogo.pixcatalogo.com.br/app/Views/qr_code.php', 133)
 2 SYSTEMPATH/View/View.php(228): include('/home/pixcatalogo/catalogo.pixcatalogo.com.br/app/Views/qr_code.php')
 3 SYSTEMPATH/View/View.php(231): CodeIgniter\View\View->CodeIgniter\View\{closure}()
 4 SYSTEMPATH/Common.php(1178): CodeIgniter\View\View->render('qr_code', [], true)
 5 APPPATH/Controllers/QrCodeProduto.php(60): view('qr_code', [...])
 6 SYSTEMPATH/CodeIgniter.php(941): App\Controllers\QrCodeProduto->get('25')
 7 SYSTEMPATH/CodeIgniter.php(502): CodeIgniter\CodeIgniter->runController(Object(App\Controllers\QrCodeProduto))
 8 SYSTEMPATH/CodeIgniter.php(361): CodeIgniter\CodeIgniter->handleRequest(null, Object(Config\Cache), false)
 9 FCPATH/index.php(79): CodeIgniter\CodeIgniter->run()
