CRITICAL - 2024-02-08 13:22:05 --> ErrorException: Undefined variable $banners
in APPPATH\Views\app\index.php on line 264.
 1 APPPATH\Views\app\index.php(264): CodeIgniter\Debug\Exceptions->errorHandler()
 2 SYSTEMPATH\View\View.php(228): include('C:\\Users\\vinic\\OneDrive\\Área de Trabalho\\Corven\\corvenatualizado\\app\\Views\\app\\index.php')
 3 SYSTEMPATH\View\View.php(231): CodeIgniter\View\View->CodeIgniter\View\{closure}()
 4 SYSTEMPATH\Common.php(1178): CodeIgniter\View\View->render()
 5 APPPATH\Controllers\App.php(9): view()
 6 SYSTEMPATH\CodeIgniter.php(941): App\Controllers\App->index()
 7 SYSTEMPATH\CodeIgniter.php(502): CodeIgniter\CodeIgniter->runController()
 8 SYSTEMPATH\CodeIgniter.php(361): CodeIgniter\CodeIgniter->handleRequest()
 9 FCPATH\index.php(79): CodeIgniter\CodeIgniter->run()
10 SYSTEMPATH\Commands\Server\rewrite.php(47): require_once('C:\\Users\\vinic\\OneDrive\\Área de Trabalho\\Corven\\corvenatualizado\\public\\index.php')
CRITICAL - 2024-02-08 13:22:13 --> ErrorException: Undefined variable $banners
in APPPATH\Views\app\index.php on line 264.
 1 APPPATH\Views\app\index.php(264): CodeIgniter\Debug\Exceptions->errorHandler()
 2 SYSTEMPATH\View\View.php(228): include('C:\\Users\\vinic\\OneDrive\\Área de Trabalho\\Corven\\corvenatualizado\\app\\Views\\app\\index.php')
 3 SYSTEMPATH\View\View.php(231): CodeIgniter\View\View->CodeIgniter\View\{closure}()
 4 SYSTEMPATH\Common.php(1178): CodeIgniter\View\View->render()
 5 APPPATH\Controllers\App.php(9): view()
 6 SYSTEMPATH\CodeIgniter.php(941): App\Controllers\App->index()
 7 SYSTEMPATH\CodeIgniter.php(502): CodeIgniter\CodeIgniter->runController()
 8 SYSTEMPATH\CodeIgniter.php(361): CodeIgniter\CodeIgniter->handleRequest()
 9 FCPATH\index.php(79): CodeIgniter\CodeIgniter->run()
10 SYSTEMPATH\Commands\Server\rewrite.php(47): require_once('C:\\Users\\vinic\\OneDrive\\Área de Trabalho\\Corven\\corvenatualizado\\public\\index.php')
CRITICAL - 2024-02-08 13:22:14 --> ErrorException: Undefined variable $banners
in APPPATH\Views\app\index.php on line 264.
 1 APPPATH\Views\app\index.php(264): CodeIgniter\Debug\Exceptions->errorHandler()
 2 SYSTEMPATH\View\View.php(228): include('C:\\Users\\vinic\\OneDrive\\Área de Trabalho\\Corven\\corvenatualizado\\app\\Views\\app\\index.php')
 3 SYSTEMPATH\View\View.php(231): CodeIgniter\View\View->CodeIgniter\View\{closure}()
 4 SYSTEMPATH\Common.php(1178): CodeIgniter\View\View->render()
 5 APPPATH\Controllers\App.php(9): view()
 6 SYSTEMPATH\CodeIgniter.php(941): App\Controllers\App->index()
 7 SYSTEMPATH\CodeIgniter.php(502): CodeIgniter\CodeIgniter->runController()
 8 SYSTEMPATH\CodeIgniter.php(361): CodeIgniter\CodeIgniter->handleRequest()
 9 FCPATH\index.php(79): CodeIgniter\CodeIgniter->run()
10 SYSTEMPATH\Commands\Server\rewrite.php(47): require_once('C:\\Users\\vinic\\OneDrive\\Área de Trabalho\\Corven\\corvenatualizado\\public\\index.php')
CRITICAL - 2024-02-08 13:22:15 --> ErrorException: Undefined variable $banners
in APPPATH\Views\app\index.php on line 264.
 1 APPPATH\Views\app\index.php(264): CodeIgniter\Debug\Exceptions->errorHandler()
 2 SYSTEMPATH\View\View.php(228): include('C:\\Users\\vinic\\OneDrive\\Área de Trabalho\\Corven\\corvenatualizado\\app\\Views\\app\\index.php')
 3 SYSTEMPATH\View\View.php(231): CodeIgniter\View\View->CodeIgniter\View\{closure}()
 4 SYSTEMPATH\Common.php(1178): CodeIgniter\View\View->render()
 5 APPPATH\Controllers\App.php(9): view()
 6 SYSTEMPATH\CodeIgniter.php(941): App\Controllers\App->index()
 7 SYSTEMPATH\CodeIgniter.php(502): CodeIgniter\CodeIgniter->runController()
 8 SYSTEMPATH\CodeIgniter.php(361): CodeIgniter\CodeIgniter->handleRequest()
 9 FCPATH\index.php(79): CodeIgniter\CodeIgniter->run()
10 SYSTEMPATH\Commands\Server\rewrite.php(47): require_once('C:\\Users\\vinic\\OneDrive\\Área de Trabalho\\Corven\\corvenatualizado\\public\\index.php')
CRITICAL - 2024-02-08 13:22:21 --> ErrorException: Undefined variable $banners
in APPPATH\Views\app\index.php on line 264.
 1 APPPATH\Views\app\index.php(264): CodeIgniter\Debug\Exceptions->errorHandler()
 2 SYSTEMPATH\View\View.php(228): include('C:\\Users\\vinic\\OneDrive\\Área de Trabalho\\Corven\\corvenatualizado\\app\\Views\\app\\index.php')
 3 SYSTEMPATH\View\View.php(231): CodeIgniter\View\View->CodeIgniter\View\{closure}()
 4 SYSTEMPATH\Common.php(1178): CodeIgniter\View\View->render()
 5 APPPATH\Controllers\App.php(9): view()
 6 SYSTEMPATH\CodeIgniter.php(941): App\Controllers\App->index()
 7 SYSTEMPATH\CodeIgniter.php(502): CodeIgniter\CodeIgniter->runController()
 8 SYSTEMPATH\CodeIgniter.php(361): CodeIgniter\CodeIgniter->handleRequest()
 9 FCPATH\index.php(79): CodeIgniter\CodeIgniter->run()
10 SYSTEMPATH\Commands\Server\rewrite.php(47): require_once('C:\\Users\\vinic\\OneDrive\\Área de Trabalho\\Corven\\corvenatualizado\\public\\index.php')
CRITICAL - 2024-02-08 13:23:11 --> ErrorException: Undefined variable $banners
in APPPATH\Views\app\index.php on line 264.
 1 APPPATH\Views\app\index.php(264): CodeIgniter\Debug\Exceptions->errorHandler()
 2 SYSTEMPATH\View\View.php(228): include('C:\\Users\\vinic\\OneDrive\\Área de Trabalho\\Corven\\corvenatualizado\\app\\Views\\app\\index.php')
 3 SYSTEMPATH\View\View.php(231): CodeIgniter\View\View->CodeIgniter\View\{closure}()
 4 SYSTEMPATH\Common.php(1178): CodeIgniter\View\View->render()
 5 APPPATH\Controllers\App.php(9): view()
 6 SYSTEMPATH\CodeIgniter.php(941): App\Controllers\App->index()
 7 SYSTEMPATH\CodeIgniter.php(502): CodeIgniter\CodeIgniter->runController()
 8 SYSTEMPATH\CodeIgniter.php(361): CodeIgniter\CodeIgniter->handleRequest()
 9 FCPATH\index.php(79): CodeIgniter\CodeIgniter->run()
10 SYSTEMPATH\Commands\Server\rewrite.php(47): require_once('C:\\Users\\vinic\\OneDrive\\Área de Trabalho\\Corven\\corvenatualizado\\public\\index.php')
CRITICAL - 2024-02-08 13:23:11 --> ErrorException: Undefined variable $banners
in APPPATH\Views\app\index.php on line 264.
 1 APPPATH\Views\app\index.php(264): CodeIgniter\Debug\Exceptions->errorHandler()
 2 SYSTEMPATH\View\View.php(228): include('C:\\Users\\vinic\\OneDrive\\Área de Trabalho\\Corven\\corvenatualizado\\app\\Views\\app\\index.php')
 3 SYSTEMPATH\View\View.php(231): CodeIgniter\View\View->CodeIgniter\View\{closure}()
 4 SYSTEMPATH\Common.php(1178): CodeIgniter\View\View->render()
 5 APPPATH\Controllers\App.php(9): view()
 6 SYSTEMPATH\CodeIgniter.php(941): App\Controllers\App->index()
 7 SYSTEMPATH\CodeIgniter.php(502): CodeIgniter\CodeIgniter->runController()
 8 SYSTEMPATH\CodeIgniter.php(361): CodeIgniter\CodeIgniter->handleRequest()
 9 FCPATH\index.php(79): CodeIgniter\CodeIgniter->run()
10 SYSTEMPATH\Commands\Server\rewrite.php(47): require_once('C:\\Users\\vinic\\OneDrive\\Área de Trabalho\\Corven\\corvenatualizado\\public\\index.php')
CRITICAL - 2024-02-08 13:23:32 --> ErrorException: Undefined variable $banners
in APPPATH\Views\app\index.php on line 264.
 1 APPPATH\Views\app\index.php(264): CodeIgniter\Debug\Exceptions->errorHandler()
 2 SYSTEMPATH\View\View.php(228): include('C:\\Users\\vinic\\OneDrive\\Área de Trabalho\\Corven\\corvenatualizado\\app\\Views\\app\\index.php')
 3 SYSTEMPATH\View\View.php(231): CodeIgniter\View\View->CodeIgniter\View\{closure}()
 4 SYSTEMPATH\Common.php(1178): CodeIgniter\View\View->render()
 5 APPPATH\Controllers\App.php(9): view()
 6 SYSTEMPATH\CodeIgniter.php(941): App\Controllers\App->index()
 7 SYSTEMPATH\CodeIgniter.php(502): CodeIgniter\CodeIgniter->runController()
 8 SYSTEMPATH\CodeIgniter.php(361): CodeIgniter\CodeIgniter->handleRequest()
 9 FCPATH\index.php(79): CodeIgniter\CodeIgniter->run()
10 SYSTEMPATH\Commands\Server\rewrite.php(47): require_once('C:\\Users\\vinic\\OneDrive\\Área de Trabalho\\Corven\\corvenatualizado\\public\\index.php')
CRITICAL - 2024-02-08 13:23:36 --> ErrorException: Undefined variable $banners
in APPPATH\Views\app\index.php on line 264.
 1 APPPATH\Views\app\index.php(264): CodeIgniter\Debug\Exceptions->errorHandler()
 2 SYSTEMPATH\View\View.php(228): include('C:\\Users\\vinic\\OneDrive\\Área de Trabalho\\Corven\\corvenatualizado\\app\\Views\\app\\index.php')
 3 SYSTEMPATH\View\View.php(231): CodeIgniter\View\View->CodeIgniter\View\{closure}()
 4 SYSTEMPATH\Common.php(1178): CodeIgniter\View\View->render()
 5 APPPATH\Controllers\App.php(9): view()
 6 SYSTEMPATH\CodeIgniter.php(941): App\Controllers\App->index()
 7 SYSTEMPATH\CodeIgniter.php(502): CodeIgniter\CodeIgniter->runController()
 8 SYSTEMPATH\CodeIgniter.php(361): CodeIgniter\CodeIgniter->handleRequest()
 9 FCPATH\index.php(79): CodeIgniter\CodeIgniter->run()
10 SYSTEMPATH\Commands\Server\rewrite.php(47): require_once('C:\\Users\\vinic\\OneDrive\\Área de Trabalho\\Corven\\corvenatualizado\\public\\index.php')
CRITICAL - 2024-02-08 13:24:23 --> CodeIgniter\View\Exceptions\ViewException: Invalid file: "app.index"
in SYSTEMPATH\Exceptions\FrameworkException.php on line 39.
 1 SYSTEMPATH\View\View.php(216): CodeIgniter\Exceptions\FrameworkException::forInvalidFile()
 2 SYSTEMPATH\Common.php(1178): CodeIgniter\View\View->render()
 3 APPPATH\Controllers\App.php(9): view()
 4 SYSTEMPATH\CodeIgniter.php(941): App\Controllers\App->index()
 5 SYSTEMPATH\CodeIgniter.php(502): CodeIgniter\CodeIgniter->runController()
 6 SYSTEMPATH\CodeIgniter.php(361): CodeIgniter\CodeIgniter->handleRequest()
 7 FCPATH\index.php(79): CodeIgniter\CodeIgniter->run()
 8 SYSTEMPATH\Commands\Server\rewrite.php(47): require_once('C:\\Users\\vinic\\OneDrive\\Área de Trabalho\\Corven\\corvenatualizado\\public\\index.php')
CRITICAL - 2024-02-08 13:25:37 --> ErrorException: Undefined variable $banners
in APPPATH\Views\app\index.php on line 264.
 1 APPPATH\Views\app\index.php(264): CodeIgniter\Debug\Exceptions->errorHandler()
 2 SYSTEMPATH\View\View.php(228): include('C:\\Users\\vinic\\OneDrive\\Área de Trabalho\\Corven\\corvenatualizado\\app\\Views\\app\\index.php')
 3 SYSTEMPATH\View\View.php(231): CodeIgniter\View\View->CodeIgniter\View\{closure}()
 4 SYSTEMPATH\Common.php(1178): CodeIgniter\View\View->render()
 5 APPPATH\Controllers\App.php(11): view()
 6 SYSTEMPATH\CodeIgniter.php(941): App\Controllers\App->index()
 7 SYSTEMPATH\CodeIgniter.php(502): CodeIgniter\CodeIgniter->runController()
 8 SYSTEMPATH\CodeIgniter.php(361): CodeIgniter\CodeIgniter->handleRequest()
 9 FCPATH\index.php(79): CodeIgniter\CodeIgniter->run()
10 SYSTEMPATH\Commands\Server\rewrite.php(47): require_once('C:\\Users\\vinic\\OneDrive\\Área de Trabalho\\Corven\\corvenatualizado\\public\\index.php')
CRITICAL - 2024-02-08 13:37:03 --> ErrorException: Undefined variable $banners
in APPPATH\Views\app\index.php on line 264.
 1 APPPATH\Views\app\index.php(264): CodeIgniter\Debug\Exceptions->errorHandler()
 2 SYSTEMPATH\View\View.php(228): include('C:\\Users\\vinic\\OneDrive\\Área de Trabalho\\Corven\\corvenatualizado\\app\\Views\\app\\index.php')
 3 SYSTEMPATH\View\View.php(231): CodeIgniter\View\View->CodeIgniter\View\{closure}()
 4 SYSTEMPATH\Common.php(1178): CodeIgniter\View\View->render()
 5 APPPATH\Controllers\App.php(11): view()
 6 SYSTEMPATH\CodeIgniter.php(941): App\Controllers\App->index()
 7 SYSTEMPATH\CodeIgniter.php(502): CodeIgniter\CodeIgniter->runController()
 8 SYSTEMPATH\CodeIgniter.php(361): CodeIgniter\CodeIgniter->handleRequest()
 9 FCPATH\index.php(79): CodeIgniter\CodeIgniter->run()
10 SYSTEMPATH\Commands\Server\rewrite.php(47): require_once('C:\\Users\\vinic\\OneDrive\\Área de Trabalho\\Corven\\corvenatualizado\\public\\index.php')
CRITICAL - 2024-02-08 13:38:19 --> ErrorException: Undefined variable $banners
in APPPATH\Views\app\index.php on line 264.
 1 APPPATH\Views\app\index.php(264): CodeIgniter\Debug\Exceptions->errorHandler()
 2 SYSTEMPATH\View\View.php(228): include('C:\\Users\\vinic\\OneDrive\\Área de Trabalho\\Corven\\corvenatualizado\\app\\Views\\app\\index.php')
 3 SYSTEMPATH\View\View.php(231): CodeIgniter\View\View->CodeIgniter\View\{closure}()
 4 SYSTEMPATH\Common.php(1178): CodeIgniter\View\View->render()
 5 APPPATH\Controllers\App.php(11): view()
 6 SYSTEMPATH\CodeIgniter.php(941): App\Controllers\App->index()
 7 SYSTEMPATH\CodeIgniter.php(502): CodeIgniter\CodeIgniter->runController()
 8 SYSTEMPATH\CodeIgniter.php(361): CodeIgniter\CodeIgniter->handleRequest()
 9 FCPATH\index.php(79): CodeIgniter\CodeIgniter->run()
10 SYSTEMPATH\Commands\Server\rewrite.php(47): require_once('C:\\Users\\vinic\\OneDrive\\Área de Trabalho\\Corven\\corvenatualizado\\public\\index.php')
CRITICAL - 2024-02-08 13:42:07 --> ErrorException: Undefined variable $banners
in APPPATH\Views\app\index.php on line 264.
 1 APPPATH\Views\app\index.php(264): CodeIgniter\Debug\Exceptions->errorHandler()
 2 SYSTEMPATH\View\View.php(228): include('C:\\Users\\vinic\\OneDrive\\Área de Trabalho\\Corven\\corvenatualizado\\app\\Views\\app\\index.php')
 3 SYSTEMPATH\View\View.php(231): CodeIgniter\View\View->CodeIgniter\View\{closure}()
 4 SYSTEMPATH\Common.php(1178): CodeIgniter\View\View->render()
 5 APPPATH\Controllers\App.php(11): view()
 6 SYSTEMPATH\CodeIgniter.php(941): App\Controllers\App->index()
 7 SYSTEMPATH\CodeIgniter.php(502): CodeIgniter\CodeIgniter->runController()
 8 SYSTEMPATH\CodeIgniter.php(361): CodeIgniter\CodeIgniter->handleRequest()
 9 FCPATH\index.php(79): CodeIgniter\CodeIgniter->run()
10 SYSTEMPATH\Commands\Server\rewrite.php(47): require_once('C:\\Users\\vinic\\OneDrive\\Área de Trabalho\\Corven\\corvenatualizado\\public\\index.php')
CRITICAL - 2024-02-08 13:44:55 --> ErrorException: Undefined variable $banners
in APPPATH\Views\app\index.php on line 264.
 1 APPPATH\Views\app\index.php(264): CodeIgniter\Debug\Exceptions->errorHandler()
 2 SYSTEMPATH\View\View.php(228): include('C:\\Users\\vinic\\OneDrive\\Área de Trabalho\\Corven\\corvenatualizado\\app\\Views\\app\\index.php')
 3 SYSTEMPATH\View\View.php(231): CodeIgniter\View\View->CodeIgniter\View\{closure}()
 4 SYSTEMPATH\Common.php(1178): CodeIgniter\View\View->render()
 5 APPPATH\Controllers\App.php(11): view()
 6 SYSTEMPATH\CodeIgniter.php(941): App\Controllers\App->index()
 7 SYSTEMPATH\CodeIgniter.php(502): CodeIgniter\CodeIgniter->runController()
 8 SYSTEMPATH\CodeIgniter.php(361): CodeIgniter\CodeIgniter->handleRequest()
 9 FCPATH\index.php(79): CodeIgniter\CodeIgniter->run()
10 SYSTEMPATH\Commands\Server\rewrite.php(47): require_once('C:\\Users\\vinic\\OneDrive\\Área de Trabalho\\Corven\\corvenatualizado\\public\\index.php')
CRITICAL - 2024-02-08 13:45:22 --> ErrorException: Undefined variable $banners
in APPPATH\Views\app\index.php on line 264.
 1 APPPATH\Views\app\index.php(264): CodeIgniter\Debug\Exceptions->errorHandler()
 2 SYSTEMPATH\View\View.php(228): include('C:\\Users\\vinic\\OneDrive\\Área de Trabalho\\Corven\\corvenatualizado\\app\\Views\\app\\index.php')
 3 SYSTEMPATH\View\View.php(231): CodeIgniter\View\View->CodeIgniter\View\{closure}()
 4 SYSTEMPATH\Common.php(1178): CodeIgniter\View\View->render()
 5 APPPATH\Controllers\App.php(11): view()
 6 SYSTEMPATH\CodeIgniter.php(941): App\Controllers\App->index()
 7 SYSTEMPATH\CodeIgniter.php(502): CodeIgniter\CodeIgniter->runController()
 8 SYSTEMPATH\CodeIgniter.php(361): CodeIgniter\CodeIgniter->handleRequest()
 9 FCPATH\index.php(79): CodeIgniter\CodeIgniter->run()
10 SYSTEMPATH\Commands\Server\rewrite.php(47): require_once('C:\\Users\\vinic\\OneDrive\\Área de Trabalho\\Corven\\corvenatualizado\\public\\index.php')
CRITICAL - 2024-02-08 13:45:43 --> ErrorException: Undefined variable $banners
in APPPATH\Views\app\index.php on line 264.
 1 APPPATH\Views\app\index.php(264): CodeIgniter\Debug\Exceptions->errorHandler()
 2 SYSTEMPATH\View\View.php(228): include('C:\\Users\\vinic\\OneDrive\\Área de Trabalho\\Corven\\corvenatualizado\\app\\Views\\app\\index.php')
 3 SYSTEMPATH\View\View.php(231): CodeIgniter\View\View->CodeIgniter\View\{closure}()
 4 SYSTEMPATH\Common.php(1178): CodeIgniter\View\View->render()
 5 APPPATH\Controllers\App.php(11): view()
 6 SYSTEMPATH\CodeIgniter.php(941): App\Controllers\App->index()
 7 SYSTEMPATH\CodeIgniter.php(502): CodeIgniter\CodeIgniter->runController()
 8 SYSTEMPATH\CodeIgniter.php(361): CodeIgniter\CodeIgniter->handleRequest()
 9 FCPATH\index.php(79): CodeIgniter\CodeIgniter->run()
10 SYSTEMPATH\Commands\Server\rewrite.php(47): require_once('C:\\Users\\vinic\\OneDrive\\Área de Trabalho\\Corven\\corvenatualizado\\public\\index.php')
CRITICAL - 2024-02-08 13:46:16 --> ErrorException: Undefined variable $banners
in APPPATH\Views\app\index.php on line 264.
 1 APPPATH\Views\app\index.php(264): CodeIgniter\Debug\Exceptions->errorHandler()
 2 SYSTEMPATH\View\View.php(228): include('C:\\Users\\vinic\\OneDrive\\Área de Trabalho\\Corven\\corvenatualizado\\app\\Views\\app\\index.php')
 3 SYSTEMPATH\View\View.php(231): CodeIgniter\View\View->CodeIgniter\View\{closure}()
 4 SYSTEMPATH\Common.php(1178): CodeIgniter\View\View->render()
 5 APPPATH\Controllers\App.php(11): view()
 6 SYSTEMPATH\CodeIgniter.php(941): App\Controllers\App->index()
 7 SYSTEMPATH\CodeIgniter.php(502): CodeIgniter\CodeIgniter->runController()
 8 SYSTEMPATH\CodeIgniter.php(361): CodeIgniter\CodeIgniter->handleRequest()
 9 FCPATH\index.php(79): CodeIgniter\CodeIgniter->run()
10 SYSTEMPATH\Commands\Server\rewrite.php(47): require_once('C:\\Users\\vinic\\OneDrive\\Área de Trabalho\\Corven\\corvenatualizado\\public\\index.php')
CRITICAL - 2024-02-08 13:47:26 --> ErrorException: Undefined variable $banners
in APPPATH\Views\app\index.php on line 264.
 1 APPPATH\Views\app\index.php(264): CodeIgniter\Debug\Exceptions->errorHandler()
 2 SYSTEMPATH\View\View.php(228): include('C:\\Users\\vinic\\OneDrive\\Área de Trabalho\\Corven\\corvenatualizado\\app\\Views\\app\\index.php')
 3 SYSTEMPATH\View\View.php(231): CodeIgniter\View\View->CodeIgniter\View\{closure}()
 4 SYSTEMPATH\Common.php(1178): CodeIgniter\View\View->render()
 5 APPPATH\Controllers\App.php(11): view()
 6 SYSTEMPATH\CodeIgniter.php(941): App\Controllers\App->index()
 7 SYSTEMPATH\CodeIgniter.php(502): CodeIgniter\CodeIgniter->runController()
 8 SYSTEMPATH\CodeIgniter.php(361): CodeIgniter\CodeIgniter->handleRequest()
 9 FCPATH\index.php(79): CodeIgniter\CodeIgniter->run()
10 SYSTEMPATH\Commands\Server\rewrite.php(47): require_once('C:\\Users\\vinic\\OneDrive\\Área de Trabalho\\Corven\\corvenatualizado\\public\\index.php')
CRITICAL - 2024-02-08 14:04:29 --> ErrorException: Attempt to read property "texto" on array
in APPPATH\Views\app\index.php on line 266.
 1 APPPATH\Views\app\index.php(266): CodeIgniter\Debug\Exceptions->errorHandler()
 2 SYSTEMPATH\View\View.php(228): include('C:\\Users\\vinic\\OneDrive\\Área de Trabalho\\Corven\\corvenatualizado\\app\\Views\\app\\index.php')
 3 SYSTEMPATH\View\View.php(231): CodeIgniter\View\View->CodeIgniter\View\{closure}()
 4 SYSTEMPATH\Common.php(1178): CodeIgniter\View\View->render()
 5 APPPATH\Controllers\App.php(18): view()
 6 SYSTEMPATH\CodeIgniter.php(941): App\Controllers\App->index()
 7 SYSTEMPATH\CodeIgniter.php(502): CodeIgniter\CodeIgniter->runController()
 8 SYSTEMPATH\CodeIgniter.php(361): CodeIgniter\CodeIgniter->handleRequest()
 9 FCPATH\index.php(79): CodeIgniter\CodeIgniter->run()
10 SYSTEMPATH\Commands\Server\rewrite.php(47): require_once('C:\\Users\\vinic\\OneDrive\\Área de Trabalho\\Corven\\corvenatualizado\\public\\index.php')
CRITICAL - 2024-02-08 14:09:07 --> ErrorException: Attempt to read property "texto" on array
in APPPATH\Views\app\index.php on line 266.
 1 APPPATH\Views\app\index.php(266): CodeIgniter\Debug\Exceptions->errorHandler()
 2 SYSTEMPATH\View\View.php(228): include('C:\\Users\\vinic\\OneDrive\\Área de Trabalho\\Corven\\corvenatualizado\\app\\Views\\app\\index.php')
 3 SYSTEMPATH\View\View.php(231): CodeIgniter\View\View->CodeIgniter\View\{closure}()
 4 SYSTEMPATH\Common.php(1178): CodeIgniter\View\View->render()
 5 APPPATH\Controllers\App.php(18): view()
 6 SYSTEMPATH\CodeIgniter.php(941): App\Controllers\App->index()
 7 SYSTEMPATH\CodeIgniter.php(502): CodeIgniter\CodeIgniter->runController()
 8 SYSTEMPATH\CodeIgniter.php(361): CodeIgniter\CodeIgniter->handleRequest()
 9 FCPATH\index.php(79): CodeIgniter\CodeIgniter->run()
10 SYSTEMPATH\Commands\Server\rewrite.php(47): require_once('C:\\Users\\vinic\\OneDrive\\Área de Trabalho\\Corven\\corvenatualizado\\public\\index.php')
CRITICAL - 2024-02-08 14:10:08 --> ErrorException: Attempt to read property "texto" on array
in APPPATH\Views\app\index.php on line 266.
 1 APPPATH\Views\app\index.php(266): CodeIgniter\Debug\Exceptions->errorHandler()
 2 SYSTEMPATH\View\View.php(228): include('C:\\Users\\vinic\\OneDrive\\Área de Trabalho\\Corven\\corvenatualizado\\app\\Views\\app\\index.php')
 3 SYSTEMPATH\View\View.php(231): CodeIgniter\View\View->CodeIgniter\View\{closure}()
 4 SYSTEMPATH\Common.php(1178): CodeIgniter\View\View->render()
 5 APPPATH\Controllers\App.php(18): view()
 6 SYSTEMPATH\CodeIgniter.php(941): App\Controllers\App->index()
 7 SYSTEMPATH\CodeIgniter.php(502): CodeIgniter\CodeIgniter->runController()
 8 SYSTEMPATH\CodeIgniter.php(361): CodeIgniter\CodeIgniter->handleRequest()
 9 FCPATH\index.php(79): CodeIgniter\CodeIgniter->run()
10 SYSTEMPATH\Commands\Server\rewrite.php(47): require_once('C:\\Users\\vinic\\OneDrive\\Área de Trabalho\\Corven\\corvenatualizado\\public\\index.php')
CRITICAL - 2024-02-08 14:16:45 --> ErrorException: Attempt to read property "texto" on array
in APPPATH\Views\app\index.php on line 266.
 1 APPPATH\Views\app\index.php(266): CodeIgniter\Debug\Exceptions->errorHandler()
 2 SYSTEMPATH\View\View.php(228): include('C:\\Users\\vinic\\OneDrive\\Área de Trabalho\\Corven\\corvenatualizado\\app\\Views\\app\\index.php')
 3 SYSTEMPATH\View\View.php(231): CodeIgniter\View\View->CodeIgniter\View\{closure}()
 4 SYSTEMPATH\Common.php(1178): CodeIgniter\View\View->render()
 5 APPPATH\Controllers\App.php(18): view()
 6 SYSTEMPATH\CodeIgniter.php(941): App\Controllers\App->index()
 7 SYSTEMPATH\CodeIgniter.php(502): CodeIgniter\CodeIgniter->runController()
 8 SYSTEMPATH\CodeIgniter.php(361): CodeIgniter\CodeIgniter->handleRequest()
 9 FCPATH\index.php(79): CodeIgniter\CodeIgniter->run()
10 SYSTEMPATH\Commands\Server\rewrite.php(47): require_once('C:\\Users\\vinic\\OneDrive\\Área de Trabalho\\Corven\\corvenatualizado\\public\\index.php')
CRITICAL - 2024-02-08 14:20:00 --> ErrorException: Undefined variable $data
in APPPATH\Views\app\index.php on line 264.
 1 APPPATH\Views\app\index.php(264): CodeIgniter\Debug\Exceptions->errorHandler()
 2 SYSTEMPATH\View\View.php(228): include('C:\\Users\\vinic\\OneDrive\\Área de Trabalho\\Corven\\corvenatualizado\\app\\Views\\app\\index.php')
 3 SYSTEMPATH\View\View.php(231): CodeIgniter\View\View->CodeIgniter\View\{closure}()
 4 SYSTEMPATH\Common.php(1178): CodeIgniter\View\View->render()
 5 APPPATH\Controllers\App.php(18): view()
 6 SYSTEMPATH\CodeIgniter.php(941): App\Controllers\App->index()
 7 SYSTEMPATH\CodeIgniter.php(502): CodeIgniter\CodeIgniter->runController()
 8 SYSTEMPATH\CodeIgniter.php(361): CodeIgniter\CodeIgniter->handleRequest()
 9 FCPATH\index.php(79): CodeIgniter\CodeIgniter->run()
10 SYSTEMPATH\Commands\Server\rewrite.php(47): require_once('C:\\Users\\vinic\\OneDrive\\Área de Trabalho\\Corven\\corvenatualizado\\public\\index.php')
CRITICAL - 2024-02-08 14:20:03 --> ErrorException: Undefined variable $data
in APPPATH\Views\app\index.php on line 264.
 1 APPPATH\Views\app\index.php(264): CodeIgniter\Debug\Exceptions->errorHandler()
 2 SYSTEMPATH\View\View.php(228): include('C:\\Users\\vinic\\OneDrive\\Área de Trabalho\\Corven\\corvenatualizado\\app\\Views\\app\\index.php')
 3 SYSTEMPATH\View\View.php(231): CodeIgniter\View\View->CodeIgniter\View\{closure}()
 4 SYSTEMPATH\Common.php(1178): CodeIgniter\View\View->render()
 5 APPPATH\Controllers\App.php(18): view()
 6 SYSTEMPATH\CodeIgniter.php(941): App\Controllers\App->index()
 7 SYSTEMPATH\CodeIgniter.php(502): CodeIgniter\CodeIgniter->runController()
 8 SYSTEMPATH\CodeIgniter.php(361): CodeIgniter\CodeIgniter->handleRequest()
 9 FCPATH\index.php(79): CodeIgniter\CodeIgniter->run()
10 SYSTEMPATH\Commands\Server\rewrite.php(47): require_once('C:\\Users\\vinic\\OneDrive\\Área de Trabalho\\Corven\\corvenatualizado\\public\\index.php')
CRITICAL - 2024-02-08 14:20:44 --> ErrorException: Attempt to read property "texto" on array
in APPPATH\Views\app\index.php on line 266.
 1 APPPATH\Views\app\index.php(266): CodeIgniter\Debug\Exceptions->errorHandler()
 2 SYSTEMPATH\View\View.php(228): include('C:\\Users\\vinic\\OneDrive\\Área de Trabalho\\Corven\\corvenatualizado\\app\\Views\\app\\index.php')
 3 SYSTEMPATH\View\View.php(231): CodeIgniter\View\View->CodeIgniter\View\{closure}()
 4 SYSTEMPATH\Common.php(1178): CodeIgniter\View\View->render()
 5 APPPATH\Controllers\App.php(18): view()
 6 SYSTEMPATH\CodeIgniter.php(941): App\Controllers\App->index()
 7 SYSTEMPATH\CodeIgniter.php(502): CodeIgniter\CodeIgniter->runController()
 8 SYSTEMPATH\CodeIgniter.php(361): CodeIgniter\CodeIgniter->handleRequest()
 9 FCPATH\index.php(79): CodeIgniter\CodeIgniter->run()
10 SYSTEMPATH\Commands\Server\rewrite.php(47): require_once('C:\\Users\\vinic\\OneDrive\\Área de Trabalho\\Corven\\corvenatualizado\\public\\index.php')
CRITICAL - 2024-02-08 14:20:48 --> ErrorException: Attempt to read property "texto" on array
in APPPATH\Views\app\index.php on line 266.
 1 APPPATH\Views\app\index.php(266): CodeIgniter\Debug\Exceptions->errorHandler()
 2 SYSTEMPATH\View\View.php(228): include('C:\\Users\\vinic\\OneDrive\\Área de Trabalho\\Corven\\corvenatualizado\\app\\Views\\app\\index.php')
 3 SYSTEMPATH\View\View.php(231): CodeIgniter\View\View->CodeIgniter\View\{closure}()
 4 SYSTEMPATH\Common.php(1178): CodeIgniter\View\View->render()
 5 APPPATH\Controllers\App.php(18): view()
 6 SYSTEMPATH\CodeIgniter.php(941): App\Controllers\App->index()
 7 SYSTEMPATH\CodeIgniter.php(502): CodeIgniter\CodeIgniter->runController()
 8 SYSTEMPATH\CodeIgniter.php(361): CodeIgniter\CodeIgniter->handleRequest()
 9 FCPATH\index.php(79): CodeIgniter\CodeIgniter->run()
10 SYSTEMPATH\Commands\Server\rewrite.php(47): require_once('C:\\Users\\vinic\\OneDrive\\Área de Trabalho\\Corven\\corvenatualizado\\public\\index.php')
CRITICAL - 2024-02-08 14:21:49 --> ErrorException: Attempt to read property "texto" on array
in APPPATH\Views\app\index.php on line 266.
 1 APPPATH\Views\app\index.php(266): CodeIgniter\Debug\Exceptions->errorHandler()
 2 SYSTEMPATH\View\View.php(228): include('C:\\Users\\vinic\\OneDrive\\Área de Trabalho\\Corven\\corvenatualizado\\app\\Views\\app\\index.php')
 3 SYSTEMPATH\View\View.php(231): CodeIgniter\View\View->CodeIgniter\View\{closure}()
 4 SYSTEMPATH\Common.php(1178): CodeIgniter\View\View->render()
 5 APPPATH\Controllers\App.php(18): view()
 6 SYSTEMPATH\CodeIgniter.php(941): App\Controllers\App->index()
 7 SYSTEMPATH\CodeIgniter.php(502): CodeIgniter\CodeIgniter->runController()
 8 SYSTEMPATH\CodeIgniter.php(361): CodeIgniter\CodeIgniter->handleRequest()
 9 FCPATH\index.php(79): CodeIgniter\CodeIgniter->run()
10 SYSTEMPATH\Commands\Server\rewrite.php(47): require_once('C:\\Users\\vinic\\OneDrive\\Área de Trabalho\\Corven\\corvenatualizado\\public\\index.php')
CRITICAL - 2024-02-08 14:22:26 --> ErrorException: Array to string conversion
in APPPATH\Views\app\index.php on line 265.
 1 APPPATH\Views\app\index.php(265): CodeIgniter\Debug\Exceptions->errorHandler()
 2 SYSTEMPATH\View\View.php(228): include('C:\\Users\\vinic\\OneDrive\\Área de Trabalho\\Corven\\corvenatualizado\\app\\Views\\app\\index.php')
 3 SYSTEMPATH\View\View.php(231): CodeIgniter\View\View->CodeIgniter\View\{closure}()
 4 SYSTEMPATH\Common.php(1178): CodeIgniter\View\View->render()
 5 APPPATH\Controllers\App.php(18): view()
 6 SYSTEMPATH\CodeIgniter.php(941): App\Controllers\App->index()
 7 SYSTEMPATH\CodeIgniter.php(502): CodeIgniter\CodeIgniter->runController()
 8 SYSTEMPATH\CodeIgniter.php(361): CodeIgniter\CodeIgniter->handleRequest()
 9 FCPATH\index.php(79): CodeIgniter\CodeIgniter->run()
10 SYSTEMPATH\Commands\Server\rewrite.php(47): require_once('C:\\Users\\vinic\\OneDrive\\Área de Trabalho\\Corven\\corvenatualizado\\public\\index.php')
CRITICAL - 2024-02-08 14:22:42 --> ErrorException: Array to string conversion
in APPPATH\Views\app\index.php on line 264.
 1 APPPATH\Views\app\index.php(264): CodeIgniter\Debug\Exceptions->errorHandler()
 2 SYSTEMPATH\View\View.php(228): include('C:\\Users\\vinic\\OneDrive\\Área de Trabalho\\Corven\\corvenatualizado\\app\\Views\\app\\index.php')
 3 SYSTEMPATH\View\View.php(231): CodeIgniter\View\View->CodeIgniter\View\{closure}()
 4 SYSTEMPATH\Common.php(1178): CodeIgniter\View\View->render()
 5 APPPATH\Controllers\App.php(18): view()
 6 SYSTEMPATH\CodeIgniter.php(941): App\Controllers\App->index()
 7 SYSTEMPATH\CodeIgniter.php(502): CodeIgniter\CodeIgniter->runController()
 8 SYSTEMPATH\CodeIgniter.php(361): CodeIgniter\CodeIgniter->handleRequest()
 9 FCPATH\index.php(79): CodeIgniter\CodeIgniter->run()
10 SYSTEMPATH\Commands\Server\rewrite.php(47): require_once('C:\\Users\\vinic\\OneDrive\\Área de Trabalho\\Corven\\corvenatualizado\\public\\index.php')
CRITICAL - 2024-02-08 14:22:51 --> Error: Undefined constant "banners"
in APPPATH\Views\app\index.php on line 264.
 1 SYSTEMPATH\View\View.php(228): include()
 2 SYSTEMPATH\View\View.php(231): CodeIgniter\View\View->CodeIgniter\View\{closure}()
 3 SYSTEMPATH\Common.php(1178): CodeIgniter\View\View->render()
 4 APPPATH\Controllers\App.php(18): view()
 5 SYSTEMPATH\CodeIgniter.php(941): App\Controllers\App->index()
 6 SYSTEMPATH\CodeIgniter.php(502): CodeIgniter\CodeIgniter->runController()
 7 SYSTEMPATH\CodeIgniter.php(361): CodeIgniter\CodeIgniter->handleRequest()
 8 FCPATH\index.php(79): CodeIgniter\CodeIgniter->run()
 9 SYSTEMPATH\Commands\Server\rewrite.php(47): require_once('C:\\Users\\vinic\\OneDrive\\Área de Trabalho\\Corven\\corvenatualizado\\public\\index.php')
CRITICAL - 2024-02-08 14:24:45 --> ErrorException: Attempt to read property "texto" on array
in APPPATH\Views\app\index.php on line 266.
 1 APPPATH\Views\app\index.php(266): CodeIgniter\Debug\Exceptions->errorHandler()
 2 SYSTEMPATH\View\View.php(228): include('C:\\Users\\vinic\\OneDrive\\Área de Trabalho\\Corven\\corvenatualizado\\app\\Views\\app\\index.php')
 3 SYSTEMPATH\View\View.php(231): CodeIgniter\View\View->CodeIgniter\View\{closure}()
 4 SYSTEMPATH\Common.php(1178): CodeIgniter\View\View->render()
 5 APPPATH\Controllers\App.php(18): view()
 6 SYSTEMPATH\CodeIgniter.php(941): App\Controllers\App->index()
 7 SYSTEMPATH\CodeIgniter.php(502): CodeIgniter\CodeIgniter->runController()
 8 SYSTEMPATH\CodeIgniter.php(361): CodeIgniter\CodeIgniter->handleRequest()
 9 FCPATH\index.php(79): CodeIgniter\CodeIgniter->run()
10 SYSTEMPATH\Commands\Server\rewrite.php(47): require_once('C:\\Users\\vinic\\OneDrive\\Área de Trabalho\\Corven\\corvenatualizado\\public\\index.php')
CRITICAL - 2024-02-08 14:24:50 --> ErrorException: Attempt to read property "texto" on array
in APPPATH\Views\app\index.php on line 266.
 1 APPPATH\Views\app\index.php(266): CodeIgniter\Debug\Exceptions->errorHandler()
 2 SYSTEMPATH\View\View.php(228): include('C:\\Users\\vinic\\OneDrive\\Área de Trabalho\\Corven\\corvenatualizado\\app\\Views\\app\\index.php')
 3 SYSTEMPATH\View\View.php(231): CodeIgniter\View\View->CodeIgniter\View\{closure}()
 4 SYSTEMPATH\Common.php(1178): CodeIgniter\View\View->render()
 5 APPPATH\Controllers\App.php(18): view()
 6 SYSTEMPATH\CodeIgniter.php(941): App\Controllers\App->index()
 7 SYSTEMPATH\CodeIgniter.php(502): CodeIgniter\CodeIgniter->runController()
 8 SYSTEMPATH\CodeIgniter.php(361): CodeIgniter\CodeIgniter->handleRequest()
 9 FCPATH\index.php(79): CodeIgniter\CodeIgniter->run()
10 SYSTEMPATH\Commands\Server\rewrite.php(47): require_once('C:\\Users\\vinic\\OneDrive\\Área de Trabalho\\Corven\\corvenatualizado\\public\\index.php')
CRITICAL - 2024-02-08 14:25:47 --> ErrorException: Attempt to read property "texto" on array
in APPPATH\Views\app\index.php on line 266.
 1 APPPATH\Views\app\index.php(266): CodeIgniter\Debug\Exceptions->errorHandler()
 2 SYSTEMPATH\View\View.php(228): include('C:\\Users\\vinic\\OneDrive\\Área de Trabalho\\Corven\\corvenatualizado\\app\\Views\\app\\index.php')
 3 SYSTEMPATH\View\View.php(231): CodeIgniter\View\View->CodeIgniter\View\{closure}()
 4 SYSTEMPATH\Common.php(1178): CodeIgniter\View\View->render()
 5 APPPATH\Controllers\App.php(18): view()
 6 SYSTEMPATH\CodeIgniter.php(941): App\Controllers\App->index()
 7 SYSTEMPATH\CodeIgniter.php(502): CodeIgniter\CodeIgniter->runController()
 8 SYSTEMPATH\CodeIgniter.php(361): CodeIgniter\CodeIgniter->handleRequest()
 9 FCPATH\index.php(79): CodeIgniter\CodeIgniter->run()
10 SYSTEMPATH\Commands\Server\rewrite.php(47): require_once('C:\\Users\\vinic\\OneDrive\\Área de Trabalho\\Corven\\corvenatualizado\\public\\index.php')
CRITICAL - 2024-02-08 14:25:55 --> ErrorException: Attempt to read property "texto" on array
in APPPATH\Views\app\index.php on line 266.
 1 APPPATH\Views\app\index.php(266): CodeIgniter\Debug\Exceptions->errorHandler()
 2 SYSTEMPATH\View\View.php(228): include('C:\\Users\\vinic\\OneDrive\\Área de Trabalho\\Corven\\corvenatualizado\\app\\Views\\app\\index.php')
 3 SYSTEMPATH\View\View.php(231): CodeIgniter\View\View->CodeIgniter\View\{closure}()
 4 SYSTEMPATH\Common.php(1178): CodeIgniter\View\View->render()
 5 APPPATH\Controllers\App.php(18): view()
 6 SYSTEMPATH\CodeIgniter.php(941): App\Controllers\App->index()
 7 SYSTEMPATH\CodeIgniter.php(502): CodeIgniter\CodeIgniter->runController()
 8 SYSTEMPATH\CodeIgniter.php(361): CodeIgniter\CodeIgniter->handleRequest()
 9 FCPATH\index.php(79): CodeIgniter\CodeIgniter->run()
10 SYSTEMPATH\Commands\Server\rewrite.php(47): require_once('C:\\Users\\vinic\\OneDrive\\Área de Trabalho\\Corven\\corvenatualizado\\public\\index.php')
CRITICAL - 2024-02-08 14:27:12 --> ErrorException: Attempt to read property "texto" on array
in APPPATH\Views\app\index.php on line 266.
 1 APPPATH\Views\app\index.php(266): CodeIgniter\Debug\Exceptions->errorHandler()
 2 SYSTEMPATH\View\View.php(228): include('C:\\Users\\vinic\\OneDrive\\Área de Trabalho\\Corven\\corvenatualizado\\app\\Views\\app\\index.php')
 3 SYSTEMPATH\View\View.php(231): CodeIgniter\View\View->CodeIgniter\View\{closure}()
 4 SYSTEMPATH\Common.php(1178): CodeIgniter\View\View->render()
 5 APPPATH\Controllers\App.php(18): view()
 6 SYSTEMPATH\CodeIgniter.php(941): App\Controllers\App->index()
 7 SYSTEMPATH\CodeIgniter.php(502): CodeIgniter\CodeIgniter->runController()
 8 SYSTEMPATH\CodeIgniter.php(361): CodeIgniter\CodeIgniter->handleRequest()
 9 FCPATH\index.php(79): CodeIgniter\CodeIgniter->run()
10 SYSTEMPATH\Commands\Server\rewrite.php(47): require_once('C:\\Users\\vinic\\OneDrive\\Área de Trabalho\\Corven\\corvenatualizado\\public\\index.php')
CRITICAL - 2024-02-08 14:27:17 --> ErrorException: Attempt to read property "texto" on array
in APPPATH\Views\app\index.php on line 266.
 1 APPPATH\Views\app\index.php(266): CodeIgniter\Debug\Exceptions->errorHandler()
 2 SYSTEMPATH\View\View.php(228): include('C:\\Users\\vinic\\OneDrive\\Área de Trabalho\\Corven\\corvenatualizado\\app\\Views\\app\\index.php')
 3 SYSTEMPATH\View\View.php(231): CodeIgniter\View\View->CodeIgniter\View\{closure}()
 4 SYSTEMPATH\Common.php(1178): CodeIgniter\View\View->render()
 5 APPPATH\Controllers\App.php(18): view()
 6 SYSTEMPATH\CodeIgniter.php(941): App\Controllers\App->index()
 7 SYSTEMPATH\CodeIgniter.php(502): CodeIgniter\CodeIgniter->runController()
 8 SYSTEMPATH\CodeIgniter.php(361): CodeIgniter\CodeIgniter->handleRequest()
 9 FCPATH\index.php(79): CodeIgniter\CodeIgniter->run()
10 SYSTEMPATH\Commands\Server\rewrite.php(47): require_once('C:\\Users\\vinic\\OneDrive\\Área de Trabalho\\Corven\\corvenatualizado\\public\\index.php')
CRITICAL - 2024-02-08 14:27:45 --> ErrorException: Attempt to read property "texto" on array
in APPPATH\Views\app\index.php on line 266.
 1 APPPATH\Views\app\index.php(266): CodeIgniter\Debug\Exceptions->errorHandler()
 2 SYSTEMPATH\View\View.php(228): include('C:\\Users\\vinic\\OneDrive\\Área de Trabalho\\Corven\\corvenatualizado\\app\\Views\\app\\index.php')
 3 SYSTEMPATH\View\View.php(231): CodeIgniter\View\View->CodeIgniter\View\{closure}()
 4 SYSTEMPATH\Common.php(1178): CodeIgniter\View\View->render()
 5 APPPATH\Controllers\App.php(18): view()
 6 SYSTEMPATH\CodeIgniter.php(941): App\Controllers\App->index()
 7 SYSTEMPATH\CodeIgniter.php(502): CodeIgniter\CodeIgniter->runController()
 8 SYSTEMPATH\CodeIgniter.php(361): CodeIgniter\CodeIgniter->handleRequest()
 9 FCPATH\index.php(79): CodeIgniter\CodeIgniter->run()
10 SYSTEMPATH\Commands\Server\rewrite.php(47): require_once('C:\\Users\\vinic\\OneDrive\\Área de Trabalho\\Corven\\corvenatualizado\\public\\index.php')
WARNING - 2024-02-08 14:29:03 --> [DEPRECATED] Creation of dynamic property App\Controllers\App::$bannerModel is deprecated in APPPATH\Controllers\App.php on line 12.
 1 SYSTEMPATH\CodeIgniter.php(913): App\Controllers\App->__construct()
 2 SYSTEMPATH\CodeIgniter.php(493): CodeIgniter\CodeIgniter->createController()
 3 SYSTEMPATH\CodeIgniter.php(361): CodeIgniter\CodeIgniter->handleRequest(null, Object(Config\Cache), false)
 4 FCPATH\index.php(79): CodeIgniter\CodeIgniter->run()
 5 SYSTEMPATH\Commands\Server\rewrite.php(47): require_once('C:\\Users\\vinic\\OneDrive\\Área de Trabalho\\Corven\\corvenatualizado\\public\\index.php')
CRITICAL - 2024-02-08 14:29:04 --> ErrorException: Attempt to read property "texto" on array
in APPPATH\Views\app\index.php on line 266.
 1 APPPATH\Views\app\index.php(266): CodeIgniter\Debug\Exceptions->errorHandler()
 2 SYSTEMPATH\View\View.php(228): include('C:\\Users\\vinic\\OneDrive\\Área de Trabalho\\Corven\\corvenatualizado\\app\\Views\\app\\index.php')
 3 SYSTEMPATH\View\View.php(231): CodeIgniter\View\View->CodeIgniter\View\{closure}()
 4 SYSTEMPATH\Common.php(1178): CodeIgniter\View\View->render()
 5 APPPATH\Controllers\App.php(18): view()
 6 SYSTEMPATH\CodeIgniter.php(941): App\Controllers\App->index()
 7 SYSTEMPATH\CodeIgniter.php(502): CodeIgniter\CodeIgniter->runController()
 8 SYSTEMPATH\CodeIgniter.php(361): CodeIgniter\CodeIgniter->handleRequest()
 9 FCPATH\index.php(79): CodeIgniter\CodeIgniter->run()
10 SYSTEMPATH\Commands\Server\rewrite.php(47): require_once('C:\\Users\\vinic\\OneDrive\\Área de Trabalho\\Corven\\corvenatualizado\\public\\index.php')
WARNING - 2024-02-08 14:29:58 --> [DEPRECATED] Creation of dynamic property App\Controllers\App::$bannerModel is deprecated in APPPATH\Controllers\App.php on line 12.
 1 SYSTEMPATH\CodeIgniter.php(913): App\Controllers\App->__construct()
 2 SYSTEMPATH\CodeIgniter.php(493): CodeIgniter\CodeIgniter->createController()
 3 SYSTEMPATH\CodeIgniter.php(361): CodeIgniter\CodeIgniter->handleRequest(null, Object(Config\Cache), false)
 4 FCPATH\index.php(79): CodeIgniter\CodeIgniter->run()
 5 SYSTEMPATH\Commands\Server\rewrite.php(47): require_once('C:\\Users\\vinic\\OneDrive\\Área de Trabalho\\Corven\\corvenatualizado\\public\\index.php')
CRITICAL - 2024-02-08 14:29:59 --> ErrorException: Attempt to read property "texto" on array
in APPPATH\Views\app\index.php on line 266.
 1 APPPATH\Views\app\index.php(266): CodeIgniter\Debug\Exceptions->errorHandler()
 2 SYSTEMPATH\View\View.php(228): include('C:\\Users\\vinic\\OneDrive\\Área de Trabalho\\Corven\\corvenatualizado\\app\\Views\\app\\index.php')
 3 SYSTEMPATH\View\View.php(231): CodeIgniter\View\View->CodeIgniter\View\{closure}()
 4 SYSTEMPATH\Common.php(1178): CodeIgniter\View\View->render()
 5 APPPATH\Controllers\App.php(18): view()
 6 SYSTEMPATH\CodeIgniter.php(941): App\Controllers\App->index()
 7 SYSTEMPATH\CodeIgniter.php(502): CodeIgniter\CodeIgniter->runController()
 8 SYSTEMPATH\CodeIgniter.php(361): CodeIgniter\CodeIgniter->handleRequest()
 9 FCPATH\index.php(79): CodeIgniter\CodeIgniter->run()
10 SYSTEMPATH\Commands\Server\rewrite.php(47): require_once('C:\\Users\\vinic\\OneDrive\\Área de Trabalho\\Corven\\corvenatualizado\\public\\index.php')
WARNING - 2024-02-08 14:30:34 --> [DEPRECATED] Creation of dynamic property App\Controllers\App::$bannerModel is deprecated in APPPATH\Controllers\App.php on line 12.
 1 SYSTEMPATH\CodeIgniter.php(913): App\Controllers\App->__construct()
 2 SYSTEMPATH\CodeIgniter.php(493): CodeIgniter\CodeIgniter->createController()
 3 SYSTEMPATH\CodeIgniter.php(361): CodeIgniter\CodeIgniter->handleRequest(null, Object(Config\Cache), false)
 4 FCPATH\index.php(79): CodeIgniter\CodeIgniter->run()
 5 SYSTEMPATH\Commands\Server\rewrite.php(47): require_once('C:\\Users\\vinic\\OneDrive\\Área de Trabalho\\Corven\\corvenatualizado\\public\\index.php')
WARNING - 2024-02-08 14:30:55 --> [DEPRECATED] Creation of dynamic property App\Controllers\App::$bannerModel is deprecated in APPPATH\Controllers\App.php on line 12.
 1 SYSTEMPATH\CodeIgniter.php(913): App\Controllers\App->__construct()
 2 SYSTEMPATH\CodeIgniter.php(493): CodeIgniter\CodeIgniter->createController()
 3 SYSTEMPATH\CodeIgniter.php(361): CodeIgniter\CodeIgniter->handleRequest(null, Object(Config\Cache), false)
 4 FCPATH\index.php(79): CodeIgniter\CodeIgniter->run()
 5 SYSTEMPATH\Commands\Server\rewrite.php(47): require_once('C:\\Users\\vinic\\OneDrive\\Área de Trabalho\\Corven\\corvenatualizado\\public\\index.php')
CRITICAL - 2024-02-08 14:30:56 --> ErrorException: Array to string conversion
in APPPATH\Views\app\index.php on line 265.
 1 APPPATH\Views\app\index.php(265): CodeIgniter\Debug\Exceptions->errorHandler()
 2 SYSTEMPATH\View\View.php(228): include('C:\\Users\\vinic\\OneDrive\\Área de Trabalho\\Corven\\corvenatualizado\\app\\Views\\app\\index.php')
 3 SYSTEMPATH\View\View.php(231): CodeIgniter\View\View->CodeIgniter\View\{closure}()
 4 SYSTEMPATH\Common.php(1178): CodeIgniter\View\View->render()
 5 APPPATH\Controllers\App.php(18): view()
 6 SYSTEMPATH\CodeIgniter.php(941): App\Controllers\App->index()
 7 SYSTEMPATH\CodeIgniter.php(502): CodeIgniter\CodeIgniter->runController()
 8 SYSTEMPATH\CodeIgniter.php(361): CodeIgniter\CodeIgniter->handleRequest()
 9 FCPATH\index.php(79): CodeIgniter\CodeIgniter->run()
10 SYSTEMPATH\Commands\Server\rewrite.php(47): require_once('C:\\Users\\vinic\\OneDrive\\Área de Trabalho\\Corven\\corvenatualizado\\public\\index.php')
WARNING - 2024-02-08 14:31:36 --> [DEPRECATED] Creation of dynamic property App\Controllers\App::$bannerModel is deprecated in APPPATH\Controllers\App.php on line 12.
 1 SYSTEMPATH\CodeIgniter.php(913): App\Controllers\App->__construct()
 2 SYSTEMPATH\CodeIgniter.php(493): CodeIgniter\CodeIgniter->createController()
 3 SYSTEMPATH\CodeIgniter.php(361): CodeIgniter\CodeIgniter->handleRequest(null, Object(Config\Cache), false)
 4 FCPATH\index.php(79): CodeIgniter\CodeIgniter->run()
 5 SYSTEMPATH\Commands\Server\rewrite.php(47): require_once('C:\\Users\\vinic\\OneDrive\\Área de Trabalho\\Corven\\corvenatualizado\\public\\index.php')
WARNING - 2024-02-08 14:31:56 --> [DEPRECATED] Creation of dynamic property App\Controllers\App::$bannerModel is deprecated in APPPATH\Controllers\App.php on line 12.
 1 SYSTEMPATH\CodeIgniter.php(913): App\Controllers\App->__construct()
 2 SYSTEMPATH\CodeIgniter.php(493): CodeIgniter\CodeIgniter->createController()
 3 SYSTEMPATH\CodeIgniter.php(361): CodeIgniter\CodeIgniter->handleRequest(null, Object(Config\Cache), false)
 4 FCPATH\index.php(79): CodeIgniter\CodeIgniter->run()
 5 SYSTEMPATH\Commands\Server\rewrite.php(47): require_once('C:\\Users\\vinic\\OneDrive\\Área de Trabalho\\Corven\\corvenatualizado\\public\\index.php')
CRITICAL - 2024-02-08 14:31:57 --> ErrorException: Undefined array key 1
in APPPATH\Views\app\index.php on line 265.
 1 APPPATH\Views\app\index.php(265): CodeIgniter\Debug\Exceptions->errorHandler()
 2 SYSTEMPATH\View\View.php(228): include('C:\\Users\\vinic\\OneDrive\\Área de Trabalho\\Corven\\corvenatualizado\\app\\Views\\app\\index.php')
 3 SYSTEMPATH\View\View.php(231): CodeIgniter\View\View->CodeIgniter\View\{closure}()
 4 SYSTEMPATH\Common.php(1178): CodeIgniter\View\View->render()
 5 APPPATH\Controllers\App.php(18): view()
 6 SYSTEMPATH\CodeIgniter.php(941): App\Controllers\App->index()
 7 SYSTEMPATH\CodeIgniter.php(502): CodeIgniter\CodeIgniter->runController()
 8 SYSTEMPATH\CodeIgniter.php(361): CodeIgniter\CodeIgniter->handleRequest()
 9 FCPATH\index.php(79): CodeIgniter\CodeIgniter->run()
10 SYSTEMPATH\Commands\Server\rewrite.php(47): require_once('C:\\Users\\vinic\\OneDrive\\Área de Trabalho\\Corven\\corvenatualizado\\public\\index.php')
WARNING - 2024-02-08 14:32:09 --> [DEPRECATED] Creation of dynamic property App\Controllers\App::$bannerModel is deprecated in APPPATH\Controllers\App.php on line 12.
 1 SYSTEMPATH\CodeIgniter.php(913): App\Controllers\App->__construct()
 2 SYSTEMPATH\CodeIgniter.php(493): CodeIgniter\CodeIgniter->createController()
 3 SYSTEMPATH\CodeIgniter.php(361): CodeIgniter\CodeIgniter->handleRequest(null, Object(Config\Cache), false)
 4 FCPATH\index.php(79): CodeIgniter\CodeIgniter->run()
 5 SYSTEMPATH\Commands\Server\rewrite.php(47): require_once('C:\\Users\\vinic\\OneDrive\\Área de Trabalho\\Corven\\corvenatualizado\\public\\index.php')
WARNING - 2024-02-08 14:32:51 --> [DEPRECATED] Creation of dynamic property App\Controllers\App::$bannerModel is deprecated in APPPATH\Controllers\App.php on line 12.
 1 SYSTEMPATH\CodeIgniter.php(913): App\Controllers\App->__construct()
 2 SYSTEMPATH\CodeIgniter.php(493): CodeIgniter\CodeIgniter->createController()
 3 SYSTEMPATH\CodeIgniter.php(361): CodeIgniter\CodeIgniter->handleRequest(null, Object(Config\Cache), false)
 4 FCPATH\index.php(79): CodeIgniter\CodeIgniter->run()
 5 SYSTEMPATH\Commands\Server\rewrite.php(47): require_once('C:\\Users\\vinic\\OneDrive\\Área de Trabalho\\Corven\\corvenatualizado\\public\\index.php')
WARNING - 2024-02-08 14:33:04 --> [DEPRECATED] Creation of dynamic property App\Controllers\App::$bannerModel is deprecated in APPPATH\Controllers\App.php on line 12.
 1 SYSTEMPATH\CodeIgniter.php(913): App\Controllers\App->__construct()
 2 SYSTEMPATH\CodeIgniter.php(493): CodeIgniter\CodeIgniter->createController()
 3 SYSTEMPATH\CodeIgniter.php(361): CodeIgniter\CodeIgniter->handleRequest(null, Object(Config\Cache), false)
 4 FCPATH\index.php(79): CodeIgniter\CodeIgniter->run()
 5 SYSTEMPATH\Commands\Server\rewrite.php(47): require_once('C:\\Users\\vinic\\OneDrive\\Área de Trabalho\\Corven\\corvenatualizado\\public\\index.php')
WARNING - 2024-02-08 14:33:33 --> [DEPRECATED] Creation of dynamic property App\Controllers\App::$bannerModel is deprecated in APPPATH\Controllers\App.php on line 12.
 1 SYSTEMPATH\CodeIgniter.php(913): App\Controllers\App->__construct()
 2 SYSTEMPATH\CodeIgniter.php(493): CodeIgniter\CodeIgniter->createController()
 3 SYSTEMPATH\CodeIgniter.php(361): CodeIgniter\CodeIgniter->handleRequest(null, Object(Config\Cache), false)
 4 FCPATH\index.php(79): CodeIgniter\CodeIgniter->run()
 5 SYSTEMPATH\Commands\Server\rewrite.php(47): require_once('C:\\Users\\vinic\\OneDrive\\Área de Trabalho\\Corven\\corvenatualizado\\public\\index.php')
WARNING - 2024-02-08 14:33:43 --> [DEPRECATED] Creation of dynamic property App\Controllers\App::$bannerModel is deprecated in APPPATH\Controllers\App.php on line 12.
 1 SYSTEMPATH\CodeIgniter.php(913): App\Controllers\App->__construct()
 2 SYSTEMPATH\CodeIgniter.php(493): CodeIgniter\CodeIgniter->createController()
 3 SYSTEMPATH\CodeIgniter.php(361): CodeIgniter\CodeIgniter->handleRequest(null, Object(Config\Cache), false)
 4 FCPATH\index.php(79): CodeIgniter\CodeIgniter->run()
 5 SYSTEMPATH\Commands\Server\rewrite.php(47): require_once('C:\\Users\\vinic\\OneDrive\\Área de Trabalho\\Corven\\corvenatualizado\\public\\index.php')
WARNING - 2024-02-08 14:33:55 --> [DEPRECATED] Creation of dynamic property App\Controllers\App::$bannerModel is deprecated in APPPATH\Controllers\App.php on line 12.
 1 SYSTEMPATH\CodeIgniter.php(913): App\Controllers\App->__construct()
 2 SYSTEMPATH\CodeIgniter.php(493): CodeIgniter\CodeIgniter->createController()
 3 SYSTEMPATH\CodeIgniter.php(361): CodeIgniter\CodeIgniter->handleRequest(null, Object(Config\Cache), false)
 4 FCPATH\index.php(79): CodeIgniter\CodeIgniter->run()
 5 SYSTEMPATH\Commands\Server\rewrite.php(47): require_once('C:\\Users\\vinic\\OneDrive\\Área de Trabalho\\Corven\\corvenatualizado\\public\\index.php')
WARNING - 2024-02-08 14:34:36 --> [DEPRECATED] Creation of dynamic property App\Controllers\App::$bannerModel is deprecated in APPPATH\Controllers\App.php on line 12.
 1 SYSTEMPATH\CodeIgniter.php(913): App\Controllers\App->__construct()
 2 SYSTEMPATH\CodeIgniter.php(493): CodeIgniter\CodeIgniter->createController()
 3 SYSTEMPATH\CodeIgniter.php(361): CodeIgniter\CodeIgniter->handleRequest(null, Object(Config\Cache), false)
 4 FCPATH\index.php(79): CodeIgniter\CodeIgniter->run()
 5 SYSTEMPATH\Commands\Server\rewrite.php(47): require_once('C:\\Users\\vinic\\OneDrive\\Área de Trabalho\\Corven\\corvenatualizado\\public\\index.php')
WARNING - 2024-02-08 14:34:54 --> [DEPRECATED] Creation of dynamic property App\Controllers\App::$bannerModel is deprecated in APPPATH\Controllers\App.php on line 12.
 1 SYSTEMPATH\CodeIgniter.php(913): App\Controllers\App->__construct()
 2 SYSTEMPATH\CodeIgniter.php(493): CodeIgniter\CodeIgniter->createController()
 3 SYSTEMPATH\CodeIgniter.php(361): CodeIgniter\CodeIgniter->handleRequest(null, Object(Config\Cache), false)
 4 FCPATH\index.php(79): CodeIgniter\CodeIgniter->run()
 5 SYSTEMPATH\Commands\Server\rewrite.php(47): require_once('C:\\Users\\vinic\\OneDrive\\Área de Trabalho\\Corven\\corvenatualizado\\public\\index.php')
WARNING - 2024-02-08 14:35:15 --> [DEPRECATED] Creation of dynamic property App\Controllers\App::$bannerModel is deprecated in APPPATH\Controllers\App.php on line 12.
 1 SYSTEMPATH\CodeIgniter.php(913): App\Controllers\App->__construct()
 2 SYSTEMPATH\CodeIgniter.php(493): CodeIgniter\CodeIgniter->createController()
 3 SYSTEMPATH\CodeIgniter.php(361): CodeIgniter\CodeIgniter->handleRequest(null, Object(Config\Cache), false)
 4 FCPATH\index.php(79): CodeIgniter\CodeIgniter->run()
 5 SYSTEMPATH\Commands\Server\rewrite.php(47): require_once('C:\\Users\\vinic\\OneDrive\\Área de Trabalho\\Corven\\corvenatualizado\\public\\index.php')
WARNING - 2024-02-08 14:36:48 --> [DEPRECATED] Creation of dynamic property App\Controllers\App::$bannerModel is deprecated in APPPATH\Controllers\App.php on line 12.
 1 SYSTEMPATH\CodeIgniter.php(913): App\Controllers\App->__construct()
 2 SYSTEMPATH\CodeIgniter.php(493): CodeIgniter\CodeIgniter->createController()
 3 SYSTEMPATH\CodeIgniter.php(361): CodeIgniter\CodeIgniter->handleRequest(null, Object(Config\Cache), false)
 4 FCPATH\index.php(79): CodeIgniter\CodeIgniter->run()
 5 SYSTEMPATH\Commands\Server\rewrite.php(47): require_once('C:\\Users\\vinic\\OneDrive\\Área de Trabalho\\Corven\\corvenatualizado\\public\\index.php')
WARNING - 2024-02-08 14:38:35 --> [DEPRECATED] Creation of dynamic property App\Controllers\App::$bannerModel is deprecated in APPPATH\Controllers\App.php on line 12.
 1 SYSTEMPATH\CodeIgniter.php(913): App\Controllers\App->__construct()
 2 SYSTEMPATH\CodeIgniter.php(493): CodeIgniter\CodeIgniter->createController()
 3 SYSTEMPATH\CodeIgniter.php(361): CodeIgniter\CodeIgniter->handleRequest(null, Object(Config\Cache), false)
 4 FCPATH\index.php(79): CodeIgniter\CodeIgniter->run()
 5 SYSTEMPATH\Commands\Server\rewrite.php(47): require_once('C:\\Users\\vinic\\OneDrive\\Área de Trabalho\\Corven\\corvenatualizado\\public\\index.php')
WARNING - 2024-02-08 14:39:00 --> [DEPRECATED] Creation of dynamic property App\Controllers\App::$bannerModel is deprecated in APPPATH\Controllers\App.php on line 12.
 1 SYSTEMPATH\CodeIgniter.php(913): App\Controllers\App->__construct()
 2 SYSTEMPATH\CodeIgniter.php(493): CodeIgniter\CodeIgniter->createController()
 3 SYSTEMPATH\CodeIgniter.php(361): CodeIgniter\CodeIgniter->handleRequest(null, Object(Config\Cache), false)
 4 FCPATH\index.php(79): CodeIgniter\CodeIgniter->run()
 5 SYSTEMPATH\Commands\Server\rewrite.php(47): require_once('C:\\Users\\vinic\\OneDrive\\Área de Trabalho\\Corven\\corvenatualizado\\public\\index.php')
WARNING - 2024-02-08 14:40:38 --> [DEPRECATED] Creation of dynamic property App\Controllers\App::$bannerModel is deprecated in APPPATH\Controllers\App.php on line 12.
 1 SYSTEMPATH\CodeIgniter.php(913): App\Controllers\App->__construct()
 2 SYSTEMPATH\CodeIgniter.php(493): CodeIgniter\CodeIgniter->createController()
 3 SYSTEMPATH\CodeIgniter.php(361): CodeIgniter\CodeIgniter->handleRequest(null, Object(Config\Cache), false)
 4 FCPATH\index.php(79): CodeIgniter\CodeIgniter->run()
 5 SYSTEMPATH\Commands\Server\rewrite.php(47): require_once('C:\\Users\\vinic\\OneDrive\\Área de Trabalho\\Corven\\corvenatualizado\\public\\index.php')
WARNING - 2024-02-08 14:41:46 --> [DEPRECATED] Creation of dynamic property App\Controllers\App::$bannerModel is deprecated in APPPATH\Controllers\App.php on line 12.
 1 SYSTEMPATH\CodeIgniter.php(913): App\Controllers\App->__construct()
 2 SYSTEMPATH\CodeIgniter.php(493): CodeIgniter\CodeIgniter->createController()
 3 SYSTEMPATH\CodeIgniter.php(361): CodeIgniter\CodeIgniter->handleRequest(null, Object(Config\Cache), false)
 4 FCPATH\index.php(79): CodeIgniter\CodeIgniter->run()
 5 SYSTEMPATH\Commands\Server\rewrite.php(47): require_once('C:\\Users\\vinic\\OneDrive\\Área de Trabalho\\Corven\\corvenatualizado\\public\\index.php')
CRITICAL - 2024-02-08 16:37:38 --> ErrorException: Undefined property: CodeIgniter\View\View::$session
in APPPATH/Views/__header.php on line 87.
 1 APPPATH/Views/__header.php(87): CodeIgniter\Debug\Exceptions->errorHandler(2, 'Undefined property: CodeIgniter\\View\\View::$session', '/home/pixcatalogo/corven3.pixcatalogo.com.br/app/Views/__header.php', 87)
 2 SYSTEMPATH/View/View.php(228): include('/home/pixcatalogo/corven3.pixcatalogo.com.br/app/Views/__header.php')
 3 SYSTEMPATH/View/View.php(231): CodeIgniter\View\View->CodeIgniter\View\{closure}()
 4 SYSTEMPATH/Common.php(1178): CodeIgniter\View\View->render('__header', [], true)
 5 APPPATH/Controllers/Dashboard.php(42): view('__header')
 6 SYSTEMPATH/CodeIgniter.php(941): App\Controllers\Dashboard->index()
 7 SYSTEMPATH/CodeIgniter.php(502): CodeIgniter\CodeIgniter->runController(Object(App\Controllers\Dashboard))
 8 SYSTEMPATH/CodeIgniter.php(361): CodeIgniter\CodeIgniter->handleRequest(null, Object(Config\Cache), false)
 9 FCPATH/index.php(79): CodeIgniter\CodeIgniter->run()
CRITICAL - 2024-02-08 16:38:54 --> ErrorException: Undefined array key 0
in APPPATH/Views/dashboard_u.php on line 9.
 1 APPPATH/Views/dashboard_u.php(9): CodeIgniter\Debug\Exceptions->errorHandler(2, 'Undefined array key 0', '/home/pixcatalogo/corven3.pixcatalogo.com.br/app/Views/dashboard_u.php', 9)
 2 SYSTEMPATH/View/View.php(228): include('/home/pixcatalogo/corven3.pixcatalogo.com.br/app/Views/dashboard_u.php')
 3 SYSTEMPATH/View/View.php(231): CodeIgniter\View\View->CodeIgniter\View\{closure}()
 4 SYSTEMPATH/Common.php(1178): CodeIgniter\View\View->render('dashboard_u', [], true)
 5 APPPATH/Controllers/Dashboard.php(43): view('dashboard_u', [...])
 6 SYSTEMPATH/CodeIgniter.php(941): App\Controllers\Dashboard->index()
 7 SYSTEMPATH/CodeIgniter.php(502): CodeIgniter\CodeIgniter->runController(Object(App\Controllers\Dashboard))
 8 SYSTEMPATH/CodeIgniter.php(361): CodeIgniter\CodeIgniter->handleRequest(null, Object(Config\Cache), false)
 9 FCPATH/index.php(79): CodeIgniter\CodeIgniter->run()
CRITICAL - 2024-02-08 16:40:36 --> ErrorException: Undefined property: CodeIgniter\View\View::$session
in APPPATH/Views/__header.php on line 163.
 1 APPPATH/Views/__header.php(163): CodeIgniter\Debug\Exceptions->errorHandler(2, 'Undefined property: CodeIgniter\\View\\View::$session', '/home/pixcatalogo/corven3.pixcatalogo.com.br/app/Views/__header.php', 163)
 2 SYSTEMPATH/View/View.php(228): include('/home/pixcatalogo/corven3.pixcatalogo.com.br/app/Views/__header.php')
 3 SYSTEMPATH/View/View.php(231): CodeIgniter\View\View->CodeIgniter\View\{closure}()
 4 SYSTEMPATH/Common.php(1178): CodeIgniter\View\View->render('__header', [], true)
 5 APPPATH/Controllers/Dashboard.php(42): view('__header')
 6 SYSTEMPATH/CodeIgniter.php(941): App\Controllers\Dashboard->index()
 7 SYSTEMPATH/CodeIgniter.php(502): CodeIgniter\CodeIgniter->runController(Object(App\Controllers\Dashboard))
 8 SYSTEMPATH/CodeIgniter.php(361): CodeIgniter\CodeIgniter->handleRequest(null, Object(Config\Cache), false)
 9 FCPATH/index.php(79): CodeIgniter\CodeIgniter->run()
CRITICAL - 2024-02-08 16:51:26 --> ErrorException: Undefined property: CodeIgniter\View\View::$load
in APPPATH/Views/banner/lista_banners.php on line 1.
 1 APPPATH/Views/banner/lista_banners.php(1): CodeIgniter\Debug\Exceptions->errorHandler(2, 'Undefined property: CodeIgniter\\View\\View::$load', '/home/pixcatalogo/corven3.pixcatalogo.com.br/app/Views/banner/lista_banners.php', 1)
 2 SYSTEMPATH/View/View.php(228): include('/home/pixcatalogo/corven3.pixcatalogo.com.br/app/Views/banner/lista_banners.php')
 3 SYSTEMPATH/View/View.php(231): CodeIgniter\View\View->CodeIgniter\View\{closure}()
 4 SYSTEMPATH/Common.php(1178): CodeIgniter\View\View->render('banner/lista_banners', [], true)
 5 APPPATH/Controllers/Banner.php(18): view('banner/lista_banners', [...])
 6 SYSTEMPATH/CodeIgniter.php(941): App\Controllers\Banner->index()
 7 SYSTEMPATH/CodeIgniter.php(502): CodeIgniter\CodeIgniter->runController(Object(App\Controllers\Banner))
 8 SYSTEMPATH/CodeIgniter.php(361): CodeIgniter\CodeIgniter->handleRequest(null, Object(Config\Cache), false)
 9 FCPATH/index.php(79): CodeIgniter\CodeIgniter->run()
CRITICAL - 2024-02-08 17:07:14 --> ErrorException: Undefined property: App\Controllers\Banner::$load
in APPPATH/Controllers/Banner.php on line 29.
 1 APPPATH/Controllers/Banner.php(29): CodeIgniter\Debug\Exceptions->errorHandler(2, 'Undefined property: App\\Controllers\\Banner::$load', '/home/pixcatalogo/corven3.pixcatalogo.com.br/app/Controllers/Banner.php', 29)
 2 SYSTEMPATH/CodeIgniter.php(941): App\Controllers\Banner->criar_editar('$id')
 3 SYSTEMPATH/CodeIgniter.php(502): CodeIgniter\CodeIgniter->runController(Object(App\Controllers\Banner))
 4 SYSTEMPATH/CodeIgniter.php(361): CodeIgniter\CodeIgniter->handleRequest(null, Object(Config\Cache), false)
 5 FCPATH/index.php(79): CodeIgniter\CodeIgniter->run()
CRITICAL - 2024-02-08 17:36:14 --> Error: Call to undefined method CodeIgniter\HTTP\IncomingRequest::isMobile()
in APPPATH/Controllers/Dashboard.php on line 49.
 1 APPPATH/Controllers/Dashboard.php(36): App\Controllers\Dashboard->log()
 2 SYSTEMPATH/CodeIgniter.php(941): App\Controllers\Dashboard->index()
 3 SYSTEMPATH/CodeIgniter.php(502): CodeIgniter\CodeIgniter->runController(Object(App\Controllers\Dashboard))
 4 SYSTEMPATH/CodeIgniter.php(361): CodeIgniter\CodeIgniter->handleRequest(null, Object(Config\Cache), false)
 5 FCPATH/index.php(79): CodeIgniter\CodeIgniter->run()
CRITICAL - 2024-02-08 17:47:41 --> BadMethodCallException: Call to undefined method App\Models\AcessosModel::total_acessos_mes
in SYSTEMPATH/Model.php on line 874.
 1 APPPATH/Controllers/Dashboard.php(38): CodeIgniter\Model->__call('total_acessos_mes', [])
 2 SYSTEMPATH/CodeIgniter.php(941): App\Controllers\Dashboard->index()
 3 SYSTEMPATH/CodeIgniter.php(502): CodeIgniter\CodeIgniter->runController(Object(App\Controllers\Dashboard))
 4 SYSTEMPATH/CodeIgniter.php(361): CodeIgniter\CodeIgniter->handleRequest(null, Object(Config\Cache), false)
 5 FCPATH/index.php(79): CodeIgniter\CodeIgniter->run()
CRITICAL - 2024-02-08 17:47:42 --> BadMethodCallException: Call to undefined method App\Models\AcessosModel::total_acessos_mes
in SYSTEMPATH/Model.php on line 874.
 1 APPPATH/Controllers/Dashboard.php(38): CodeIgniter\Model->__call('total_acessos_mes', [])
 2 SYSTEMPATH/CodeIgniter.php(941): App\Controllers\Dashboard->index()
 3 SYSTEMPATH/CodeIgniter.php(502): CodeIgniter\CodeIgniter->runController(Object(App\Controllers\Dashboard))
 4 SYSTEMPATH/CodeIgniter.php(361): CodeIgniter\CodeIgniter->handleRequest(null, Object(Config\Cache), false)
 5 FCPATH/index.php(79): CodeIgniter\CodeIgniter->run()
CRITICAL - 2024-02-08 17:51:40 --> BadMethodCallException: Call to undefined method App\Models\AcessosModel::total_acessos_mes
in SYSTEMPATH/Model.php on line 874.
 1 APPPATH/Controllers/Dashboard.php(38): CodeIgniter\Model->__call('total_acessos_mes', [])
 2 SYSTEMPATH/CodeIgniter.php(941): App\Controllers\Dashboard->index()
 3 SYSTEMPATH/CodeIgniter.php(502): CodeIgniter\CodeIgniter->runController(Object(App\Controllers\Dashboard))
 4 SYSTEMPATH/CodeIgniter.php(361): CodeIgniter\CodeIgniter->handleRequest(null, Object(Config\Cache), false)
 5 FCPATH/index.php(79): CodeIgniter\CodeIgniter->run()
CRITICAL - 2024-02-08 18:22:47 --> ErrorException: Undefined property: App\Controllers\Banner::$load
in APPPATH/Controllers/Banner.php on line 29.
 1 APPPATH/Controllers/Banner.php(29): CodeIgniter\Debug\Exceptions->errorHandler(2, 'Undefined property: App\\Controllers\\Banner::$load', '/home/pixcatalogo/corven3.pixcatalogo.com.br/app/Controllers/Banner.php', 29)
 2 SYSTEMPATH/CodeIgniter.php(941): App\Controllers\Banner->criar_editar('2')
 3 SYSTEMPATH/CodeIgniter.php(502): CodeIgniter\CodeIgniter->runController(Object(App\Controllers\Banner))
 4 SYSTEMPATH/CodeIgniter.php(361): CodeIgniter\CodeIgniter->handleRequest(null, Object(Config\Cache), false)
 5 FCPATH/index.php(79): CodeIgniter\CodeIgniter->run()
CRITICAL - 2024-02-08 18:24:32 --> ErrorException: Undefined property: App\Controllers\Banner::$load
in APPPATH/Controllers/Banner.php on line 29.
 1 APPPATH/Controllers/Banner.php(29): CodeIgniter\Debug\Exceptions->errorHandler(2, 'Undefined property: App\\Controllers\\Banner::$load', '/home/pixcatalogo/corven3.pixcatalogo.com.br/app/Controllers/Banner.php', 29)
 2 SYSTEMPATH/CodeIgniter.php(941): App\Controllers\Banner->criar_editar('2')
 3 SYSTEMPATH/CodeIgniter.php(502): CodeIgniter\CodeIgniter->runController(Object(App\Controllers\Banner))
 4 SYSTEMPATH/CodeIgniter.php(361): CodeIgniter\CodeIgniter->handleRequest(null, Object(Config\Cache), false)
 5 FCPATH/index.php(79): CodeIgniter\CodeIgniter->run()
CRITICAL - 2024-02-08 18:25:32 --> ErrorException: Undefined property: App\Controllers\Banner::$load
in APPPATH/Controllers/Banner.php on line 29.
 1 APPPATH/Controllers/Banner.php(29): CodeIgniter\Debug\Exceptions->errorHandler(2, 'Undefined property: App\\Controllers\\Banner::$load', '/home/pixcatalogo/corven3.pixcatalogo.com.br/app/Controllers/Banner.php', 29)
 2 SYSTEMPATH/CodeIgniter.php(941): App\Controllers\Banner->criar_editar('2')
 3 SYSTEMPATH/CodeIgniter.php(502): CodeIgniter\CodeIgniter->runController(Object(App\Controllers\Banner))
 4 SYSTEMPATH/CodeIgniter.php(361): CodeIgniter\CodeIgniter->handleRequest(null, Object(Config\Cache), false)
 5 FCPATH/index.php(79): CodeIgniter\CodeIgniter->run()
