INFO - 2024-04-22 12:56:00 --> Session: Class initialized using 'CodeIgniter\Session\Handlers\FileHandler' driver.
ERROR - 2024-04-22 13:04:01 --> Email: Unable to send email using SMTP. Your server might not be configured to send mail using this method.
ERROR - 2024-04-22 13:04:01 --> You did not specify a SMTP hostname.
ERROR - 2024-04-22 13:07:18 --> Email: sendWithSmtp throwed ErrorException: fsockopen(): Unable to connect to sandbox.smtp.mailtrap.io:25 (Uma tentativa de conexão falhou porque o componente conectado não respondeu
corretamente após um período de tempo ou a conexão estabelecida falhou
porque o host conectado não respondeu) in C:\Users\vinic\OneDrive\Área de Trabalho\Trabalhos\Pix Catalogo\catalogo.pixcatalogo.com.br\catalogo.pixcatalogo.com.br\vendor\codeigniter4\framework\system\Email\Email.php:1895
Stack trace:
#0 [internal function]: CodeIgniter\Debug\Exceptions->errorHandler(2, 'fsockopen(): Un...', 'C:\\Users\\vinic\\...', 1895)
#1 C:\Users\vinic\OneDrive\Área de Trabalho\Trabalhos\Pix Catalogo\catalogo.pixcatalogo.com.br\catalogo.pixcatalogo.com.br\vendor\codeigniter4\framework\system\Email\Email.php(1895): fsockopen('sandbox.smtp.ma...', 25, NULL, NULL, 5)
#2 C:\Users\vinic\OneDrive\Área de Trabalho\Trabalhos\Pix Catalogo\catalogo.pixcatalogo.com.br\catalogo.pixcatalogo.com.br\vendor\codeigniter4\framework\system\Email\Email.php(1808): CodeIgniter\Email\Email->SMTPConnect()
#3 C:\Users\vinic\OneDrive\Área de Trabalho\Trabalhos\Pix Catalogo\catalogo.pixcatalogo.com.br\catalogo.pixcatalogo.com.br\vendor\codeigniter4\framework\system\Email\Email.php(1693): CodeIgniter\Email\Email->sendWithSmtp()
#4 C:\Users\vinic\OneDrive\Área de Trabalho\Trabalhos\Pix Catalogo\catalogo.pixcatalogo.com.br\catalogo.pixcatalogo.com.br\vendor\codeigniter4\framework\system\Email\Email.php(1587): CodeIgniter\Email\Email->spoolEmail()
#5 C:\Users\vinic\OneDrive\Área de Trabalho\Trabalhos\Pix Catalogo\catalogo.pixcatalogo.com.br\catalogo.pixcatalogo.com.br\app\Controllers\Login.php(50): CodeIgniter\Email\Email->send()
#6 C:\Users\vinic\OneDrive\Área de Trabalho\Trabalhos\Pix Catalogo\catalogo.pixcatalogo.com.br\catalogo.pixcatalogo.com.br\vendor\codeigniter4\framework\system\CodeIgniter.php(941): App\Controllers\Login->recover()
#7 C:\Users\vinic\OneDrive\Área de Trabalho\Trabalhos\Pix Catalogo\catalogo.pixcatalogo.com.br\catalogo.pixcatalogo.com.br\vendor\codeigniter4\framework\system\CodeIgniter.php(502): CodeIgniter\CodeIgniter->runController(Object(App\Controllers\Login))
#8 C:\Users\vinic\OneDrive\Área de Trabalho\Trabalhos\Pix Catalogo\catalogo.pixcatalogo.com.br\catalogo.pixcatalogo.com.br\vendor\codeigniter4\framework\system\CodeIgniter.php(361): CodeIgniter\CodeIgniter->handleRequest(NULL, Object(Config\Cache), false)
#9 C:\Users\vinic\OneDrive\Área de Trabalho\Trabalhos\Pix Catalogo\catalogo.pixcatalogo.com.br\catalogo.pixcatalogo.com.br\index.php(79): CodeIgniter\CodeIgniter->run()
#10 {main}
ERROR - 2024-04-22 13:07:18 --> Email: Unable to send email using SMTP. Your server might not be configured to send mail using this method.
ERROR - 2024-04-22 13:07:18 --> 
INFO - 2024-04-22 13:09:44 --> Session: Class initialized using 'CodeIgniter\Session\Handlers\FileHandler' driver.
INFO - 2024-04-22 13:09:45 --> Session: Class initialized using 'CodeIgniter\Session\Handlers\FileHandler' driver.
INFO - 2024-04-22 13:26:14 --> Session: Class initialized using 'CodeIgniter\Session\Handlers\FileHandler' driver.
INFO - 2024-04-22 13:26:14 --> Session: Class initialized using 'CodeIgniter\Session\Handlers\FileHandler' driver.
INFO - 2024-04-22 13:26:28 --> Session: Class initialized using 'CodeIgniter\Session\Handlers\FileHandler' driver.
INFO - 2024-04-22 13:41:45 --> Session: Class initialized using 'CodeIgniter\Session\Handlers\FileHandler' driver.
INFO - 2024-04-22 13:41:50 --> Session: Class initialized using 'CodeIgniter\Session\Handlers\FileHandler' driver.
ERROR - 2024-04-22 13:41:59 --> Email: sendWithSmtp throwed ErrorException: stream_socket_enable_crypto(): SSL/TLS already set-up for this stream in C:\Users\vinic\OneDrive\Área de Trabalho\Trabalhos\Pix Catalogo\catalogo.pixcatalogo.com.br\catalogo.pixcatalogo.com.br\vendor\codeigniter4\framework\system\Email\Email.php:1915
Stack trace:
#0 [internal function]: CodeIgniter\Debug\Exceptions->errorHandler(2, 'stream_socket_e...', 'C:\\Users\\vinic\\...', 1915)
#1 C:\Users\vinic\OneDrive\Área de Trabalho\Trabalhos\Pix Catalogo\catalogo.pixcatalogo.com.br\catalogo.pixcatalogo.com.br\vendor\codeigniter4\framework\system\Email\Email.php(1915): stream_socket_enable_crypto(Resource id #159, true, 121)
#2 C:\Users\vinic\OneDrive\Área de Trabalho\Trabalhos\Pix Catalogo\catalogo.pixcatalogo.com.br\catalogo.pixcatalogo.com.br\vendor\codeigniter4\framework\system\Email\Email.php(1808): CodeIgniter\Email\Email->SMTPConnect()
#3 C:\Users\vinic\OneDrive\Área de Trabalho\Trabalhos\Pix Catalogo\catalogo.pixcatalogo.com.br\catalogo.pixcatalogo.com.br\vendor\codeigniter4\framework\system\Email\Email.php(1693): CodeIgniter\Email\Email->sendWithSmtp()
#4 C:\Users\vinic\OneDrive\Área de Trabalho\Trabalhos\Pix Catalogo\catalogo.pixcatalogo.com.br\catalogo.pixcatalogo.com.br\vendor\codeigniter4\framework\system\Email\Email.php(1587): CodeIgniter\Email\Email->spoolEmail()
#5 C:\Users\vinic\OneDrive\Área de Trabalho\Trabalhos\Pix Catalogo\catalogo.pixcatalogo.com.br\catalogo.pixcatalogo.com.br\app\Controllers\Login.php(45): CodeIgniter\Email\Email->send()
#6 C:\Users\vinic\OneDrive\Área de Trabalho\Trabalhos\Pix Catalogo\catalogo.pixcatalogo.com.br\catalogo.pixcatalogo.com.br\vendor\codeigniter4\framework\system\CodeIgniter.php(941): App\Controllers\Login->recover()
#7 C:\Users\vinic\OneDrive\Área de Trabalho\Trabalhos\Pix Catalogo\catalogo.pixcatalogo.com.br\catalogo.pixcatalogo.com.br\vendor\codeigniter4\framework\system\CodeIgniter.php(502): CodeIgniter\CodeIgniter->runController(Object(App\Controllers\Login))
#8 C:\Users\vinic\OneDrive\Área de Trabalho\Trabalhos\Pix Catalogo\catalogo.pixcatalogo.com.br\catalogo.pixcatalogo.com.br\vendor\codeigniter4\framework\system\CodeIgniter.php(361): CodeIgniter\CodeIgniter->handleRequest(NULL, Object(Config\Cache), false)
#9 C:\Users\vinic\OneDrive\Área de Trabalho\Trabalhos\Pix Catalogo\catalogo.pixcatalogo.com.br\catalogo.pixcatalogo.com.br\index.php(79): CodeIgniter\CodeIgniter->run()
#10 {main}
ERROR - 2024-04-22 13:41:59 --> Email: Unable to send email using SMTP. Your server might not be configured to send mail using this method.
ERROR - 2024-04-22 13:41:59 --> 220-business.infra-startup.com ESMTP Exim 4.96.2 #2 Mon, 22 Apr 2024 10:42:00 -0300 
220-We do not authorize the use of this system to transport unsolicited, 
220 and/or bulk e-mail.

hello: 250-business.infra-startup.com Hello localhost [164.163.204.82]
250-SIZE 209715200
250-8BITMIME
250-PIPELINING
250-PIPECONNECT
250-AUTH PLAIN LOGIN
250 HELP

starttls: 503 STARTTLS command used when not advertised

The following SMTP error was encountered: 503 STARTTLS command used when not advertised

ERROR - 2024-04-22 13:45:03 --> Email: sendWithSmtp throwed ErrorException: stream_socket_enable_crypto(): SSL/TLS already set-up for this stream in C:\Users\vinic\OneDrive\Área de Trabalho\Trabalhos\Pix Catalogo\catalogo.pixcatalogo.com.br\catalogo.pixcatalogo.com.br\vendor\codeigniter4\framework\system\Email\Email.php:1915
Stack trace:
#0 [internal function]: CodeIgniter\Debug\Exceptions->errorHandler(2, 'stream_socket_e...', 'C:\\Users\\vinic\\...', 1915)
#1 C:\Users\vinic\OneDrive\Área de Trabalho\Trabalhos\Pix Catalogo\catalogo.pixcatalogo.com.br\catalogo.pixcatalogo.com.br\vendor\codeigniter4\framework\system\Email\Email.php(1915): stream_socket_enable_crypto(Resource id #159, true, 121)
#2 C:\Users\vinic\OneDrive\Área de Trabalho\Trabalhos\Pix Catalogo\catalogo.pixcatalogo.com.br\catalogo.pixcatalogo.com.br\vendor\codeigniter4\framework\system\Email\Email.php(1808): CodeIgniter\Email\Email->SMTPConnect()
#3 C:\Users\vinic\OneDrive\Área de Trabalho\Trabalhos\Pix Catalogo\catalogo.pixcatalogo.com.br\catalogo.pixcatalogo.com.br\vendor\codeigniter4\framework\system\Email\Email.php(1693): CodeIgniter\Email\Email->sendWithSmtp()
#4 C:\Users\vinic\OneDrive\Área de Trabalho\Trabalhos\Pix Catalogo\catalogo.pixcatalogo.com.br\catalogo.pixcatalogo.com.br\vendor\codeigniter4\framework\system\Email\Email.php(1587): CodeIgniter\Email\Email->spoolEmail()
#5 C:\Users\vinic\OneDrive\Área de Trabalho\Trabalhos\Pix Catalogo\catalogo.pixcatalogo.com.br\catalogo.pixcatalogo.com.br\app\Controllers\Login.php(45): CodeIgniter\Email\Email->send()
#6 C:\Users\vinic\OneDrive\Área de Trabalho\Trabalhos\Pix Catalogo\catalogo.pixcatalogo.com.br\catalogo.pixcatalogo.com.br\vendor\codeigniter4\framework\system\CodeIgniter.php(941): App\Controllers\Login->recover()
#7 C:\Users\vinic\OneDrive\Área de Trabalho\Trabalhos\Pix Catalogo\catalogo.pixcatalogo.com.br\catalogo.pixcatalogo.com.br\vendor\codeigniter4\framework\system\CodeIgniter.php(502): CodeIgniter\CodeIgniter->runController(Object(App\Controllers\Login))
#8 C:\Users\vinic\OneDrive\Área de Trabalho\Trabalhos\Pix Catalogo\catalogo.pixcatalogo.com.br\catalogo.pixcatalogo.com.br\vendor\codeigniter4\framework\system\CodeIgniter.php(361): CodeIgniter\CodeIgniter->handleRequest(NULL, Object(Config\Cache), false)
#9 C:\Users\vinic\OneDrive\Área de Trabalho\Trabalhos\Pix Catalogo\catalogo.pixcatalogo.com.br\catalogo.pixcatalogo.com.br\index.php(79): CodeIgniter\CodeIgniter->run()
#10 {main}
ERROR - 2024-04-22 13:45:03 --> Email: Unable to send email using SMTP. Your server might not be configured to send mail using this method.
ERROR - 2024-04-22 13:45:03 --> 220-business.infra-startup.com ESMTP Exim 4.96.2 #2 Mon, 22 Apr 2024 10:45:03 -0300 
220-We do not authorize the use of this system to transport unsolicited, 
220 and/or bulk e-mail.

hello: 250-business.infra-startup.com Hello localhost [164.163.204.82]
250-SIZE 209715200
250-8BITMIME
250-PIPELINING
250-PIPECONNECT
250-AUTH PLAIN LOGIN
250 HELP

starttls: 503 STARTTLS command used when not advertised

The following SMTP error was encountered: 503 STARTTLS command used when not advertised

INFO - 2024-04-22 16:41:57 --> Session: Class initialized using 'CodeIgniter\Session\Handlers\FileHandler' driver.
CRITICAL - 2024-04-22 17:04:51 --> ErrorException: Undefined variable $codigo
in APPPATH\Views\emails\recover.php on line 90.
 1 APPPATH\Views\emails\recover.php(90): CodeIgniter\Debug\Exceptions->errorHandler(2, 'Undefined variable $codigo', 'C:\\Users\\vinic\\OneDrive\\Área de Trabalho\\Trabalhos\\Pix Catalogo\\catalogo.pixcatalogo.com.br\\catalogo.pixcatalogo.com.br\\app\\Views\\emails\\recover.php', 90)
 2 SYSTEMPATH\View\View.php(228): include('C:\\Users\\vinic\\OneDrive\\Área de Trabalho\\Trabalhos\\Pix Catalogo\\catalogo.pixcatalogo.com.br\\catalogo.pixcatalogo.com.br\\app\\Views\\emails\\recover.php')
 3 SYSTEMPATH\View\View.php(231): CodeIgniter\View\View->CodeIgniter\View\{closure}()
 4 SYSTEMPATH\Common.php(1178): CodeIgniter\View\View->render('emails/recover', [], true)
 5 APPPATH\Controllers\Login.php(68): view('emails/recover', [...])
 6 SYSTEMPATH\CodeIgniter.php(941): App\Controllers\Login->recover()
 7 SYSTEMPATH\CodeIgniter.php(502): CodeIgniter\CodeIgniter->runController(Object(App\Controllers\Login))
 8 SYSTEMPATH\CodeIgniter.php(361): CodeIgniter\CodeIgniter->handleRequest(null, Object(Config\Cache), false)
 9 FCPATH\index.php(79): CodeIgniter\CodeIgniter->run()
CRITICAL - 2024-04-22 17:05:14 --> ErrorException: Undefined variable $codigo
in APPPATH\Views\emails\recover.php on line 90.
 1 APPPATH\Views\emails\recover.php(90): CodeIgniter\Debug\Exceptions->errorHandler(2, 'Undefined variable $codigo', 'C:\\Users\\vinic\\OneDrive\\Área de Trabalho\\Trabalhos\\Pix Catalogo\\catalogo.pixcatalogo.com.br\\catalogo.pixcatalogo.com.br\\app\\Views\\emails\\recover.php', 90)
 2 SYSTEMPATH\View\View.php(228): include('C:\\Users\\vinic\\OneDrive\\Área de Trabalho\\Trabalhos\\Pix Catalogo\\catalogo.pixcatalogo.com.br\\catalogo.pixcatalogo.com.br\\app\\Views\\emails\\recover.php')
 3 SYSTEMPATH\View\View.php(231): CodeIgniter\View\View->CodeIgniter\View\{closure}()
 4 SYSTEMPATH\Common.php(1178): CodeIgniter\View\View->render('emails/recover', [], true)
 5 APPPATH\Controllers\Login.php(68): view('emails/recover', [...])
 6 SYSTEMPATH\CodeIgniter.php(941): App\Controllers\Login->recover()
 7 SYSTEMPATH\CodeIgniter.php(502): CodeIgniter\CodeIgniter->runController(Object(App\Controllers\Login))
 8 SYSTEMPATH\CodeIgniter.php(361): CodeIgniter\CodeIgniter->handleRequest(null, Object(Config\Cache), false)
 9 FCPATH\index.php(79): CodeIgniter\CodeIgniter->run()
CRITICAL - 2024-04-22 17:05:40 --> ErrorException: Undefined variable $codigo
in APPPATH\Views\emails\recover.php on line 90.
 1 APPPATH\Views\emails\recover.php(90): CodeIgniter\Debug\Exceptions->errorHandler(2, 'Undefined variable $codigo', 'C:\\Users\\vinic\\OneDrive\\Área de Trabalho\\Trabalhos\\Pix Catalogo\\catalogo.pixcatalogo.com.br\\catalogo.pixcatalogo.com.br\\app\\Views\\emails\\recover.php', 90)
 2 SYSTEMPATH\View\View.php(228): include('C:\\Users\\vinic\\OneDrive\\Área de Trabalho\\Trabalhos\\Pix Catalogo\\catalogo.pixcatalogo.com.br\\catalogo.pixcatalogo.com.br\\app\\Views\\emails\\recover.php')
 3 SYSTEMPATH\View\View.php(231): CodeIgniter\View\View->CodeIgniter\View\{closure}()
 4 SYSTEMPATH\Common.php(1178): CodeIgniter\View\View->render('emails/recover', [], true)
 5 APPPATH\Controllers\Login.php(68): view('emails/recover', [...])
 6 SYSTEMPATH\CodeIgniter.php(941): App\Controllers\Login->recover()
 7 SYSTEMPATH\CodeIgniter.php(502): CodeIgniter\CodeIgniter->runController(Object(App\Controllers\Login))
 8 SYSTEMPATH\CodeIgniter.php(361): CodeIgniter\CodeIgniter->handleRequest(null, Object(Config\Cache), false)
 9 FCPATH\index.php(79): CodeIgniter\CodeIgniter->run()
ERROR - 2024-04-22 17:07:08 --> mysqli_sql_exception: Unknown column 'codigo' in 'where clause' in C:\Users\vinic\OneDrive\Área de Trabalho\Trabalhos\Pix Catalogo\catalogo.pixcatalogo.com.br\catalogo.pixcatalogo.com.br\vendor\codeigniter4\framework\system\Database\MySQLi\Connection.php:306
Stack trace:
#0 C:\Users\vinic\OneDrive\Área de Trabalho\Trabalhos\Pix Catalogo\catalogo.pixcatalogo.com.br\catalogo.pixcatalogo.com.br\vendor\codeigniter4\framework\system\Database\MySQLi\Connection.php(306): mysqli->query('SELECT *\nFROM `...', 0)
#1 C:\Users\vinic\OneDrive\Área de Trabalho\Trabalhos\Pix Catalogo\catalogo.pixcatalogo.com.br\catalogo.pixcatalogo.com.br\vendor\codeigniter4\framework\system\Database\BaseConnection.php(693): CodeIgniter\Database\MySQLi\Connection->execute('SELECT *\nFROM `...')
#2 C:\Users\vinic\OneDrive\Área de Trabalho\Trabalhos\Pix Catalogo\catalogo.pixcatalogo.com.br\catalogo.pixcatalogo.com.br\vendor\codeigniter4\framework\system\Database\BaseConnection.php(607): CodeIgniter\Database\BaseConnection->simpleQuery('SELECT *\nFROM `...')
#3 C:\Users\vinic\OneDrive\Área de Trabalho\Trabalhos\Pix Catalogo\catalogo.pixcatalogo.com.br\catalogo.pixcatalogo.com.br\vendor\codeigniter4\framework\system\Database\BaseBuilder.php(1616): CodeIgniter\Database\BaseConnection->query('SELECT *\nFROM `...', Array, false)
#4 C:\Users\vinic\OneDrive\Área de Trabalho\Trabalhos\Pix Catalogo\catalogo.pixcatalogo.com.br\catalogo.pixcatalogo.com.br\vendor\codeigniter4\framework\system\Model.php(242): CodeIgniter\Database\BaseBuilder->get()
#5 C:\Users\vinic\OneDrive\Área de Trabalho\Trabalhos\Pix Catalogo\catalogo.pixcatalogo.com.br\catalogo.pixcatalogo.com.br\vendor\codeigniter4\framework\system\BaseModel.php(638): CodeIgniter\Model->doFindAll(0, 0)
#6 C:\Users\vinic\OneDrive\Área de Trabalho\Trabalhos\Pix Catalogo\catalogo.pixcatalogo.com.br\catalogo.pixcatalogo.com.br\app\Models\LoginModel.php(27): CodeIgniter\BaseModel->findAll()
#7 C:\Users\vinic\OneDrive\Área de Trabalho\Trabalhos\Pix Catalogo\catalogo.pixcatalogo.com.br\catalogo.pixcatalogo.com.br\app\Controllers\Login.php(36): App\Models\LoginModel->getCode('385979')
#8 C:\Users\vinic\OneDrive\Área de Trabalho\Trabalhos\Pix Catalogo\catalogo.pixcatalogo.com.br\catalogo.pixcatalogo.com.br\vendor\codeigniter4\framework\system\CodeIgniter.php(941): App\Controllers\Login->newpass('385979')
#9 C:\Users\vinic\OneDrive\Área de Trabalho\Trabalhos\Pix Catalogo\catalogo.pixcatalogo.com.br\catalogo.pixcatalogo.com.br\vendor\codeigniter4\framework\system\CodeIgniter.php(502): CodeIgniter\CodeIgniter->runController(Object(App\Controllers\Login))
#10 C:\Users\vinic\OneDrive\Área de Trabalho\Trabalhos\Pix Catalogo\catalogo.pixcatalogo.com.br\catalogo.pixcatalogo.com.br\vendor\codeigniter4\framework\system\CodeIgniter.php(361): CodeIgniter\CodeIgniter->handleRequest(NULL, Object(Config\Cache), false)
#11 C:\Users\vinic\OneDrive\Área de Trabalho\Trabalhos\Pix Catalogo\catalogo.pixcatalogo.com.br\catalogo.pixcatalogo.com.br\index.php(79): CodeIgniter\CodeIgniter->run()
#12 {main}
CRITICAL - 2024-04-22 17:07:08 --> CodeIgniter\Database\Exceptions\DatabaseException: Unknown column 'codigo' in 'where clause'
in SYSTEMPATH\Database\BaseConnection.php on line 647.
 1 SYSTEMPATH\Database\BaseBuilder.php(1616): CodeIgniter\Database\BaseConnection->query('SELECT *
FROM `user`
WHERE `codigo` = :codigo:', [...], false)
 2 SYSTEMPATH\Model.php(242): CodeIgniter\Database\BaseBuilder->get()
 3 SYSTEMPATH\BaseModel.php(638): CodeIgniter\Model->doFindAll(0, 0)
 4 APPPATH\Models\LoginModel.php(27): CodeIgniter\BaseModel->findAll()
 5 APPPATH\Controllers\Login.php(36): App\Models\LoginModel->getCode('385979')
 6 SYSTEMPATH\CodeIgniter.php(941): App\Controllers\Login->newpass('385979')
 7 SYSTEMPATH\CodeIgniter.php(502): CodeIgniter\CodeIgniter->runController(Object(App\Controllers\Login))
 8 SYSTEMPATH\CodeIgniter.php(361): CodeIgniter\CodeIgniter->handleRequest(null, Object(Config\Cache), false)
 9 FCPATH\index.php(79): CodeIgniter\CodeIgniter->run()
CRITICAL - 2024-04-22 17:07:08 --> [Caused by] CodeIgniter\Database\Exceptions\DatabaseException: Unknown column 'codigo' in 'where clause'
in SYSTEMPATH\Database\MySQLi\Connection.php on line 311.
 1 SYSTEMPATH\Database\BaseConnection.php(693): CodeIgniter\Database\MySQLi\Connection->execute('SELECT *
FROM `user`
WHERE `codigo` = \'385979\'')
 2 SYSTEMPATH\Database\BaseConnection.php(607): CodeIgniter\Database\BaseConnection->simpleQuery('SELECT *
FROM `user`
WHERE `codigo` = \'385979\'')
 3 SYSTEMPATH\Database\BaseBuilder.php(1616): CodeIgniter\Database\BaseConnection->query('SELECT *
FROM `user`
WHERE `codigo` = :codigo:', [...], false)
 4 SYSTEMPATH\Model.php(242): CodeIgniter\Database\BaseBuilder->get()
 5 SYSTEMPATH\BaseModel.php(638): CodeIgniter\Model->doFindAll(0, 0)
 6 APPPATH\Models\LoginModel.php(27): CodeIgniter\BaseModel->findAll()
 7 APPPATH\Controllers\Login.php(36): App\Models\LoginModel->getCode('385979')
 8 SYSTEMPATH\CodeIgniter.php(941): App\Controllers\Login->newpass('385979')
 9 SYSTEMPATH\CodeIgniter.php(502): CodeIgniter\CodeIgniter->runController(Object(App\Controllers\Login))
10 SYSTEMPATH\CodeIgniter.php(361): CodeIgniter\CodeIgniter->handleRequest(null, Object(Config\Cache), false)
11 FCPATH\index.php(79): CodeIgniter\CodeIgniter->run()
CRITICAL - 2024-04-22 17:07:08 --> [Caused by] mysqli_sql_exception: Unknown column 'codigo' in 'where clause'
in SYSTEMPATH\Database\MySQLi\Connection.php on line 306.
 1 SYSTEMPATH\Database\MySQLi\Connection.php(306): mysqli->query('SELECT *
FROM `user`
WHERE `codigo` = \'385979\'', 0)
 2 SYSTEMPATH\Database\BaseConnection.php(693): CodeIgniter\Database\MySQLi\Connection->execute('SELECT *
FROM `user`
WHERE `codigo` = \'385979\'')
 3 SYSTEMPATH\Database\BaseConnection.php(607): CodeIgniter\Database\BaseConnection->simpleQuery('SELECT *
FROM `user`
WHERE `codigo` = \'385979\'')
 4 SYSTEMPATH\Database\BaseBuilder.php(1616): CodeIgniter\Database\BaseConnection->query('SELECT *
FROM `user`
WHERE `codigo` = :codigo:', [...], false)
 5 SYSTEMPATH\Model.php(242): CodeIgniter\Database\BaseBuilder->get()
 6 SYSTEMPATH\BaseModel.php(638): CodeIgniter\Model->doFindAll(0, 0)
 7 APPPATH\Models\LoginModel.php(27): CodeIgniter\BaseModel->findAll()
 8 APPPATH\Controllers\Login.php(36): App\Models\LoginModel->getCode('385979')
 9 SYSTEMPATH\CodeIgniter.php(941): App\Controllers\Login->newpass('385979')
10 SYSTEMPATH\CodeIgniter.php(502): CodeIgniter\CodeIgniter->runController(Object(App\Controllers\Login))
11 SYSTEMPATH\CodeIgniter.php(361): CodeIgniter\CodeIgniter->handleRequest(null, Object(Config\Cache), false)
12 FCPATH\index.php(79): CodeIgniter\CodeIgniter->run()
CRITICAL - 2024-04-22 17:08:25 --> TypeError: CodeIgniter\BaseModel::transformDataToArray(): Return value must be of type array, string returned
in SYSTEMPATH\BaseModel.php on line 1804.
 1 SYSTEMPATH\BaseModel.php(768): CodeIgniter\BaseModel->transformDataToArray('817322', 'insert')
 2 SYSTEMPATH\Model.php(744): CodeIgniter\BaseModel->insert('817322', true)
 3 APPPATH\Models\LoginModel.php(21): CodeIgniter\Model->insert('817322')
 4 APPPATH\Controllers\Login.php(58): App\Models\LoginModel->setCode('817322')
 5 SYSTEMPATH\CodeIgniter.php(941): App\Controllers\Login->recover()
 6 SYSTEMPATH\CodeIgniter.php(502): CodeIgniter\CodeIgniter->runController(Object(App\Controllers\Login))
 7 SYSTEMPATH\CodeIgniter.php(361): CodeIgniter\CodeIgniter->handleRequest(null, Object(Config\Cache), false)
 8 FCPATH\index.php(79): CodeIgniter\CodeIgniter->run()
ERROR - 2024-04-22 17:10:20 --> mysqli_sql_exception: Unknown column 'user.id' in 'where clause' in C:\Users\vinic\OneDrive\Área de Trabalho\Trabalhos\Pix Catalogo\catalogo.pixcatalogo.com.br\catalogo.pixcatalogo.com.br\vendor\codeigniter4\framework\system\Database\MySQLi\Connection.php:306
Stack trace:
#0 C:\Users\vinic\OneDrive\Área de Trabalho\Trabalhos\Pix Catalogo\catalogo.pixcatalogo.com.br\catalogo.pixcatalogo.com.br\vendor\codeigniter4\framework\system\Database\MySQLi\Connection.php(306): mysqli->query('UPDATE `user` S...', 0)
#1 C:\Users\vinic\OneDrive\Área de Trabalho\Trabalhos\Pix Catalogo\catalogo.pixcatalogo.com.br\catalogo.pixcatalogo.com.br\vendor\codeigniter4\framework\system\Database\BaseConnection.php(693): CodeIgniter\Database\MySQLi\Connection->execute('UPDATE `user` S...')
#2 C:\Users\vinic\OneDrive\Área de Trabalho\Trabalhos\Pix Catalogo\catalogo.pixcatalogo.com.br\catalogo.pixcatalogo.com.br\vendor\codeigniter4\framework\system\Database\BaseConnection.php(607): CodeIgniter\Database\BaseConnection->simpleQuery('UPDATE `user` S...')
#3 C:\Users\vinic\OneDrive\Área de Trabalho\Trabalhos\Pix Catalogo\catalogo.pixcatalogo.com.br\catalogo.pixcatalogo.com.br\vendor\codeigniter4\framework\system\Database\BaseBuilder.php(2474): CodeIgniter\Database\BaseConnection->query('UPDATE `user` S...', Array, false)
#4 C:\Users\vinic\OneDrive\Área de Trabalho\Trabalhos\Pix Catalogo\catalogo.pixcatalogo.com.br\catalogo.pixcatalogo.com.br\vendor\codeigniter4\framework\system\Model.php(393): CodeIgniter\Database\BaseBuilder->update()
#5 C:\Users\vinic\OneDrive\Área de Trabalho\Trabalhos\Pix Catalogo\catalogo.pixcatalogo.com.br\catalogo.pixcatalogo.com.br\vendor\codeigniter4\framework\system\BaseModel.php(987): CodeIgniter\Model->doUpdate(Array, Array)
#6 C:\Users\vinic\OneDrive\Área de Trabalho\Trabalhos\Pix Catalogo\catalogo.pixcatalogo.com.br\catalogo.pixcatalogo.com.br\vendor\codeigniter4\framework\system\Model.php(807): CodeIgniter\BaseModel->update(Array, Array)
#7 C:\Users\vinic\OneDrive\Área de Trabalho\Trabalhos\Pix Catalogo\catalogo.pixcatalogo.com.br\catalogo.pixcatalogo.com.br\app\Models\LoginModel.php(21): CodeIgniter\Model->update(1, Array)
#8 C:\Users\vinic\OneDrive\Área de Trabalho\Trabalhos\Pix Catalogo\catalogo.pixcatalogo.com.br\catalogo.pixcatalogo.com.br\app\Controllers\Login.php(62): App\Models\LoginModel->setCode(Array)
#9 C:\Users\vinic\OneDrive\Área de Trabalho\Trabalhos\Pix Catalogo\catalogo.pixcatalogo.com.br\catalogo.pixcatalogo.com.br\vendor\codeigniter4\framework\system\CodeIgniter.php(941): App\Controllers\Login->recover()
#10 C:\Users\vinic\OneDrive\Área de Trabalho\Trabalhos\Pix Catalogo\catalogo.pixcatalogo.com.br\catalogo.pixcatalogo.com.br\vendor\codeigniter4\framework\system\CodeIgniter.php(502): CodeIgniter\CodeIgniter->runController(Object(App\Controllers\Login))
#11 C:\Users\vinic\OneDrive\Área de Trabalho\Trabalhos\Pix Catalogo\catalogo.pixcatalogo.com.br\catalogo.pixcatalogo.com.br\vendor\codeigniter4\framework\system\CodeIgniter.php(361): CodeIgniter\CodeIgniter->handleRequest(NULL, Object(Config\Cache), false)
#12 C:\Users\vinic\OneDrive\Área de Trabalho\Trabalhos\Pix Catalogo\catalogo.pixcatalogo.com.br\catalogo.pixcatalogo.com.br\index.php(79): CodeIgniter\CodeIgniter->run()
#13 {main}
CRITICAL - 2024-04-22 17:10:20 --> CodeIgniter\Database\Exceptions\DatabaseException: Unknown column 'user.id' in 'where clause'
in SYSTEMPATH\Database\BaseConnection.php on line 647.
 1 SYSTEMPATH\Database\BaseBuilder.php(2474): CodeIgniter\Database\BaseConnection->query('UPDATE `user` SET `codigo` = :codigo:
WHERE `user`.`id` IN :user.id:', [...], false)
 2 SYSTEMPATH\Model.php(393): CodeIgniter\Database\BaseBuilder->update()
 3 SYSTEMPATH\BaseModel.php(987): CodeIgniter\Model->doUpdate([...], [...])
 4 SYSTEMPATH\Model.php(807): CodeIgniter\BaseModel->update([...], [...])
 5 APPPATH\Models\LoginModel.php(21): CodeIgniter\Model->update(1, [...])
 6 APPPATH\Controllers\Login.php(62): App\Models\LoginModel->setCode([...])
 7 SYSTEMPATH\CodeIgniter.php(941): App\Controllers\Login->recover()
 8 SYSTEMPATH\CodeIgniter.php(502): CodeIgniter\CodeIgniter->runController(Object(App\Controllers\Login))
 9 SYSTEMPATH\CodeIgniter.php(361): CodeIgniter\CodeIgniter->handleRequest(null, Object(Config\Cache), false)
10 FCPATH\index.php(79): CodeIgniter\CodeIgniter->run()
CRITICAL - 2024-04-22 17:10:20 --> [Caused by] CodeIgniter\Database\Exceptions\DatabaseException: Unknown column 'user.id' in 'where clause'
in SYSTEMPATH\Database\MySQLi\Connection.php on line 311.
 1 SYSTEMPATH\Database\BaseConnection.php(693): CodeIgniter\Database\MySQLi\Connection->execute('UPDATE `user` SET `codigo` = \'258916\'
WHERE `user`.`id` IN (1)')
 2 SYSTEMPATH\Database\BaseConnection.php(607): CodeIgniter\Database\BaseConnection->simpleQuery('UPDATE `user` SET `codigo` = \'258916\'
WHERE `user`.`id` IN (1)')
 3 SYSTEMPATH\Database\BaseBuilder.php(2474): CodeIgniter\Database\BaseConnection->query('UPDATE `user` SET `codigo` = :codigo:
WHERE `user`.`id` IN :user.id:', [...], false)
 4 SYSTEMPATH\Model.php(393): CodeIgniter\Database\BaseBuilder->update()
 5 SYSTEMPATH\BaseModel.php(987): CodeIgniter\Model->doUpdate([...], [...])
 6 SYSTEMPATH\Model.php(807): CodeIgniter\BaseModel->update([...], [...])
 7 APPPATH\Models\LoginModel.php(21): CodeIgniter\Model->update(1, [...])
 8 APPPATH\Controllers\Login.php(62): App\Models\LoginModel->setCode([...])
 9 SYSTEMPATH\CodeIgniter.php(941): App\Controllers\Login->recover()
10 SYSTEMPATH\CodeIgniter.php(502): CodeIgniter\CodeIgniter->runController(Object(App\Controllers\Login))
11 SYSTEMPATH\CodeIgniter.php(361): CodeIgniter\CodeIgniter->handleRequest(null, Object(Config\Cache), false)
12 FCPATH\index.php(79): CodeIgniter\CodeIgniter->run()
CRITICAL - 2024-04-22 17:10:20 --> [Caused by] mysqli_sql_exception: Unknown column 'user.id' in 'where clause'
in SYSTEMPATH\Database\MySQLi\Connection.php on line 306.
 1 SYSTEMPATH\Database\MySQLi\Connection.php(306): mysqli->query('UPDATE `user` SET `codigo` = \'258916\'
WHERE `user`.`id` IN (1)', 0)
 2 SYSTEMPATH\Database\BaseConnection.php(693): CodeIgniter\Database\MySQLi\Connection->execute('UPDATE `user` SET `codigo` = \'258916\'
WHERE `user`.`id` IN (1)')
 3 SYSTEMPATH\Database\BaseConnection.php(607): CodeIgniter\Database\BaseConnection->simpleQuery('UPDATE `user` SET `codigo` = \'258916\'
WHERE `user`.`id` IN (1)')
 4 SYSTEMPATH\Database\BaseBuilder.php(2474): CodeIgniter\Database\BaseConnection->query('UPDATE `user` SET `codigo` = :codigo:
WHERE `user`.`id` IN :user.id:', [...], false)
 5 SYSTEMPATH\Model.php(393): CodeIgniter\Database\BaseBuilder->update()
 6 SYSTEMPATH\BaseModel.php(987): CodeIgniter\Model->doUpdate([...], [...])
 7 SYSTEMPATH\Model.php(807): CodeIgniter\BaseModel->update([...], [...])
 8 APPPATH\Models\LoginModel.php(21): CodeIgniter\Model->update(1, [...])
 9 APPPATH\Controllers\Login.php(62): App\Models\LoginModel->setCode([...])
10 SYSTEMPATH\CodeIgniter.php(941): App\Controllers\Login->recover()
11 SYSTEMPATH\CodeIgniter.php(502): CodeIgniter\CodeIgniter->runController(Object(App\Controllers\Login))
12 SYSTEMPATH\CodeIgniter.php(361): CodeIgniter\CodeIgniter->handleRequest(null, Object(Config\Cache), false)
13 FCPATH\index.php(79): CodeIgniter\CodeIgniter->run()
CRITICAL - 2024-04-22 17:15:42 --> ArgumentCountError: Too few arguments to function App\Controllers\Login::newpass(), 0 passed in C:\Users\vinic\OneDrive\Área de Trabalho\Trabalhos\Pix Catalogo\catalogo.pixcatalogo.com.br\catalogo.pixcatalogo.com.br\vendor\codeigniter4\framework\system\CodeIgniter.php on line 941 and exactly 1 expected
in APPPATH\Controllers\Login.php on line 26.
 1 SYSTEMPATH\CodeIgniter.php(941): App\Controllers\Login->newpass()
 2 SYSTEMPATH\CodeIgniter.php(502): CodeIgniter\CodeIgniter->runController(Object(App\Controllers\Login))
 3 SYSTEMPATH\CodeIgniter.php(361): CodeIgniter\CodeIgniter->handleRequest(null, Object(Config\Cache), false)
 4 FCPATH\index.php(79): CodeIgniter\CodeIgniter->run()
CRITICAL - 2024-04-22 17:17:15 --> ArgumentCountError: Too few arguments to function App\Controllers\Login::newpass(), 0 passed in C:\Users\vinic\OneDrive\Área de Trabalho\Trabalhos\Pix Catalogo\catalogo.pixcatalogo.com.br\catalogo.pixcatalogo.com.br\vendor\codeigniter4\framework\system\CodeIgniter.php on line 941 and exactly 1 expected
in APPPATH\Controllers\Login.php on line 26.
 1 SYSTEMPATH\CodeIgniter.php(941): App\Controllers\Login->newpass()
 2 SYSTEMPATH\CodeIgniter.php(502): CodeIgniter\CodeIgniter->runController(Object(App\Controllers\Login))
 3 SYSTEMPATH\CodeIgniter.php(361): CodeIgniter\CodeIgniter->handleRequest(null, Object(Config\Cache), false)
 4 FCPATH\index.php(79): CodeIgniter\CodeIgniter->run()
CRITICAL - 2024-04-22 17:18:49 --> ArgumentCountError: Too few arguments to function App\Controllers\Login::newpass(), 0 passed in C:\Users\vinic\OneDrive\Área de Trabalho\Trabalhos\Pix Catalogo\catalogo.pixcatalogo.com.br\catalogo.pixcatalogo.com.br\vendor\codeigniter4\framework\system\CodeIgniter.php on line 941 and exactly 1 expected
in APPPATH\Controllers\Login.php on line 26.
 1 SYSTEMPATH\CodeIgniter.php(941): App\Controllers\Login->newpass()
 2 SYSTEMPATH\CodeIgniter.php(502): CodeIgniter\CodeIgniter->runController(Object(App\Controllers\Login))
 3 SYSTEMPATH\CodeIgniter.php(361): CodeIgniter\CodeIgniter->handleRequest(null, Object(Config\Cache), false)
 4 FCPATH\index.php(79): CodeIgniter\CodeIgniter->run()
CRITICAL - 2024-04-22 17:19:35 --> ArgumentCountError: Too few arguments to function App\Controllers\Login::newpass(), 0 passed in C:\Users\vinic\OneDrive\Área de Trabalho\Trabalhos\Pix Catalogo\catalogo.pixcatalogo.com.br\catalogo.pixcatalogo.com.br\vendor\codeigniter4\framework\system\CodeIgniter.php on line 941 and exactly 1 expected
in APPPATH\Controllers\Login.php on line 26.
 1 SYSTEMPATH\CodeIgniter.php(941): App\Controllers\Login->newpass()
 2 SYSTEMPATH\CodeIgniter.php(502): CodeIgniter\CodeIgniter->runController(Object(App\Controllers\Login))
 3 SYSTEMPATH\CodeIgniter.php(361): CodeIgniter\CodeIgniter->handleRequest(null, Object(Config\Cache), false)
 4 FCPATH\index.php(79): CodeIgniter\CodeIgniter->run()
INFO - 2024-04-22 17:21:47 --> Session: Class initialized using 'CodeIgniter\Session\Handlers\FileHandler' driver.
INFO - 2024-04-22 17:21:47 --> Session: Class initialized using 'CodeIgniter\Session\Handlers\FileHandler' driver.
INFO - 2024-04-22 17:25:41 --> Session: Class initialized using 'CodeIgniter\Session\Handlers\FileHandler' driver.
INFO - 2024-04-22 17:25:42 --> Session: Class initialized using 'CodeIgniter\Session\Handlers\FileHandler' driver.
INFO - 2024-04-22 17:25:53 --> Session: Class initialized using 'CodeIgniter\Session\Handlers\FileHandler' driver.
INFO - 2024-04-22 17:27:20 --> Session: Class initialized using 'CodeIgniter\Session\Handlers\FileHandler' driver.
INFO - 2024-04-22 17:27:20 --> Session: Class initialized using 'CodeIgniter\Session\Handlers\FileHandler' driver.
INFO - 2024-04-22 17:27:31 --> Session: Class initialized using 'CodeIgniter\Session\Handlers\FileHandler' driver.
INFO - 2024-04-22 17:27:37 --> Session: Class initialized using 'CodeIgniter\Session\Handlers\FileHandler' driver.
INFO - 2024-04-22 17:27:42 --> Session: Class initialized using 'CodeIgniter\Session\Handlers\FileHandler' driver.
INFO - 2024-04-22 17:27:43 --> Session: Class initialized using 'CodeIgniter\Session\Handlers\FileHandler' driver.
INFO - 2024-04-22 17:34:39 --> Session: Class initialized using 'CodeIgniter\Session\Handlers\FileHandler' driver.
INFO - 2024-04-22 17:34:56 --> Session: Class initialized using 'CodeIgniter\Session\Handlers\FileHandler' driver.
INFO - 2024-04-22 18:09:04 --> Session: Class initialized using 'CodeIgniter\Session\Handlers\FileHandler' driver.
INFO - 2024-04-22 18:09:04 --> Session: Class initialized using 'CodeIgniter\Session\Handlers\FileHandler' driver.
INFO - 2024-04-22 18:09:16 --> Session: Class initialized using 'CodeIgniter\Session\Handlers\FileHandler' driver.
INFO - 2024-04-22 18:09:19 --> Session: Class initialized using 'CodeIgniter\Session\Handlers\FileHandler' driver.
INFO - 2024-04-22 18:09:21 --> Session: Class initialized using 'CodeIgniter\Session\Handlers\FileHandler' driver.
INFO - 2024-04-22 18:16:53 --> Session: Class initialized using 'CodeIgniter\Session\Handlers\FileHandler' driver.
INFO - 2024-04-22 18:17:30 --> Session: Class initialized using 'CodeIgniter\Session\Handlers\FileHandler' driver.
INFO - 2024-04-22 18:17:34 --> Session: Class initialized using 'CodeIgniter\Session\Handlers\FileHandler' driver.
INFO - 2024-04-22 18:17:36 --> Session: Class initialized using 'CodeIgniter\Session\Handlers\FileHandler' driver.
INFO - 2024-04-22 18:21:00 --> Session: Class initialized using 'CodeIgniter\Session\Handlers\FileHandler' driver.
INFO - 2024-04-22 18:48:06 --> Session: Class initialized using 'CodeIgniter\Session\Handlers\FileHandler' driver.
INFO - 2024-04-22 18:48:17 --> Session: Class initialized using 'CodeIgniter\Session\Handlers\FileHandler' driver.
CRITICAL - 2024-04-22 19:00:23 --> ErrorException: Undefined array key "email"
in APPPATH\Controllers\Lead.php on line 30.
 1 APPPATH\Controllers\Lead.php(30): CodeIgniter\Debug\Exceptions->errorHandler(2, 'Undefined array key "email"', 'C:\\Users\\vinic\\OneDrive\\Área de Trabalho\\Trabalhos\\Pix Catalogo\\catalogo.pixcatalogo.com.br\\catalogo.pixcatalogo.com.br\\app\\Controllers\\Lead.php', 30)
 2 SYSTEMPATH\CodeIgniter.php(941): App\Controllers\Lead->logar()
 3 SYSTEMPATH\CodeIgniter.php(502): CodeIgniter\CodeIgniter->runController(Object(App\Controllers\Lead))
 4 SYSTEMPATH\CodeIgniter.php(361): CodeIgniter\CodeIgniter->handleRequest(null, Object(Config\Cache), false)
 5 FCPATH\index.php(79): CodeIgniter\CodeIgniter->run()
CRITICAL - 2024-04-22 19:03:30 --> TypeError: Cannot access offset of type string on string
in APPPATH\Controllers\Lead.php on line 29.
 1 SYSTEMPATH\CodeIgniter.php(941): App\Controllers\Lead->logar()
 2 SYSTEMPATH\CodeIgniter.php(502): CodeIgniter\CodeIgniter->runController(Object(App\Controllers\Lead))
 3 SYSTEMPATH\CodeIgniter.php(361): CodeIgniter\CodeIgniter->handleRequest(null, Object(Config\Cache), false)
 4 FCPATH\index.php(79): CodeIgniter\CodeIgniter->run()
CRITICAL - 2024-04-22 19:04:11 --> TypeError: Cannot access offset of type string on string
in APPPATH\Controllers\Lead.php on line 31.
 1 SYSTEMPATH\CodeIgniter.php(941): App\Controllers\Lead->logar()
 2 SYSTEMPATH\CodeIgniter.php(502): CodeIgniter\CodeIgniter->runController(Object(App\Controllers\Lead))
 3 SYSTEMPATH\CodeIgniter.php(361): CodeIgniter\CodeIgniter->handleRequest(null, Object(Config\Cache), false)
 4 FCPATH\index.php(79): CodeIgniter\CodeIgniter->run()
CRITICAL - 2024-04-22 19:06:13 --> Error: Cannot use object of type CodeIgniter\HTTP\Response as array
in APPPATH\Controllers\Lead.php on line 32.
 1 SYSTEMPATH\CodeIgniter.php(941): App\Controllers\Lead->logar()
 2 SYSTEMPATH\CodeIgniter.php(502): CodeIgniter\CodeIgniter->runController(Object(App\Controllers\Lead))
 3 SYSTEMPATH\CodeIgniter.php(361): CodeIgniter\CodeIgniter->handleRequest(null, Object(Config\Cache), false)
 4 FCPATH\index.php(79): CodeIgniter\CodeIgniter->run()
CRITICAL - 2024-04-22 19:06:32 --> Error: Cannot use object of type stdClass as array
in APPPATH\Controllers\Lead.php on line 31.
 1 SYSTEMPATH\CodeIgniter.php(941): App\Controllers\Lead->logar()
 2 SYSTEMPATH\CodeIgniter.php(502): CodeIgniter\CodeIgniter->runController(Object(App\Controllers\Lead))
 3 SYSTEMPATH\CodeIgniter.php(361): CodeIgniter\CodeIgniter->handleRequest(null, Object(Config\Cache), false)
 4 FCPATH\index.php(79): CodeIgniter\CodeIgniter->run()
CRITICAL - 2024-04-22 19:07:00 --> Error: Cannot use object of type stdClass as array
in APPPATH\Controllers\Lead.php on line 31.
 1 SYSTEMPATH\CodeIgniter.php(941): App\Controllers\Lead->logar()
 2 SYSTEMPATH\CodeIgniter.php(502): CodeIgniter\CodeIgniter->runController(Object(App\Controllers\Lead))
 3 SYSTEMPATH\CodeIgniter.php(361): CodeIgniter\CodeIgniter->handleRequest(null, Object(Config\Cache), false)
 4 FCPATH\index.php(79): CodeIgniter\CodeIgniter->run()
INFO - 2024-04-22 19:36:53 --> Session: Class initialized using 'CodeIgniter\Session\Handlers\FileHandler' driver.
INFO - 2024-04-22 20:40:14 --> Session: Class initialized using 'CodeIgniter\Session\Handlers\FileHandler' driver.
INFO - 2024-04-22 20:40:19 --> Session: Class initialized using 'CodeIgniter\Session\Handlers\FileHandler' driver.
INFO - 2024-04-22 20:40:40 --> Session: Class initialized using 'CodeIgniter\Session\Handlers\FileHandler' driver.
INFO - 2024-04-22 20:40:44 --> Session: Class initialized using 'CodeIgniter\Session\Handlers\FileHandler' driver.
INFO - 2024-04-22 20:40:46 --> Session: Class initialized using 'CodeIgniter\Session\Handlers\FileHandler' driver.
